<<<<<<< HEAD
[ 2016-03-02T11:22:10+08:00 ] 127.0.0.1 /index.php
INFO: [ app_init ] --START--
INFO: Run Behavior\BuildLiteBehavior [ RunTime:0.000070s ]
INFO: [ app_init ] --END-- [ RunTime:0.002968s ]
INFO: [ app_begin ] --START--
INFO: Run Behavior\ReadHtmlCacheBehavior [ RunTime:0.001380s ]
INFO: [ app_begin ] --END-- [ RunTime:0.001711s ]
SQL: SHOW COLUMNS FROM `tp_article` [ RunTime:0.0086s ]
SQL: SHOW COLUMNS FROM `tp_program` [ RunTime:0.0110s ]
SQL: SELECT a.art_id,a.art_title,a.art_purl,a.art_description,a.art_writer,a.art_topid,a.art_click,a.art_source,a.art_time,p.pro_name FROM tp_article a left join tp_program p on a.art_topid=p.pro_id  WHERE ( a.art_topid>0 ) ORDER BY art_id desc LIMIT 5   [ RunTime:0.0010s ]
SQL: SELECT `pro_id`,`pro_name`,`pro_url` FROM `tp_program` WHERE ( pro_topid=1 )  [ RunTime:0.0011s ]
SQL: SELECT `pro_id`,`pro_name`,`pro_url` FROM `tp_program` WHERE ( pro_topid=2 )  [ RunTime:0.0005s ]
SQL: SELECT `art_id`,`art_title` FROM `tp_article` WHERE `art_topid` IN ('3','4','5','6') ORDER BY art_id desc LIMIT 5   [ RunTime:0.0007s ]
SQL: SELECT `art_id`,`art_title` FROM `tp_article` WHERE `art_topid` IN ('7','8','9','10') ORDER BY art_id desc LIMIT 5   [ RunTime:0.0006s ]
INFO: [ view_parse ] --START--
INFO: [ template_filter ] --START--
INFO: Run Behavior\ContentReplaceBehavior [ RunTime:0.000231s ]
INFO: [ template_filter ] --END-- [ RunTime:0.000517s ]
INFO: Run Behavior\ParseTemplateBehavior [ RunTime:0.044798s ]
INFO: [ view_parse ] --END-- [ RunTime:0.045128s ]
INFO: [ view_filter ] --START--
INFO: Run Behavior\WriteHtmlCacheBehavior [ RunTime:0.000945s ]
INFO: [ view_filter ] --END-- [ RunTime:0.001227s ]
INFO: [ app_end ] --START--
INFO: Run Behavior\ShowPageTraceBehavior [ RunTime:0.001432s ]
INFO: [ app_end ] --END-- [ RunTime:0.001734s ]

[ 2016-03-02T12:39:35+08:00 ] 127.0.0.1 /index.php/index/program/p/1.html
INFO: [ app_init ] --START--
INFO: Run Behavior\BuildLiteBehavior [ RunTime:0.000068s ]
INFO: [ app_init ] --END-- [ RunTime:0.001398s ]
INFO: [ app_begin ] --START--
INFO: Run Behavior\ReadHtmlCacheBehavior [ RunTime:0.001506s ]
INFO: [ app_begin ] --END-- [ RunTime:0.001855s ]
SQL: SHOW COLUMNS FROM `tp_article` [ RunTime:0.0126s ]
SQL: SHOW COLUMNS FROM `tp_program` [ RunTime:0.0103s ]
SQL: SELECT `pro_url` FROM `tp_program` WHERE ( pro_id=1 ) LIMIT 1   [ RunTime:0.0008s ]
SQL: SELECT `pro_name` FROM `tp_program` WHERE ( pro_id=1 ) LIMIT 1   [ RunTime:0.0008s ]
NOTIC: [8] Undefined index: u E:\www\mynote2\Application\Home\Controller\IndexController.class.php 第 244 行.
SQL: SELECT `pro_id`,`pro_name`,`pro_url` FROM `tp_program` WHERE ( pro_topid=1 )  [ RunTime:0.0009s ]
SQL: SELECT COUNT(*) AS tp_count FROM `tp_article` WHERE `art_topid` IN ('3','4','5','6') LIMIT 1   [ RunTime:0.0009s ]
SQL: SELECT a.art_id,a.art_purl,a.art_title,a.art_description,a.art_writer,a.art_topid,a.art_click,a.art_source,a.art_time,p.pro_name FROM tp_article a left join tp_program p on a.art_topid=p.pro_id  WHERE `pro_id` IN ('3','4','5','6') ORDER BY art_id desc LIMIT 0,3   [ RunTime:0.0032s ]
SQL: SELECT `art_id`,`art_title` FROM `tp_article` WHERE `art_topid` IN ('3','4','5','6') ORDER BY art_click LIMIT 5   [ RunTime:0.0010s ]
SQL: SELECT `art_id`,`art_title` FROM `tp_article` WHERE `art_topid` IN ('3','4','5','6') AND ( art_recommend=1 ) ORDER BY art_click LIMIT 5   [ RunTime:0.0010s ]
SQL: SELECT `pro_name` FROM `tp_program` WHERE ( pro_url='program' ) LIMIT 1   [ RunTime:0.0135s ]
INFO: [ view_parse ] --START--
INFO: [ template_filter ] --START--
INFO: Run Behavior\ContentReplaceBehavior [ RunTime:0.000391s ]
INFO: [ template_filter ] --END-- [ RunTime:0.000711s ]
INFO: Run Behavior\ParseTemplateBehavior [ RunTime:0.045814s ]
INFO: [ view_parse ] --END-- [ RunTime:0.046163s ]
INFO: [ view_filter ] --START--
INFO: Run Behavior\WriteHtmlCacheBehavior [ RunTime:0.001417s ]
INFO: [ view_filter ] --END-- [ RunTime:0.001868s ]
INFO: [ app_end ] --START--
INFO: Run Behavior\ShowPageTraceBehavior [ RunTime:0.001450s ]
INFO: [ app_end ] --END-- [ RunTime:0.001758s ]

[ 2016-03-02T12:50:55+08:00 ] 127.0.0.1 /index.php/index/fitness/p/1.html
INFO: [ app_init ] --START--
INFO: Run Behavior\BuildLiteBehavior [ RunTime:0.000067s ]
INFO: [ app_init ] --END-- [ RunTime:0.001327s ]
INFO: [ app_begin ] --START--
INFO: Run Behavior\ReadHtmlCacheBehavior [ RunTime:0.002057s ]
INFO: [ app_begin ] --END-- [ RunTime:0.002531s ]
SQL: SHOW COLUMNS FROM `tp_article` [ RunTime:0.0086s ]
SQL: SHOW COLUMNS FROM `tp_program` [ RunTime:0.0094s ]
SQL: SELECT `pro_url` FROM `tp_program` WHERE ( pro_id=2 ) LIMIT 1   [ RunTime:0.0009s ]
SQL: SELECT `pro_name` FROM `tp_program` WHERE ( pro_id=2 ) LIMIT 1   [ RunTime:0.0021s ]
NOTIC: [8] Undefined index: u E:\www\mynote2\Application\Home\Controller\IndexController.class.php 第 244 行.
SQL: SELECT `pro_id`,`pro_name`,`pro_url` FROM `tp_program` WHERE ( pro_topid=2 )  [ RunTime:0.0010s ]
SQL: SELECT COUNT(*) AS tp_count FROM `tp_article` WHERE `art_topid` IN ('7','8','9','10') LIMIT 1   [ RunTime:0.0011s ]
SQL: SELECT a.art_id,a.art_purl,a.art_title,a.art_description,a.art_writer,a.art_topid,a.art_click,a.art_source,a.art_time,p.pro_name FROM tp_article a left join tp_program p on a.art_topid=p.pro_id  WHERE `pro_id` IN ('7','8','9','10') ORDER BY art_id desc LIMIT 0,3   [ RunTime:0.0016s ]
SQL: SELECT `art_id`,`art_title` FROM `tp_article` WHERE `art_topid` IN ('7','8','9','10') ORDER BY art_click LIMIT 5   [ RunTime:0.0009s ]
SQL: SELECT `art_id`,`art_title` FROM `tp_article` WHERE `art_topid` IN ('7','8','9','10') AND ( art_recommend=1 ) ORDER BY art_click LIMIT 5   [ RunTime:0.0010s ]
SQL: SELECT `pro_name` FROM `tp_program` WHERE ( pro_url='fitness' ) LIMIT 1   [ RunTime:0.0037s ]
INFO: [ view_parse ] --START--
INFO: [ template_filter ] --START--
INFO: Run Behavior\ContentReplaceBehavior [ RunTime:0.000513s ]
INFO: [ template_filter ] --END-- [ RunTime:0.001915s ]
INFO: Run Behavior\ParseTemplateBehavior [ RunTime:0.047083s ]
INFO: [ view_parse ] --END-- [ RunTime:0.047564s ]
INFO: [ view_filter ] --START--
INFO: Run Behavior\WriteHtmlCacheBehavior [ RunTime:0.002726s ]
INFO: [ view_filter ] --END-- [ RunTime:0.003045s ]
INFO: [ app_end ] --START--
INFO: Run Behavior\ShowPageTraceBehavior [ RunTime:0.001607s ]
INFO: [ app_end ] --END-- [ RunTime:0.001918s ]

[ 2016-03-02T12:51:13+08:00 ] 127.0.0.1 /index.php/Index/fitness/p/2.html
INFO: [ app_init ] --START--
INFO: Run Behavior\BuildLiteBehavior [ RunTime:0.000069s ]
INFO: [ app_init ] --END-- [ RunTime:0.001362s ]
INFO: [ app_begin ] --START--
INFO: Run Behavior\ReadHtmlCacheBehavior [ RunTime:0.001662s ]
INFO: [ app_begin ] --END-- [ RunTime:0.001996s ]
SQL: SHOW COLUMNS FROM `tp_article` [ RunTime:0.0085s ]
SQL: SHOW COLUMNS FROM `tp_program` [ RunTime:0.0101s ]
SQL: SELECT `pro_url` FROM `tp_program` WHERE ( pro_id=2 ) LIMIT 1   [ RunTime:0.0009s ]
SQL: SELECT `pro_name` FROM `tp_program` WHERE ( pro_id=2 ) LIMIT 1   [ RunTime:0.0010s ]
NOTIC: [8] Undefined index: u E:\www\mynote2\Application\Home\Controller\IndexController.class.php 第 244 行.
SQL: SELECT `pro_id`,`pro_name`,`pro_url` FROM `tp_program` WHERE ( pro_topid=2 )  [ RunTime:0.0009s ]
SQL: SELECT COUNT(*) AS tp_count FROM `tp_article` WHERE `art_topid` IN ('7','8','9','10') LIMIT 1   [ RunTime:0.0010s ]
SQL: SELECT a.art_id,a.art_purl,a.art_title,a.art_description,a.art_writer,a.art_topid,a.art_click,a.art_source,a.art_time,p.pro_name FROM tp_article a left join tp_program p on a.art_topid=p.pro_id  WHERE `pro_id` IN ('7','8','9','10') ORDER BY art_id desc LIMIT 3,3   [ RunTime:0.0020s ]
SQL: SELECT `art_id`,`art_title` FROM `tp_article` WHERE `art_topid` IN ('7','8','9','10') ORDER BY art_click LIMIT 5   [ RunTime:0.0010s ]
SQL: SELECT `art_id`,`art_title` FROM `tp_article` WHERE `art_topid` IN ('7','8','9','10') AND ( art_recommend=1 ) ORDER BY art_click LIMIT 5   [ RunTime:0.0018s ]
SQL: SELECT `pro_name` FROM `tp_program` WHERE ( pro_url='fitness' ) LIMIT 1   [ RunTime:0.0010s ]
INFO: [ view_parse ] --START--
INFO: [ template_filter ] --START--
INFO: Run Behavior\ContentReplaceBehavior [ RunTime:0.000290s ]
INFO: [ template_filter ] --END-- [ RunTime:0.002475s ]
INFO: Run Behavior\ParseTemplateBehavior [ RunTime:0.062244s ]
INFO: [ view_parse ] --END-- [ RunTime:0.062578s ]
INFO: [ view_filter ] --START--
INFO: Run Behavior\WriteHtmlCacheBehavior [ RunTime:0.001118s ]
INFO: [ view_filter ] --END-- [ RunTime:0.001414s ]
INFO: [ app_end ] --START--
INFO: Run Behavior\ShowPageTraceBehavior [ RunTime:0.001613s ]
INFO: [ app_end ] --END-- [ RunTime:0.001907s ]

[ 2016-03-02T14:17:03+08:00 ] 127.0.0.1 /index.php/index/program/p/1.html
INFO: [ app_init ] --START--
INFO: Run Behavior\BuildLiteBehavior [ RunTime:0.000065s ]
INFO: [ app_init ] --END-- [ RunTime:0.001138s ]
INFO: [ app_begin ] --START--
INFO: Run Behavior\ReadHtmlCacheBehavior [ RunTime:0.001378s ]
INFO: [ app_begin ] --END-- [ RunTime:0.001716s ]
SQL: SHOW COLUMNS FROM `tp_article` [ RunTime:0.0117s ]
SQL: SHOW COLUMNS FROM `tp_program` [ RunTime:0.0107s ]
SQL: SELECT `pro_url` FROM `tp_program` WHERE ( pro_id=1 ) LIMIT 1   [ RunTime:0.0007s ]
SQL: SELECT `pro_name` FROM `tp_program` WHERE ( pro_id=1 ) LIMIT 1   [ RunTime:0.0008s ]
NOTIC: [8] Undefined index: u E:\www\mynote2\Application\Home\Controller\IndexController.class.php 第 244 行.
SQL: SELECT `pro_id`,`pro_name`,`pro_url` FROM `tp_program` WHERE ( pro_topid=1 )  [ RunTime:0.0009s ]
SQL: SELECT COUNT(*) AS tp_count FROM `tp_article` WHERE `art_topid` IN ('3','4','5','6') LIMIT 1   [ RunTime:0.0015s ]
SQL: SELECT a.art_id,a.art_purl,a.art_title,a.art_description,a.art_writer,a.art_topid,a.art_click,a.art_source,a.art_time,p.pro_name FROM tp_article a left join tp_program p on a.art_topid=p.pro_id  WHERE `pro_id` IN ('3','4','5','6') ORDER BY art_id desc LIMIT 0,3   [ RunTime:0.0014s ]
SQL: SELECT `art_id`,`art_title` FROM `tp_article` WHERE `art_topid` IN ('3','4','5','6') ORDER BY art_click LIMIT 5   [ RunTime:0.0008s ]
SQL: SELECT `art_id`,`art_title` FROM `tp_article` WHERE `art_topid` IN ('3','4','5','6') AND ( art_recommend=1 ) ORDER BY art_click LIMIT 5   [ RunTime:0.0011s ]
SQL: SELECT `pro_name` FROM `tp_program` WHERE ( pro_url='program' ) LIMIT 1   [ RunTime:0.0009s ]
INFO: [ view_parse ] --START--
INFO: [ template_filter ] --START--
INFO: Run Behavior\ContentReplaceBehavior [ RunTime:0.000249s ]
INFO: [ template_filter ] --END-- [ RunTime:0.000542s ]
INFO: Run Behavior\ParseTemplateBehavior [ RunTime:0.045251s ]
INFO: [ view_parse ] --END-- [ RunTime:0.045604s ]
INFO: [ view_filter ] --START--
INFO: Run Behavior\WriteHtmlCacheBehavior [ RunTime:0.000992s ]
INFO: [ view_filter ] --END-- [ RunTime:0.001280s ]
INFO: [ app_end ] --START--
INFO: Run Behavior\ShowPageTraceBehavior [ RunTime:0.001701s ]
INFO: [ app_end ] --END-- [ RunTime:0.003901s ]

[ 2016-03-02T14:18:08+08:00 ] 127.0.0.1 /index.php/index/program/p/1.html
INFO: [ app_init ] --START--
INFO: Run Behavior\BuildLiteBehavior [ RunTime:0.000068s ]
INFO: [ app_init ] --END-- [ RunTime:0.003408s ]
INFO: [ app_begin ] --START--
INFO: Run Behavior\ReadHtmlCacheBehavior [ RunTime:0.001419s ]
INFO: [ app_begin ] --END-- [ RunTime:0.001838s ]
SQL: SHOW COLUMNS FROM `tp_article` [ RunTime:0.0080s ]
SQL: SHOW COLUMNS FROM `tp_program` [ RunTime:0.0092s ]
SQL: SELECT `pro_url` FROM `tp_program` WHERE ( pro_id=1 ) LIMIT 1   [ RunTime:0.0007s ]
SQL: SELECT `pro_name` FROM `tp_program` WHERE ( pro_id=1 ) LIMIT 1   [ RunTime:0.0004s ]
NOTIC: [8] Undefined index: u E:\www\mynote2\Application\Home\Controller\IndexController.class.php 第 244 行.
SQL: SELECT `pro_id`,`pro_name`,`pro_url` FROM `tp_program` WHERE ( pro_topid=1 )  [ RunTime:0.0004s ]
SQL: SELECT COUNT(*) AS tp_count FROM `tp_article` WHERE `art_topid` IN ('3','4','5','6') LIMIT 1   [ RunTime:0.0009s ]
SQL: SELECT a.art_id,a.art_purl,a.art_title,a.art_description,a.art_writer,a.art_topid,a.art_click,a.art_source,a.art_time,p.pro_name FROM tp_article a left join tp_program p on a.art_topid=p.pro_id  WHERE `pro_id` IN ('3','4','5','6') ORDER BY art_id desc LIMIT 0,3   [ RunTime:0.0014s ]
SQL: SELECT `art_id`,`art_title` FROM `tp_article` WHERE `art_topid` IN ('3','4','5','6') ORDER BY art_click LIMIT 5   [ RunTime:0.0007s ]
SQL: SELECT `art_id`,`art_title` FROM `tp_article` WHERE `art_topid` IN ('3','4','5','6') AND ( art_recommend=1 ) ORDER BY art_click LIMIT 5   [ RunTime:0.0007s ]
SQL: SELECT `pro_name` FROM `tp_program` WHERE ( pro_url='program' ) LIMIT 1   [ RunTime:0.0004s ]
INFO: [ view_parse ] --START--
INFO: [ template_filter ] --START--
INFO: Run Behavior\ContentReplaceBehavior [ RunTime:0.000253s ]
INFO: [ template_filter ] --END-- [ RunTime:0.000543s ]
INFO: Run Behavior\ParseTemplateBehavior [ RunTime:0.040942s ]
INFO: [ view_parse ] --END-- [ RunTime:0.041273s ]
INFO: [ view_filter ] --START--
INFO: Run Behavior\WriteHtmlCacheBehavior [ RunTime:0.001352s ]
INFO: [ view_filter ] --END-- [ RunTime:0.001647s ]
INFO: [ app_end ] --START--
INFO: Run Behavior\ShowPageTraceBehavior [ RunTime:0.002076s ]
INFO: [ app_end ] --END-- [ RunTime:0.002372s ]

[ 2016-03-02T15:07:10+08:00 ] 127.0.0.1 /index.php/index/program/u/php/p/1.html
INFO: [ app_init ] --START--
INFO: Run Behavior\BuildLiteBehavior [ RunTime:0.000067s ]
INFO: [ app_init ] --END-- [ RunTime:0.001223s ]
INFO: [ app_begin ] --START--
INFO: Run Behavior\ReadHtmlCacheBehavior [ RunTime:0.001435s ]
INFO: [ app_begin ] --END-- [ RunTime:0.001751s ]
SQL: SHOW COLUMNS FROM `tp_article` [ RunTime:0.0096s ]
SQL: SHOW COLUMNS FROM `tp_program` [ RunTime:0.0090s ]
SQL: SELECT `pro_url` FROM `tp_program` WHERE ( pro_id=1 ) LIMIT 1   [ RunTime:0.0007s ]
SQL: SELECT `pro_name` FROM `tp_program` WHERE ( pro_id=1 ) LIMIT 1   [ RunTime:0.0010s ]
SQL: SELECT `pro_id`,`pro_name`,`pro_url` FROM `tp_program` WHERE ( pro_topid=1 ) ORDER BY pro_id  [ RunTime:0.0014s ]
SQL: SELECT COUNT(*) AS tp_count FROM `tp_article` WHERE ( art_topid=3 ) LIMIT 1   [ RunTime:0.0008s ]
SQL: SELECT a.art_id,a.art_title,a.art_purl,a.art_description,a.art_writer,a.art_topid,a.art_click,a.art_source,a.art_time,p.pro_name FROM tp_article a left join tp_program p on a.art_topid=p.pro_id  WHERE ( art_topid=3 ) ORDER BY art_id desc LIMIT 0,3   [ RunTime:0.0012s ]
SQL: SELECT `art_id`,`art_title` FROM `tp_article` WHERE ( art_topid=3 ) ORDER BY art_click LIMIT 5   [ RunTime:0.0005s ]
SQL: SELECT `art_id`,`art_title` FROM `tp_article` WHERE ( art_topid=3 and art_recommend=1 ) ORDER BY art_click LIMIT 5   [ RunTime:0.0005s ]
SQL: SELECT `pro_name` FROM `tp_program` WHERE ( pro_url='program' ) LIMIT 1   [ RunTime:0.0004s ]
SQL: SELECT `pro_name` FROM `tp_program` WHERE ( pro_url='php' ) LIMIT 1   [ RunTime:0.0004s ]
INFO: [ view_parse ] --START--
INFO: [ template_filter ] --START--
INFO: Run Behavior\ContentReplaceBehavior [ RunTime:0.000241s ]
INFO: [ template_filter ] --END-- [ RunTime:0.000521s ]
INFO: Run Behavior\ParseTemplateBehavior [ RunTime:0.038874s ]
INFO: [ view_parse ] --END-- [ RunTime:0.039304s ]
INFO: [ view_filter ] --START--
INFO: Run Behavior\WriteHtmlCacheBehavior [ RunTime:0.001047s ]
INFO: [ view_filter ] --END-- [ RunTime:0.001331s ]
INFO: [ app_end ] --START--
INFO: Run Behavior\ShowPageTraceBehavior [ RunTime:0.001484s ]
INFO: [ app_end ] --END-- [ RunTime:0.001774s ]

[ 2016-03-02T16:20:10+08:00 ] 127.0.0.1 /index.php/index/fitness/p/1.html
INFO: [ app_init ] --START--
INFO: Run Behavior\BuildLiteBehavior [ RunTime:0.000067s ]
INFO: [ app_init ] --END-- [ RunTime:0.001177s ]
INFO: [ app_begin ] --START--
INFO: Run Behavior\ReadHtmlCacheBehavior [ RunTime:0.001860s ]
INFO: [ app_begin ] --END-- [ RunTime:0.002914s ]
SQL: SHOW COLUMNS FROM `tp_article` [ RunTime:0.0125s ]
SQL: SHOW COLUMNS FROM `tp_program` [ RunTime:0.0079s ]
SQL: SELECT `pro_url` FROM `tp_program` WHERE ( pro_id=2 ) LIMIT 1   [ RunTime:0.0008s ]
SQL: SELECT `pro_name` FROM `tp_program` WHERE ( pro_id=2 ) LIMIT 1   [ RunTime:0.0009s ]
NOTIC: [8] Undefined index: u E:\www\mynote2\Application\Home\Controller\IndexController.class.php 第 244 行.
SQL: SELECT `pro_id`,`pro_name`,`pro_url` FROM `tp_program` WHERE ( pro_topid=2 )  [ RunTime:0.0020s ]
SQL: SELECT COUNT(*) AS tp_count FROM `tp_article` WHERE `art_topid` IN ('7','8','9','10') LIMIT 1   [ RunTime:0.0009s ]
SQL: SELECT a.art_id,a.art_purl,a.art_title,a.art_description,a.art_writer,a.art_topid,a.art_click,a.art_source,a.art_time,p.pro_name FROM tp_article a left join tp_program p on a.art_topid=p.pro_id  WHERE `pro_id` IN ('7','8','9','10') ORDER BY art_id desc LIMIT 0,3   [ RunTime:0.0016s ]
SQL: SELECT `art_id`,`art_title` FROM `tp_article` WHERE `art_topid` IN ('7','8','9','10') ORDER BY art_click LIMIT 5   [ RunTime:0.0009s ]
SQL: SELECT `art_id`,`art_title` FROM `tp_article` WHERE `art_topid` IN ('7','8','9','10') AND ( art_recommend=1 ) ORDER BY art_click LIMIT 5   [ RunTime:0.0015s ]
SQL: SELECT `pro_name` FROM `tp_program` WHERE ( pro_url='fitness' ) LIMIT 1   [ RunTime:0.0010s ]
INFO: [ view_parse ] --START--
INFO: [ template_filter ] --START--
INFO: Run Behavior\ContentReplaceBehavior [ RunTime:0.000247s ]
INFO: [ template_filter ] --END-- [ RunTime:0.000544s ]
INFO: Run Behavior\ParseTemplateBehavior [ RunTime:0.083267s ]
INFO: [ view_parse ] --END-- [ RunTime:0.083690s ]
INFO: [ view_filter ] --START--
INFO: Run Behavior\WriteHtmlCacheBehavior [ RunTime:0.001199s ]
INFO: [ view_filter ] --END-- [ RunTime:0.001491s ]
INFO: [ app_end ] --START--
INFO: Run Behavior\ShowPageTraceBehavior [ RunTime:0.001437s ]
INFO: [ app_end ] --END-- [ RunTime:0.001734s ]
=======
[ 2016-03-02T00:52:12+08:00 ] 127.0.0.1 /
INFO: [ app_init ] --START--
INFO: Run Behavior\BuildLiteBehavior [ RunTime:0.000039s ]
INFO: [ app_init ] --END-- [ RunTime:0.000839s ]
INFO: [ app_begin ] --START--
INFO: Run Behavior\ReadHtmlCacheBehavior [ RunTime:0.001085s ]
INFO: [ app_begin ] --END-- [ RunTime:0.001266s ]
SQL: SHOW COLUMNS FROM `tp_article` [ RunTime:0.0071s ]
SQL: SHOW COLUMNS FROM `tp_program` [ RunTime:0.0063s ]
SQL: SELECT a.art_id,a.art_title,a.art_purl,a.art_description,a.art_writer,a.art_topid,a.art_click,a.art_source,a.art_time,p.pro_name FROM tp_article a left join tp_program p on a.art_topid=p.pro_id  WHERE ( a.art_topid>0 ) ORDER BY art_id desc LIMIT 5   [ RunTime:0.0008s ]
SQL: SELECT `pro_id`,`pro_name`,`pro_url` FROM `tp_program` WHERE ( pro_topid=1 )  [ RunTime:0.0004s ]
SQL: SELECT `pro_id`,`pro_name`,`pro_url` FROM `tp_program` WHERE ( pro_topid=2 )  [ RunTime:0.0004s ]
SQL: SELECT `art_id`,`art_title` FROM `tp_article` WHERE `art_topid` IN ('19','20','21','22') ORDER BY art_id desc LIMIT 5   [ RunTime:0.0005s ]
SQL: SELECT `art_id`,`art_title` FROM `tp_article` WHERE `art_topid` IN ('24','25','26','27') ORDER BY art_id desc LIMIT 5   [ RunTime:0.0004s ]
INFO: [ view_parse ] --START--
INFO: [ template_filter ] --START--
INFO: Run Behavior\ContentReplaceBehavior [ RunTime:0.000177s ]
INFO: [ template_filter ] --END-- [ RunTime:0.000363s ]
INFO: Run Behavior\ParseTemplateBehavior [ RunTime:0.023336s ]
INFO: [ view_parse ] --END-- [ RunTime:0.023782s ]
INFO: [ view_filter ] --START--
INFO: Run Behavior\WriteHtmlCacheBehavior [ RunTime:0.000965s ]
INFO: [ view_filter ] --END-- [ RunTime:0.001138s ]
INFO: [ app_end ] --START--
INFO: Run Behavior\ShowPageTraceBehavior [ RunTime:0.001107s ]
INFO: [ app_end ] --END-- [ RunTime:0.001285s ]

[ 2016-03-02T00:52:16+08:00 ] 127.0.0.1 /index.php/index/art/id/15.html
INFO: [ app_init ] --START--
INFO: Run Behavior\BuildLiteBehavior [ RunTime:0.000052s ]
INFO: [ app_init ] --END-- [ RunTime:0.001161s ]
INFO: [ app_begin ] --START--
INFO: Run Behavior\ReadHtmlCacheBehavior [ RunTime:0.001655s ]
INFO: [ app_begin ] --END-- [ RunTime:0.001901s ]
SQL: SHOW COLUMNS FROM `tp_article` [ RunTime:0.0084s ]
SQL: SELECT `art_click` FROM `tp_article` WHERE ( art_id=15 ) LIMIT 1   [ RunTime:0.0011s ]
SQL: UPDATE `tp_article` SET `art_click`='92' WHERE ( art_id=15 ) [ RunTime:0.0028s ]
SQL: SELECT * FROM `tp_article` WHERE ( art_id=15 ) LIMIT 1   [ RunTime:0.0007s ]
SQL: SHOW COLUMNS FROM `tp_program` [ RunTime:0.0063s ]
SQL: SELECT `pro_topid` FROM `tp_program` WHERE ( pro_id=19 ) LIMIT 1   [ RunTime:0.0011s ]
SQL: SELECT `pro_url` FROM `tp_program` WHERE ( pro_id=1 ) LIMIT 1   [ RunTime:0.0003s ]
SQL: SELECT `pro_url`,`pro_name` FROM `tp_program` WHERE ( pro_topid=1 )  [ RunTime:0.0004s ]
NOTIC: [8] Undefined index: art_body E:\www\mynote2\Application\Home\Controller\IndexController.class.php 第 136 行.
SQL: SELECT `art_id`,`art_title` FROM `tp_article` WHERE ( art_topid=19 ) ORDER BY art_click LIMIT 5   [ RunTime:0.0016s ]
SQL: SELECT `art_id`,`art_title` FROM `tp_article` WHERE ( art_topid=19 and art_recommend=1 ) ORDER BY art_click LIMIT 5   [ RunTime:0.0059s ]
SQL: SELECT `art_id` FROM `tp_article` WHERE ( art_topid=19 )  [ RunTime:0.0019s ]
NOTIC: [8] Undefined offset: -1 E:\www\mynote2\Application\Home\Controller\IndexController.class.php 第 378 行.
SQL: SELECT `art_title` FROM `tp_article` WHERE ( art_id=5 ) LIMIT 1   [ RunTime:0.0005s ]
SQL: SELECT a.art_topid,p.pro_name,p.pro_url,p.pro_topid FROM tp_article a left join tp_program p on a.art_topid=p.pro_id  WHERE ( art_id=15 ) LIMIT 1   [ RunTime:0.0016s ]
SQL: SELECT `pro_name`,`pro_url` FROM `tp_program` WHERE ( pro_id=1 ) LIMIT 1   [ RunTime:0.0004s ]
INFO: [ view_parse ] --START--
INFO: [ template_filter ] --START--
INFO: Run Behavior\ContentReplaceBehavior [ RunTime:0.000268s ]
INFO: [ template_filter ] --END-- [ RunTime:0.000513s ]
INFO: Run Behavior\ParseTemplateBehavior [ RunTime:0.040508s ]
INFO: [ view_parse ] --END-- [ RunTime:0.040717s ]
INFO: [ view_filter ] --START--
INFO: Run Behavior\WriteHtmlCacheBehavior [ RunTime:0.000719s ]
INFO: [ view_filter ] --END-- [ RunTime:0.000880s ]
INFO: [ app_end ] --START--
INFO: Run Behavior\ShowPageTraceBehavior [ RunTime:0.001034s ]
INFO: [ app_end ] --END-- [ RunTime:0.001201s ]

[ 2016-03-02T00:52:20+08:00 ] 127.0.0.1 /index.php/index/art/id/4/p/1.html
INFO: [ app_init ] --START--
INFO: Run Behavior\BuildLiteBehavior [ RunTime:0.000039s ]
INFO: [ app_init ] --END-- [ RunTime:0.000874s ]
INFO: [ app_begin ] --START--
INFO: Run Behavior\ReadHtmlCacheBehavior [ RunTime:0.001155s ]
INFO: [ app_begin ] --END-- [ RunTime:0.001335s ]
SQL: SHOW COLUMNS FROM `tp_article` [ RunTime:0.0070s ]
SQL: SELECT `art_click` FROM `tp_article` WHERE ( art_id=4 ) LIMIT 1   [ RunTime:0.0006s ]
SQL: UPDATE `tp_article` SET `art_click`='88' WHERE ( art_id=4 ) [ RunTime:0.0006s ]
SQL: SELECT * FROM `tp_article` WHERE ( art_id=4 ) LIMIT 1   [ RunTime:0.0004s ]
SQL: SHOW COLUMNS FROM `tp_program` [ RunTime:0.0059s ]
SQL: SELECT `pro_topid` FROM `tp_program` WHERE ( pro_id=19 ) LIMIT 1   [ RunTime:0.0008s ]
SQL: SELECT `pro_url` FROM `tp_program` WHERE ( pro_id=1 ) LIMIT 1   [ RunTime:0.0005s ]
SQL: SELECT `pro_url`,`pro_name` FROM `tp_program` WHERE ( pro_topid=1 )  [ RunTime:0.0004s ]
NOTIC: [8] Undefined index: art_body E:\www\mynote2\Application\Home\Controller\IndexController.class.php 第 136 行.
SQL: SELECT `art_id`,`art_title` FROM `tp_article` WHERE ( art_topid=19 ) ORDER BY art_click LIMIT 5   [ RunTime:0.0005s ]
SQL: SELECT `art_id`,`art_title` FROM `tp_article` WHERE ( art_topid=19 and art_recommend=1 ) ORDER BY art_click LIMIT 5   [ RunTime:0.0004s ]
SQL: SELECT `art_id` FROM `tp_article` WHERE ( art_topid=19 )  [ RunTime:0.0003s ]
SQL: SELECT `art_title` FROM `tp_article` WHERE ( art_id=3 ) LIMIT 1   [ RunTime:0.0005s ]
SQL: SELECT `art_title` FROM `tp_article` WHERE ( art_id=5 ) LIMIT 1   [ RunTime:0.0016s ]
SQL: SELECT a.art_topid,p.pro_name,p.pro_url,p.pro_topid FROM tp_article a left join tp_program p on a.art_topid=p.pro_id  WHERE ( art_id=4 ) LIMIT 1   [ RunTime:0.0011s ]
SQL: SELECT `pro_name`,`pro_url` FROM `tp_program` WHERE ( pro_id=1 ) LIMIT 1   [ RunTime:0.0006s ]
INFO: [ view_parse ] --START--
INFO: [ template_filter ] --START--
INFO: Run Behavior\ContentReplaceBehavior [ RunTime:0.000183s ]
INFO: [ template_filter ] --END-- [ RunTime:0.000372s ]
INFO: Run Behavior\ParseTemplateBehavior [ RunTime:0.023166s ]
INFO: [ view_parse ] --END-- [ RunTime:0.023379s ]
INFO: [ view_filter ] --START--
INFO: Run Behavior\WriteHtmlCacheBehavior [ RunTime:0.000676s ]
INFO: [ view_filter ] --END-- [ RunTime:0.000833s ]
INFO: [ app_end ] --START--
INFO: Run Behavior\ShowPageTraceBehavior [ RunTime:0.001006s ]
INFO: [ app_end ] --END-- [ RunTime:0.001172s ]

[ 2016-03-02T01:11:11+08:00 ] 127.0.0.1 /
INFO: [ app_init ] --START--
INFO: Run Behavior\BuildLiteBehavior [ RunTime:0.000040s ]
INFO: [ app_init ] --END-- [ RunTime:0.000775s ]
INFO: [ app_begin ] --START--
INFO: Run Behavior\ReadHtmlCacheBehavior [ RunTime:0.000956s ]
INFO: [ app_begin ] --END-- [ RunTime:0.001361s ]
SQL: SHOW COLUMNS FROM `tp_article` [ RunTime:0.0067s ]
SQL: SHOW COLUMNS FROM `tp_program` [ RunTime:0.0069s ]
SQL: SELECT a.art_id,a.art_title,a.art_purl,a.art_description,a.art_writer,a.art_topid,a.art_click,a.art_source,a.art_time,p.pro_name FROM tp_article a left join tp_program p on a.art_topid=p.pro_id  WHERE ( a.art_topid>0 ) ORDER BY art_id desc LIMIT 5   [ RunTime:0.0012s ]
SQL: SELECT `pro_id`,`pro_name`,`pro_url` FROM `tp_program` WHERE ( pro_topid=1 )  [ RunTime:0.0012s ]
SQL: SELECT `pro_id`,`pro_name`,`pro_url` FROM `tp_program` WHERE ( pro_topid=2 )  [ RunTime:0.0007s ]
SQL: SELECT `art_id`,`art_title` FROM `tp_article` WHERE `art_topid` IN ('19','20','21','22') ORDER BY art_id desc LIMIT 5   [ RunTime:0.0005s ]
SQL: SELECT `art_id`,`art_title` FROM `tp_article` WHERE `art_topid` IN ('24','25','26','27') ORDER BY art_id desc LIMIT 5   [ RunTime:0.0004s ]
INFO: [ view_parse ] --START--
INFO: [ template_filter ] --START--
INFO: Run Behavior\ContentReplaceBehavior [ RunTime:0.000172s ]
INFO: [ template_filter ] --END-- [ RunTime:0.000346s ]
INFO: Run Behavior\ParseTemplateBehavior [ RunTime:0.022635s ]
INFO: [ view_parse ] --END-- [ RunTime:0.022815s ]
INFO: [ view_filter ] --START--
INFO: Run Behavior\WriteHtmlCacheBehavior [ RunTime:0.000628s ]
INFO: [ view_filter ] --END-- [ RunTime:0.000780s ]
INFO: [ app_end ] --START--
INFO: Run Behavior\ShowPageTraceBehavior [ RunTime:0.001372s ]
INFO: [ app_end ] --END-- [ RunTime:0.001525s ]

[ 2016-03-02T01:11:13+08:00 ] 127.0.0.1 /index.php/index/art/id/25.html
INFO: [ app_init ] --START--
INFO: Run Behavior\BuildLiteBehavior [ RunTime:0.000040s ]
INFO: [ app_init ] --END-- [ RunTime:0.000748s ]
INFO: [ app_begin ] --START--
INFO: Run Behavior\ReadHtmlCacheBehavior [ RunTime:0.000836s ]
INFO: [ app_begin ] --END-- [ RunTime:0.001016s ]
SQL: SHOW COLUMNS FROM `tp_article` [ RunTime:0.0085s ]
SQL: SHOW COLUMNS FROM `tp_addonarticle` [ RunTime:0.0130s ]
SQL: SELECT `art_click` FROM `tp_article` WHERE ( art_id=25 ) LIMIT 1   [ RunTime:0.0005s ]
SQL: UPDATE `tp_article` SET `art_click`='85' WHERE ( art_id=25 ) [ RunTime:0.0005s ]
SQL: SELECT * FROM `tp_article` WHERE ( art_id=25 ) LIMIT 1   [ RunTime:0.0005s ]
SQL: SELECT `art_body` FROM `tp_addonarticle` WHERE ( art_id=25 ) LIMIT 1   [ RunTime:0.0003s ]
SQL: SHOW COLUMNS FROM `tp_program` [ RunTime:0.0061s ]
SQL: SELECT `pro_topid` FROM `tp_program` WHERE ( pro_id=21 ) LIMIT 1   [ RunTime:0.0003s ]
SQL: SELECT `pro_url` FROM `tp_program` WHERE ( pro_id=1 ) LIMIT 1   [ RunTime:0.0004s ]
SQL: SELECT `pro_url`,`pro_name` FROM `tp_program` WHERE ( pro_topid=1 )  [ RunTime:0.0008s ]
NOTIC: [8] Undefined index: art_body E:\www\mynote2\Application\Home\Controller\IndexController.class.php 第 138 行.
SQL: SELECT `art_id`,`art_title` FROM `tp_article` WHERE ( art_topid=21 ) ORDER BY art_click LIMIT 5   [ RunTime:0.0006s ]
SQL: SELECT `art_id`,`art_title` FROM `tp_article` WHERE ( art_topid=21 and art_recommend=1 ) ORDER BY art_click LIMIT 5   [ RunTime:0.0006s ]
SQL: SELECT `art_id` FROM `tp_article` WHERE ( art_topid=21 )  [ RunTime:0.0005s ]
NOTIC: [8] Undefined offset: -1 E:\www\mynote2\Application\Home\Controller\IndexController.class.php 第 380 行.
NOTIC: [8] Undefined offset: -1 E:\www\mynote2\Application\Home\Controller\IndexController.class.php 第 381 行.
SQL: SELECT a.art_topid,p.pro_name,p.pro_url,p.pro_topid FROM tp_article a left join tp_program p on a.art_topid=p.pro_id  WHERE ( art_id=25 ) LIMIT 1   [ RunTime:0.0006s ]
SQL: SELECT `pro_name`,`pro_url` FROM `tp_program` WHERE ( pro_id=1 ) LIMIT 1   [ RunTime:0.0006s ]
INFO: [ view_parse ] --START--
INFO: [ template_filter ] --START--
INFO: Run Behavior\ContentReplaceBehavior [ RunTime:0.000229s ]
INFO: [ template_filter ] --END-- [ RunTime:0.000488s ]
INFO: Run Behavior\ParseTemplateBehavior [ RunTime:0.022696s ]
INFO: [ view_parse ] --END-- [ RunTime:0.022897s ]
INFO: [ view_filter ] --START--
INFO: Run Behavior\WriteHtmlCacheBehavior [ RunTime:0.000693s ]
INFO: [ view_filter ] --END-- [ RunTime:0.000844s ]
INFO: [ app_end ] --START--
INFO: Run Behavior\ShowPageTraceBehavior [ RunTime:0.000915s ]
INFO: [ app_end ] --END-- [ RunTime:0.001068s ]

[ 2016-03-02T01:15:27+08:00 ] 127.0.0.1 /index.php/index/program/p/1.html
INFO: [ app_init ] --START--
INFO: Run Behavior\BuildLiteBehavior [ RunTime:0.000040s ]
INFO: [ app_init ] --END-- [ RunTime:0.000720s ]
INFO: [ app_begin ] --START--
INFO: Run Behavior\ReadHtmlCacheBehavior [ RunTime:0.000879s ]
INFO: [ app_begin ] --END-- [ RunTime:0.001044s ]
SQL: SHOW COLUMNS FROM `tp_article` [ RunTime:0.0066s ]
SQL: SHOW COLUMNS FROM `tp_program` [ RunTime:0.0072s ]
SQL: SELECT `pro_url` FROM `tp_program` WHERE ( pro_id=1 ) LIMIT 1   [ RunTime:0.0009s ]
SQL: SELECT `pro_name` FROM `tp_program` WHERE ( pro_id=1 ) LIMIT 1   [ RunTime:0.0005s ]
NOTIC: [8] Undefined index: u E:\www\mynote2\Application\Home\Controller\IndexController.class.php 第 247 行.
SQL: SELECT `pro_id`,`pro_name`,`pro_url` FROM `tp_program` WHERE ( pro_topid=1 )  [ RunTime:0.0007s ]
SQL: SELECT COUNT(*) AS tp_count FROM `tp_article` WHERE `art_topid` IN ('19','20','21','22') LIMIT 1   [ RunTime:0.0007s ]
SQL: SELECT a.art_id,a.art_purl,a.art_title,a.art_description,a.art_writer,a.art_topid,a.art_click,a.art_source,a.art_time,p.pro_name FROM tp_article a left join tp_program p on a.art_topid=p.pro_id  WHERE `pro_id` IN ('19','20','21','22') ORDER BY art_id desc LIMIT 0,3   [ RunTime:0.0010s ]
SQL: SELECT `art_id`,`art_title` FROM `tp_article` WHERE `art_topid` IN ('19','20','21','22') ORDER BY art_click LIMIT 5   [ RunTime:0.0004s ]
SQL: SELECT `art_id`,`art_title` FROM `tp_article` WHERE `art_topid` IN ('19','20','21','22') AND ( art_recommend=1 ) ORDER BY art_click LIMIT 5   [ RunTime:0.0004s ]
SQL: SELECT `pro_name` FROM `tp_program` WHERE ( pro_url='program' ) LIMIT 1   [ RunTime:0.0004s ]
INFO: [ view_parse ] --START--
INFO: [ template_filter ] --START--
INFO: Run Behavior\ContentReplaceBehavior [ RunTime:0.000180s ]
INFO: [ template_filter ] --END-- [ RunTime:0.000353s ]
INFO: Run Behavior\ParseTemplateBehavior [ RunTime:0.025777s ]
INFO: [ view_parse ] --END-- [ RunTime:0.026052s ]
INFO: [ view_filter ] --START--
INFO: Run Behavior\WriteHtmlCacheBehavior [ RunTime:0.000569s ]
INFO: [ view_filter ] --END-- [ RunTime:0.000721s ]
INFO: [ app_end ] --START--
INFO: Run Behavior\ShowPageTraceBehavior [ RunTime:0.000824s ]
INFO: [ app_end ] --END-- [ RunTime:0.000978s ]

[ 2016-03-02T01:15:30+08:00 ] 127.0.0.1 /index.php/index/art/id/26.html
INFO: [ app_init ] --START--
INFO: Run Behavior\BuildLiteBehavior [ RunTime:0.000045s ]
INFO: [ app_init ] --END-- [ RunTime:0.006511s ]
INFO: [ app_begin ] --START--
INFO: Run Behavior\ReadHtmlCacheBehavior [ RunTime:0.001215s ]
INFO: [ app_begin ] --END-- [ RunTime:0.001428s ]
SQL: SHOW COLUMNS FROM `tp_article` [ RunTime:0.0066s ]
SQL: SHOW COLUMNS FROM `tp_addonarticle` [ RunTime:0.0176s ]
SQL: SELECT `art_click` FROM `tp_article` WHERE ( art_id=26 ) LIMIT 1   [ RunTime:0.0008s ]
SQL: UPDATE `tp_article` SET `art_click`='85' WHERE ( art_id=26 ) [ RunTime:0.0013s ]
SQL: SELECT * FROM `tp_article` WHERE ( art_id=26 ) LIMIT 1   [ RunTime:0.0013s ]
SQL: SELECT `art_body` FROM `tp_addonarticle` WHERE ( art_id=26 ) LIMIT 1   [ RunTime:0.0005s ]
SQL: SHOW COLUMNS FROM `tp_program` [ RunTime:0.0068s ]
SQL: SELECT `pro_topid` FROM `tp_program` WHERE ( pro_id=22 ) LIMIT 1   [ RunTime:0.0008s ]
SQL: SELECT `pro_url` FROM `tp_program` WHERE ( pro_id=1 ) LIMIT 1   [ RunTime:0.0009s ]
SQL: SELECT `pro_url`,`pro_name` FROM `tp_program` WHERE ( pro_topid=1 )  [ RunTime:0.0005s ]
NOTIC: [8] Undefined index: art_body E:\www\mynote2\Application\Home\Controller\IndexController.class.php 第 138 行.
SQL: SELECT `art_id`,`art_title` FROM `tp_article` WHERE ( art_topid=22 ) ORDER BY art_click LIMIT 5   [ RunTime:0.0052s ]
SQL: SELECT `art_id`,`art_title` FROM `tp_article` WHERE ( art_topid=22 and art_recommend=1 ) ORDER BY art_click LIMIT 5   [ RunTime:0.0008s ]
SQL: SELECT `art_id` FROM `tp_article` WHERE ( art_topid=22 )  [ RunTime:0.0006s ]
NOTIC: [8] Undefined offset: -1 E:\www\mynote2\Application\Home\Controller\IndexController.class.php 第 380 行.
NOTIC: [8] Undefined offset: -1 E:\www\mynote2\Application\Home\Controller\IndexController.class.php 第 381 行.
SQL: SELECT a.art_topid,p.pro_name,p.pro_url,p.pro_topid FROM tp_article a left join tp_program p on a.art_topid=p.pro_id  WHERE ( art_id=26 ) LIMIT 1   [ RunTime:0.0006s ]
SQL: SELECT `pro_name`,`pro_url` FROM `tp_program` WHERE ( pro_id=1 ) LIMIT 1   [ RunTime:0.0005s ]
INFO: [ view_parse ] --START--
INFO: [ template_filter ] --START--
INFO: Run Behavior\ContentReplaceBehavior [ RunTime:0.000234s ]
INFO: [ template_filter ] --END-- [ RunTime:0.000492s ]
INFO: Run Behavior\ParseTemplateBehavior [ RunTime:0.023786s ]
INFO: [ view_parse ] --END-- [ RunTime:0.023987s ]
INFO: [ view_filter ] --START--
INFO: Run Behavior\WriteHtmlCacheBehavior [ RunTime:0.000773s ]
INFO: [ view_filter ] --END-- [ RunTime:0.000925s ]
INFO: [ app_end ] --START--
INFO: Run Behavior\ShowPageTraceBehavior [ RunTime:0.000871s ]
INFO: [ app_end ] --END-- [ RunTime:0.001040s ]

[ 2016-03-02T01:16:05+08:00 ] 127.0.0.1 /index.php/index/program/p/1.html
INFO: [ app_init ] --START--
INFO: Run Behavior\BuildLiteBehavior [ RunTime:0.000040s ]
INFO: [ app_init ] --END-- [ RunTime:0.000692s ]
INFO: [ app_begin ] --START--
INFO: Run Behavior\ReadHtmlCacheBehavior [ RunTime:0.000801s ]
INFO: [ app_begin ] --END-- [ RunTime:0.000962s ]
SQL: SHOW COLUMNS FROM `tp_article` [ RunTime:0.0074s ]
SQL: SHOW COLUMNS FROM `tp_program` [ RunTime:0.0068s ]
SQL: SELECT `pro_url` FROM `tp_program` WHERE ( pro_id=1 ) LIMIT 1   [ RunTime:0.0005s ]
SQL: SELECT `pro_name` FROM `tp_program` WHERE ( pro_id=1 ) LIMIT 1   [ RunTime:0.0006s ]
NOTIC: [8] Undefined index: u E:\www\mynote2\Application\Home\Controller\IndexController.class.php 第 247 行.
SQL: SELECT `pro_id`,`pro_name`,`pro_url` FROM `tp_program` WHERE ( pro_topid=1 )  [ RunTime:0.0006s ]
SQL: SELECT COUNT(*) AS tp_count FROM `tp_article` WHERE `art_topid` IN ('19','20','21','22') LIMIT 1   [ RunTime:0.0006s ]
SQL: SELECT a.art_id,a.art_purl,a.art_title,a.art_description,a.art_writer,a.art_topid,a.art_click,a.art_source,a.art_time,p.pro_name FROM tp_article a left join tp_program p on a.art_topid=p.pro_id  WHERE `pro_id` IN ('19','20','21','22') ORDER BY art_id desc LIMIT 0,3   [ RunTime:0.0015s ]
SQL: SELECT `art_id`,`art_title` FROM `tp_article` WHERE `art_topid` IN ('19','20','21','22') ORDER BY art_click LIMIT 5   [ RunTime:0.0005s ]
SQL: SELECT `art_id`,`art_title` FROM `tp_article` WHERE `art_topid` IN ('19','20','21','22') AND ( art_recommend=1 ) ORDER BY art_click LIMIT 5   [ RunTime:0.0010s ]
SQL: SELECT `pro_name` FROM `tp_program` WHERE ( pro_url='program' ) LIMIT 1   [ RunTime:0.0029s ]
INFO: [ view_parse ] --START--
INFO: [ template_filter ] --START--
INFO: Run Behavior\ContentReplaceBehavior [ RunTime:0.000210s ]
INFO: [ template_filter ] --END-- [ RunTime:0.000427s ]
INFO: Run Behavior\ParseTemplateBehavior [ RunTime:0.026801s ]
INFO: [ view_parse ] --END-- [ RunTime:0.027005s ]
INFO: [ view_filter ] --START--
INFO: Run Behavior\WriteHtmlCacheBehavior [ RunTime:0.000527s ]
INFO: [ view_filter ] --END-- [ RunTime:0.000677s ]
INFO: [ app_end ] --START--
INFO: Run Behavior\ShowPageTraceBehavior [ RunTime:0.000816s ]
INFO: [ app_end ] --END-- [ RunTime:0.000969s ]

[ 2016-03-02T01:16:07+08:00 ] 127.0.0.1 /index.php/index/art/id/26.html
INFO: [ app_init ] --START--
INFO: Run Behavior\BuildLiteBehavior [ RunTime:0.000052s ]
INFO: [ app_init ] --END-- [ RunTime:0.000856s ]
INFO: [ app_begin ] --START--
INFO: Run Behavior\ReadHtmlCacheBehavior [ RunTime:0.001081s ]
INFO: [ app_begin ] --END-- [ RunTime:0.001292s ]
SQL: SHOW COLUMNS FROM `tp_article` [ RunTime:0.0065s ]
SQL: SHOW COLUMNS FROM `tp_addonarticle` [ RunTime:0.0061s ]
SQL: SELECT `art_click` FROM `tp_article` WHERE ( art_id=26 ) LIMIT 1   [ RunTime:0.0012s ]
SQL: UPDATE `tp_article` SET `art_click`='86' WHERE ( art_id=26 ) [ RunTime:0.0021s ]
SQL: SELECT * FROM `tp_article` WHERE ( art_id=26 ) LIMIT 1   [ RunTime:0.0005s ]
SQL: SELECT `art_body` FROM `tp_addonarticle` WHERE ( art_id=26 ) LIMIT 1   [ RunTime:0.0004s ]
SQL: SHOW COLUMNS FROM `tp_program` [ RunTime:0.0064s ]
SQL: SELECT `pro_topid` FROM `tp_program` WHERE ( pro_id=22 ) LIMIT 1   [ RunTime:0.0011s ]
SQL: SELECT `pro_url` FROM `tp_program` WHERE ( pro_id=1 ) LIMIT 1   [ RunTime:0.0005s ]
SQL: SELECT `pro_url`,`pro_name` FROM `tp_program` WHERE ( pro_topid=1 )  [ RunTime:0.0007s ]
SQL: SELECT `art_id`,`art_title` FROM `tp_article` WHERE ( art_topid=22 ) ORDER BY art_click LIMIT 5   [ RunTime:0.0008s ]
SQL: SELECT `art_id`,`art_title` FROM `tp_article` WHERE ( art_topid=22 and art_recommend=1 ) ORDER BY art_click LIMIT 5   [ RunTime:0.0008s ]
SQL: SELECT `art_id` FROM `tp_article` WHERE ( art_topid=22 )  [ RunTime:0.0005s ]
NOTIC: [8] Undefined offset: -1 E:\www\mynote2\Application\Home\Controller\IndexController.class.php 第 380 行.
NOTIC: [8] Undefined offset: -1 E:\www\mynote2\Application\Home\Controller\IndexController.class.php 第 381 行.
SQL: SELECT a.art_topid,p.pro_name,p.pro_url,p.pro_topid FROM tp_article a left join tp_program p on a.art_topid=p.pro_id  WHERE ( art_id=26 ) LIMIT 1   [ RunTime:0.0007s ]
SQL: SELECT `pro_name`,`pro_url` FROM `tp_program` WHERE ( pro_id=1 ) LIMIT 1   [ RunTime:0.0005s ]
INFO: [ view_parse ] --START--
INFO: [ template_filter ] --START--
INFO: Run Behavior\ContentReplaceBehavior [ RunTime:0.000247s ]
INFO: [ template_filter ] --END-- [ RunTime:0.000526s ]
INFO: Run Behavior\ParseTemplateBehavior [ RunTime:0.021855s ]
INFO: [ view_parse ] --END-- [ RunTime:0.022092s ]
INFO: [ view_filter ] --START--
INFO: Run Behavior\WriteHtmlCacheBehavior [ RunTime:0.001028s ]
INFO: [ view_filter ] --END-- [ RunTime:0.001197s ]
INFO: [ app_end ] --START--
INFO: Run Behavior\ShowPageTraceBehavior [ RunTime:0.000837s ]
INFO: [ app_end ] --END-- [ RunTime:0.000995s ]
>>>>>>> b6a12431bc3d62998520588f9fc83bafee7a17f9

