[ 2016-03-04T00:15:31+08:00 ] 127.0.0.1 /
INFO: [ app_init ] --START--
INFO: Run Behavior\BuildLiteBehavior [ RunTime:0.000044s ]
INFO: [ app_init ] --END-- [ RunTime:0.000981s ]
INFO: [ app_begin ] --START--
INFO: Run Behavior\ReadHtmlCacheBehavior [ RunTime:0.001069s ]
INFO: [ app_begin ] --END-- [ RunTime:0.001249s ]
SQL: SHOW COLUMNS FROM `tp_article` [ RunTime:0.0110s ]
SQL: SHOW COLUMNS FROM `tp_program` [ RunTime:0.0217s ]
SQL: SELECT a.art_id,a.art_title,a.art_purl,a.art_description,a.art_writer,a.art_topid,a.art_click,a.art_source,a.art_time,p.pro_name FROM tp_article a left join tp_program p on a.art_topid=p.pro_id  WHERE ( a.art_topid>0 ) ORDER BY art_id desc LIMIT 5   [ RunTime:0.0127s ]
SQL: SELECT `pro_id`,`pro_name`,`pro_url` FROM `tp_program` WHERE ( pro_topid=1 )  [ RunTime:0.0006s ]
SQL: SELECT `pro_id`,`pro_name`,`pro_url` FROM `tp_program` WHERE ( pro_topid=2 )  [ RunTime:0.0004s ]
SQL: SELECT `art_id`,`art_title` FROM `tp_article` WHERE `art_topid` IN ('19','20','21','22') ORDER BY art_id desc LIMIT 5   [ RunTime:0.0004s ]
SQL: SELECT `art_id`,`art_title` FROM `tp_article` WHERE `art_topid` IN ('24','25','26','27') ORDER BY art_id desc LIMIT 5   [ RunTime:0.0004s ]
INFO: [ view_parse ] --START--
INFO: [ template_filter ] --START--
INFO: Run Behavior\ContentReplaceBehavior [ RunTime:0.000188s ]
INFO: [ template_filter ] --END-- [ RunTime:0.000403s ]
INFO: Run Behavior\ParseTemplateBehavior [ RunTime:0.037335s ]
INFO: [ view_parse ] --END-- [ RunTime:0.037643s ]
INFO: [ view_filter ] --START--
INFO: Run Behavior\WriteHtmlCacheBehavior [ RunTime:0.001065s ]
INFO: [ view_filter ] --END-- [ RunTime:0.001257s ]
INFO: [ app_end ] --START--
INFO: Run Behavior\ShowPageTraceBehavior [ RunTime:0.001709s ]
INFO: [ app_end ] --END-- [ RunTime:0.002177s ]

[ 2016-03-04T00:15:33+08:00 ] 127.0.0.1 /index.php/index/fitness/p/1.html
INFO: [ app_init ] --START--
INFO: Run Behavior\BuildLiteBehavior [ RunTime:0.000044s ]
INFO: [ app_init ] --END-- [ RunTime:0.001021s ]
INFO: [ app_begin ] --START--
INFO: Run Behavior\ReadHtmlCacheBehavior [ RunTime:0.001168s ]
INFO: [ app_begin ] --END-- [ RunTime:0.001369s ]
SQL: SHOW COLUMNS FROM `tp_article` [ RunTime:0.0094s ]
SQL: SHOW COLUMNS FROM `tp_program` [ RunTime:0.0101s ]
SQL: SELECT `pro_url` FROM `tp_program` WHERE ( pro_id=2 ) LIMIT 1   [ RunTime:0.0005s ]
SQL: SELECT `pro_name` FROM `tp_program` WHERE ( pro_id=2 ) LIMIT 1   [ RunTime:0.0005s ]
NOTIC: [8] Undefined index: u E:\www\mynote2\Application\Home\Controller\IndexController.class.php 第 247 行.
SQL: SELECT `pro_id`,`pro_name`,`pro_url` FROM `tp_program` WHERE ( pro_topid=2 )  [ RunTime:0.0007s ]
SQL: SELECT COUNT(*) AS tp_count FROM `tp_article` WHERE `art_topid` IN ('24','25','26','27') LIMIT 1   [ RunTime:0.0004s ]
SQL: SELECT a.art_id,a.art_purl,a.art_title,a.art_description,a.art_writer,a.art_topid,a.art_click,a.art_source,a.art_time,p.pro_name FROM tp_article a left join tp_program p on a.art_topid=p.pro_id  WHERE `pro_id` IN ('24','25','26','27') ORDER BY art_id desc LIMIT 0,5   [ RunTime:0.0010s ]
SQL: SELECT `art_id`,`art_title` FROM `tp_article` WHERE `art_topid` IN ('24','25','26','27') ORDER BY art_click LIMIT 5   [ RunTime:0.0013s ]
SQL: SELECT `art_id`,`art_title` FROM `tp_article` WHERE `art_topid` IN ('24','25','26','27') AND ( art_recommend=1 ) ORDER BY art_click LIMIT 5   [ RunTime:0.0006s ]
SQL: SELECT `pro_name` FROM `tp_program` WHERE ( pro_url='fitness' ) LIMIT 1   [ RunTime:0.0006s ]
INFO: [ view_parse ] --START--
INFO: [ template_filter ] --START--
INFO: Run Behavior\ContentReplaceBehavior [ RunTime:0.000203s ]
INFO: [ template_filter ] --END-- [ RunTime:0.000417s ]
INFO: Run Behavior\ParseTemplateBehavior [ RunTime:0.051365s ]
INFO: [ view_parse ] --END-- [ RunTime:0.051621s ]
INFO: [ view_filter ] --START--
INFO: Run Behavior\WriteHtmlCacheBehavior [ RunTime:0.001287s ]
INFO: [ view_filter ] --END-- [ RunTime:0.001555s ]
INFO: [ app_end ] --START--
INFO: Run Behavior\ShowPageTraceBehavior [ RunTime:0.001453s ]
INFO: [ app_end ] --END-- [ RunTime:0.002130s ]

[ 2016-03-04T00:15:44+08:00 ] 127.0.0.1 /index.php/index/fitness/u/knowledge/p/1.html
INFO: [ app_init ] --START--
INFO: Run Behavior\BuildLiteBehavior [ RunTime:0.000043s ]
INFO: [ app_init ] --END-- [ RunTime:0.000852s ]
INFO: [ app_begin ] --START--
INFO: Run Behavior\ReadHtmlCacheBehavior [ RunTime:0.001381s ]
INFO: [ app_begin ] --END-- [ RunTime:0.001559s ]
SQL: SHOW COLUMNS FROM `tp_article` [ RunTime:0.0086s ]
SQL: SHOW COLUMNS FROM `tp_program` [ RunTime:0.0115s ]
SQL: SELECT `pro_url` FROM `tp_program` WHERE ( pro_id=2 ) LIMIT 1   [ RunTime:0.0008s ]
SQL: SELECT `pro_name` FROM `tp_program` WHERE ( pro_id=2 ) LIMIT 1   [ RunTime:0.0007s ]
SQL: SELECT `pro_id`,`pro_name`,`pro_url` FROM `tp_program` WHERE ( pro_topid=2 ) ORDER BY pro_id  [ RunTime:0.0008s ]
SQL: SELECT COUNT(*) AS tp_count FROM `tp_article` WHERE ( art_topid=24 ) LIMIT 1   [ RunTime:0.0022s ]
SQL: SELECT a.art_id,a.art_title,a.art_purl,a.art_description,a.art_writer,a.art_topid,a.art_click,a.art_source,a.art_time,p.pro_name FROM tp_article a left join tp_program p on a.art_topid=p.pro_id  WHERE ( art_topid=24 ) ORDER BY art_id desc LIMIT 0,5   [ RunTime:0.0016s ]
SQL: SELECT `art_id`,`art_title` FROM `tp_article` WHERE ( art_topid=24 ) ORDER BY art_click LIMIT 5   [ RunTime:0.0019s ]
SQL: SELECT `art_id`,`art_title` FROM `tp_article` WHERE ( art_topid=24 and art_recommend=1 ) ORDER BY art_click LIMIT 5   [ RunTime:0.0015s ]
SQL: SELECT `pro_name` FROM `tp_program` WHERE ( pro_url='fitness' ) LIMIT 1   [ RunTime:0.0008s ]
SQL: SELECT `pro_name` FROM `tp_program` WHERE ( pro_url='knowledge' ) LIMIT 1   [ RunTime:0.0004s ]
INFO: [ view_parse ] --START--
INFO: [ template_filter ] --START--
INFO: Run Behavior\ContentReplaceBehavior [ RunTime:0.000180s ]
INFO: [ template_filter ] --END-- [ RunTime:0.000352s ]
INFO: Run Behavior\ParseTemplateBehavior [ RunTime:0.033197s ]
INFO: [ view_parse ] --END-- [ RunTime:0.033380s ]
INFO: [ view_filter ] --START--
INFO: Run Behavior\WriteHtmlCacheBehavior [ RunTime:0.000768s ]
INFO: [ view_filter ] --END-- [ RunTime:0.000920s ]
INFO: [ app_end ] --START--
INFO: Run Behavior\ShowPageTraceBehavior [ RunTime:0.001046s ]
INFO: [ app_end ] --END-- [ RunTime:0.001199s ]

[ 2016-03-04T00:17:38+08:00 ] 127.0.0.1 /index.php/index/fitness/p/1.html
INFO: [ app_init ] --START--
INFO: Run Behavior\BuildLiteBehavior [ RunTime:0.000040s ]
INFO: [ app_init ] --END-- [ RunTime:0.000995s ]
INFO: [ app_begin ] --START--
INFO: Run Behavior\ReadHtmlCacheBehavior [ RunTime:0.001283s ]
INFO: [ app_begin ] --END-- [ RunTime:0.001482s ]
SQL: SHOW COLUMNS FROM `tp_article` [ RunTime:0.0079s ]
SQL: SHOW COLUMNS FROM `tp_program` [ RunTime:0.0073s ]
SQL: SELECT `pro_url` FROM `tp_program` WHERE ( pro_id=2 ) LIMIT 1   [ RunTime:0.0004s ]
SQL: SELECT `pro_name` FROM `tp_program` WHERE ( pro_id=2 ) LIMIT 1   [ RunTime:0.0003s ]
NOTIC: [8] Undefined index: u E:\www\mynote2\Application\Home\Controller\IndexController.class.php 第 247 行.
SQL: SELECT `pro_id`,`pro_name`,`pro_url` FROM `tp_program` WHERE ( pro_topid=2 )  [ RunTime:0.0004s ]
SQL: SELECT COUNT(*) AS tp_count FROM `tp_article` WHERE `art_topid` IN ('24','25','26','27') LIMIT 1   [ RunTime:0.0005s ]
SQL: SELECT a.art_id,a.art_purl,a.art_title,a.art_description,a.art_writer,a.art_topid,a.art_click,a.art_source,a.art_time,p.pro_name FROM tp_article a left join tp_program p on a.art_topid=p.pro_id  WHERE `pro_id` IN ('24','25','26','27') ORDER BY art_id desc LIMIT 0,5   [ RunTime:0.0012s ]
SQL: SELECT `art_id`,`art_title` FROM `tp_article` WHERE `art_topid` IN ('24','25','26','27') ORDER BY art_click LIMIT 5   [ RunTime:0.0007s ]
SQL: SELECT `art_id`,`art_title` FROM `tp_article` WHERE `art_topid` IN ('24','25','26','27') AND ( art_recommend=1 ) ORDER BY art_click LIMIT 5   [ RunTime:0.0007s ]
SQL: SELECT `pro_name` FROM `tp_program` WHERE ( pro_url='fitness' ) LIMIT 1   [ RunTime:0.0003s ]
INFO: [ view_parse ] --START--
INFO: [ template_filter ] --START--
INFO: Run Behavior\ContentReplaceBehavior [ RunTime:0.000187s ]
INFO: [ template_filter ] --END-- [ RunTime:0.000384s ]
INFO: Run Behavior\ParseTemplateBehavior [ RunTime:0.056129s ]
INFO: [ view_parse ] --END-- [ RunTime:0.056409s ]
INFO: [ view_filter ] --START--
INFO: Run Behavior\WriteHtmlCacheBehavior [ RunTime:0.001171s ]
INFO: [ view_filter ] --END-- [ RunTime:0.001359s ]
INFO: [ app_end ] --START--
INFO: Run Behavior\ShowPageTraceBehavior [ RunTime:0.001294s ]
INFO: [ app_end ] --END-- [ RunTime:0.001477s ]

[ 2016-03-04T00:17:46+08:00 ] 127.0.0.1 /index.php/index/fitness/u/knowledge/p/1.html
INFO: [ app_init ] --START--
INFO: Run Behavior\BuildLiteBehavior [ RunTime:0.000042s ]
INFO: [ app_init ] --END-- [ RunTime:0.000785s ]
INFO: [ app_begin ] --START--
INFO: Run Behavior\ReadHtmlCacheBehavior [ RunTime:0.000990s ]
INFO: [ app_begin ] --END-- [ RunTime:0.001156s ]
SQL: SHOW COLUMNS FROM `tp_article` [ RunTime:0.0102s ]
SQL: SHOW COLUMNS FROM `tp_program` [ RunTime:0.0136s ]
SQL: SELECT `pro_url` FROM `tp_program` WHERE ( pro_id=2 ) LIMIT 1   [ RunTime:0.0034s ]
SQL: SELECT `pro_name` FROM `tp_program` WHERE ( pro_id=2 ) LIMIT 1   [ RunTime:0.0011s ]
SQL: SELECT `pro_id`,`pro_name`,`pro_url` FROM `tp_program` WHERE ( pro_topid=2 ) ORDER BY pro_id  [ RunTime:0.0069s ]
SQL: SELECT COUNT(*) AS tp_count FROM `tp_article` WHERE ( art_topid=24 ) LIMIT 1   [ RunTime:0.0010s ]
SQL: SELECT a.art_id,a.art_title,a.art_purl,a.art_description,a.art_writer,a.art_topid,a.art_click,a.art_source,a.art_time,p.pro_name FROM tp_article a left join tp_program p on a.art_topid=p.pro_id  WHERE ( art_topid=24 ) ORDER BY art_id desc LIMIT 0,5   [ RunTime:0.0010s ]
SQL: SELECT `art_id`,`art_title` FROM `tp_article` WHERE ( art_topid=24 ) ORDER BY art_click LIMIT 5   [ RunTime:0.0013s ]
SQL: SELECT `art_id`,`art_title` FROM `tp_article` WHERE ( art_topid=24 and art_recommend=1 ) ORDER BY art_click LIMIT 5   [ RunTime:0.0008s ]
SQL: SELECT `pro_name` FROM `tp_program` WHERE ( pro_url='fitness' ) LIMIT 1   [ RunTime:0.0006s ]
SQL: SELECT `pro_name` FROM `tp_program` WHERE ( pro_url='knowledge' ) LIMIT 1   [ RunTime:0.0007s ]
INFO: [ view_parse ] --START--
INFO: [ template_filter ] --START--
INFO: Run Behavior\ContentReplaceBehavior [ RunTime:0.000638s ]
INFO: [ template_filter ] --END-- [ RunTime:0.007430s ]
INFO: Run Behavior\ParseTemplateBehavior [ RunTime:0.057684s ]
INFO: [ view_parse ] --END-- [ RunTime:0.057989s ]
INFO: [ view_filter ] --START--
INFO: Run Behavior\WriteHtmlCacheBehavior [ RunTime:0.000830s ]
INFO: [ view_filter ] --END-- [ RunTime:0.000985s ]
INFO: [ app_end ] --START--
INFO: Run Behavior\ShowPageTraceBehavior [ RunTime:0.001025s ]
INFO: [ app_end ] --END-- [ RunTime:0.001176s ]

[ 2016-03-04T00:17:53+08:00 ] 127.0.0.1 /index.php/index/fitness/p/1.html
INFO: [ app_init ] --START--
INFO: Run Behavior\BuildLiteBehavior [ RunTime:0.000046s ]
INFO: [ app_init ] --END-- [ RunTime:0.000882s ]
INFO: [ app_begin ] --START--
INFO: Run Behavior\ReadHtmlCacheBehavior [ RunTime:0.000988s ]
INFO: [ app_begin ] --END-- [ RunTime:0.001152s ]
SQL: SHOW COLUMNS FROM `tp_article` [ RunTime:0.0071s ]
SQL: SHOW COLUMNS FROM `tp_program` [ RunTime:0.0073s ]
SQL: SELECT `pro_url` FROM `tp_program` WHERE ( pro_id=2 ) LIMIT 1   [ RunTime:0.0005s ]
SQL: SELECT `pro_name` FROM `tp_program` WHERE ( pro_id=2 ) LIMIT 1   [ RunTime:0.0004s ]
NOTIC: [8] Undefined index: u E:\www\mynote2\Application\Home\Controller\IndexController.class.php 第 247 行.
SQL: SELECT `pro_id`,`pro_name`,`pro_url` FROM `tp_program` WHERE ( pro_topid=2 )  [ RunTime:0.0006s ]
SQL: SELECT COUNT(*) AS tp_count FROM `tp_article` WHERE `art_topid` IN ('24','25','26','27') LIMIT 1   [ RunTime:0.0009s ]
SQL: SELECT a.art_id,a.art_purl,a.art_title,a.art_description,a.art_writer,a.art_topid,a.art_click,a.art_source,a.art_time,p.pro_name FROM tp_article a left join tp_program p on a.art_topid=p.pro_id  WHERE `pro_id` IN ('24','25','26','27') ORDER BY art_id desc LIMIT 0,5   [ RunTime:0.0038s ]
SQL: SELECT `art_id`,`art_title` FROM `tp_article` WHERE `art_topid` IN ('24','25','26','27') ORDER BY art_click LIMIT 5   [ RunTime:0.0007s ]
SQL: SELECT `art_id`,`art_title` FROM `tp_article` WHERE `art_topid` IN ('24','25','26','27') AND ( art_recommend=1 ) ORDER BY art_click LIMIT 5   [ RunTime:0.0005s ]
SQL: SELECT `pro_name` FROM `tp_program` WHERE ( pro_url='fitness' ) LIMIT 1   [ RunTime:0.0097s ]
INFO: [ view_parse ] --START--
INFO: [ template_filter ] --START--
INFO: Run Behavior\ContentReplaceBehavior [ RunTime:0.000200s ]
INFO: [ template_filter ] --END-- [ RunTime:0.000406s ]
INFO: Run Behavior\ParseTemplateBehavior [ RunTime:0.044786s ]
INFO: [ view_parse ] --END-- [ RunTime:0.045036s ]
INFO: [ view_filter ] --START--
INFO: Run Behavior\WriteHtmlCacheBehavior [ RunTime:0.001182s ]
INFO: [ view_filter ] --END-- [ RunTime:0.001367s ]
INFO: [ app_end ] --START--
INFO: Run Behavior\ShowPageTraceBehavior [ RunTime:0.001763s ]
INFO: [ app_end ] --END-- [ RunTime:0.001946s ]

[ 2016-03-04T00:17:56+08:00 ] 127.0.0.1 /index.php/index/program/p/1.html
INFO: [ app_init ] --START--
INFO: Run Behavior\BuildLiteBehavior [ RunTime:0.000039s ]
INFO: [ app_init ] --END-- [ RunTime:0.000764s ]
INFO: [ app_begin ] --START--
INFO: Run Behavior\ReadHtmlCacheBehavior [ RunTime:0.000976s ]
INFO: [ app_begin ] --END-- [ RunTime:0.001137s ]
SQL: SHOW COLUMNS FROM `tp_article` [ RunTime:0.0273s ]
SQL: SHOW COLUMNS FROM `tp_program` [ RunTime:0.0078s ]
SQL: SELECT `pro_url` FROM `tp_program` WHERE ( pro_id=1 ) LIMIT 1   [ RunTime:0.0007s ]
SQL: SELECT `pro_name` FROM `tp_program` WHERE ( pro_id=1 ) LIMIT 1   [ RunTime:0.0007s ]
NOTIC: [8] Undefined index: u E:\www\mynote2\Application\Home\Controller\IndexController.class.php 第 247 行.
SQL: SELECT `pro_id`,`pro_name`,`pro_url` FROM `tp_program` WHERE ( pro_topid=1 )  [ RunTime:0.0007s ]
SQL: SELECT COUNT(*) AS tp_count FROM `tp_article` WHERE `art_topid` IN ('19','20','21','22') LIMIT 1   [ RunTime:0.0005s ]
SQL: SELECT a.art_id,a.art_purl,a.art_title,a.art_description,a.art_writer,a.art_topid,a.art_click,a.art_source,a.art_time,p.pro_name FROM tp_article a left join tp_program p on a.art_topid=p.pro_id  WHERE `pro_id` IN ('19','20','21','22') ORDER BY art_id desc LIMIT 0,5   [ RunTime:0.0018s ]
SQL: SELECT `art_id`,`art_title` FROM `tp_article` WHERE `art_topid` IN ('19','20','21','22') ORDER BY art_click LIMIT 5   [ RunTime:0.0007s ]
SQL: SELECT `art_id`,`art_title` FROM `tp_article` WHERE `art_topid` IN ('19','20','21','22') AND ( art_recommend=1 ) ORDER BY art_click LIMIT 5   [ RunTime:0.0006s ]
SQL: SELECT `pro_name` FROM `tp_program` WHERE ( pro_url='program' ) LIMIT 1   [ RunTime:0.0025s ]
INFO: [ view_parse ] --START--
INFO: [ template_filter ] --START--
INFO: Run Behavior\ContentReplaceBehavior [ RunTime:0.000180s ]
INFO: [ template_filter ] --END-- [ RunTime:0.000359s ]
INFO: Run Behavior\ParseTemplateBehavior [ RunTime:0.026816s ]
INFO: [ view_parse ] --END-- [ RunTime:0.027022s ]
INFO: [ view_filter ] --START--
INFO: Run Behavior\WriteHtmlCacheBehavior [ RunTime:0.001003s ]
INFO: [ view_filter ] --END-- [ RunTime:0.001183s ]
INFO: [ app_end ] --START--
INFO: Run Behavior\ShowPageTraceBehavior [ RunTime:0.001939s ]
INFO: [ app_end ] --END-- [ RunTime:0.002169s ]

[ 2016-03-04T00:26:42+08:00 ] 127.0.0.1 /index.php/index/test?page=2&id=2
INFO: [ app_init ] --START--
INFO: Run Behavior\BuildLiteBehavior [ RunTime:0.000041s ]
INFO: [ app_init ] --END-- [ RunTime:0.000741s ]
INFO: [ app_begin ] --START--
INFO: Run Behavior\ReadHtmlCacheBehavior [ RunTime:0.000859s ]
INFO: [ app_begin ] --END-- [ RunTime:0.001016s ]
SQL: SHOW COLUMNS FROM `tp_article` [ RunTime:0.0082s ]
SQL: SHOW COLUMNS FROM `tp_program` [ RunTime:0.0090s ]
SQL: SELECT `pro_id`,`pro_name`,`pro_url` FROM `tp_program` WHERE ( pro_topid=2 )  [ RunTime:0.0042s ]
SQL: SELECT a.art_id,a.art_purl,a.art_title,a.art_description,a.art_writer,a.art_topid,a.art_click,a.art_source,a.art_time,p.pro_name FROM tp_article a left join tp_program p on a.art_topid=p.pro_id  WHERE `pro_id` IN ('24','25','26','27') ORDER BY art_id desc LIMIT 5,5   [ RunTime:0.0010s ]
INFO: [ view_parse ] --START--
INFO: [ template_filter ] --START--
INFO: Run Behavior\ContentReplaceBehavior [ RunTime:0.001887s ]
INFO: [ template_filter ] --END-- [ RunTime:0.002047s ]
INFO: Run Behavior\ParseTemplateBehavior [ RunTime:0.149732s ]
INFO: [ view_parse ] --END-- [ RunTime:0.149894s ]
INFO: [ view_filter ] --START--
INFO: Run Behavior\WriteHtmlCacheBehavior [ RunTime:0.000814s ]
INFO: [ view_filter ] --END-- [ RunTime:0.000958s ]
INFO: [ app_end ] --START--
INFO: Run Behavior\ShowPageTraceBehavior [ RunTime:0.002557s ]
INFO: [ app_end ] --END-- [ RunTime:0.002787s ]

[ 2016-03-04T00:26:46+08:00 ] 127.0.0.1 /index.php/index/test?page=1&id=2
INFO: [ app_init ] --START--
INFO: Run Behavior\BuildLiteBehavior [ RunTime:0.000038s ]
INFO: [ app_init ] --END-- [ RunTime:0.000698s ]
INFO: [ app_begin ] --START--
INFO: Run Behavior\ReadHtmlCacheBehavior [ RunTime:0.000804s ]
INFO: [ app_begin ] --END-- [ RunTime:0.000941s ]
SQL: SHOW COLUMNS FROM `tp_article` [ RunTime:0.0087s ]
SQL: SHOW COLUMNS FROM `tp_program` [ RunTime:0.0085s ]
SQL: SELECT `pro_id`,`pro_name`,`pro_url` FROM `tp_program` WHERE ( pro_topid=2 )  [ RunTime:0.0138s ]
SQL: SELECT a.art_id,a.art_purl,a.art_title,a.art_description,a.art_writer,a.art_topid,a.art_click,a.art_source,a.art_time,p.pro_name FROM tp_article a left join tp_program p on a.art_topid=p.pro_id  WHERE `pro_id` IN ('24','25','26','27') ORDER BY art_id desc LIMIT 0,5   [ RunTime:0.0060s ]
INFO: [ view_parse ] --START--
INFO: [ template_filter ] --START--
INFO: Run Behavior\ContentReplaceBehavior [ RunTime:0.000129s ]
INFO: [ template_filter ] --END-- [ RunTime:0.000274s ]
INFO: Run Behavior\ParseTemplateBehavior [ RunTime:0.016459s ]
INFO: [ view_parse ] --END-- [ RunTime:0.016622s ]
INFO: [ view_filter ] --START--
INFO: Run Behavior\WriteHtmlCacheBehavior [ RunTime:0.000538s ]
INFO: [ view_filter ] --END-- [ RunTime:0.000671s ]
INFO: [ app_end ] --START--
INFO: Run Behavior\ShowPageTraceBehavior [ RunTime:0.000834s ]
INFO: [ app_end ] --END-- [ RunTime:0.000968s ]

[ 2016-03-04T00:26:49+08:00 ] 127.0.0.1 /index.php/index/test?page=2&id=2
INFO: [ app_init ] --START--
INFO: Run Behavior\BuildLiteBehavior [ RunTime:0.000044s ]
INFO: [ app_init ] --END-- [ RunTime:0.000789s ]
INFO: [ app_begin ] --START--
INFO: Run Behavior\ReadHtmlCacheBehavior [ RunTime:0.001624s ]
INFO: [ app_begin ] --END-- [ RunTime:0.001775s ]
SQL: SHOW COLUMNS FROM `tp_article` [ RunTime:0.0135s ]
SQL: SHOW COLUMNS FROM `tp_program` [ RunTime:0.0086s ]
SQL: SELECT `pro_id`,`pro_name`,`pro_url` FROM `tp_program` WHERE ( pro_topid=2 )  [ RunTime:0.0011s ]
SQL: SELECT a.art_id,a.art_purl,a.art_title,a.art_description,a.art_writer,a.art_topid,a.art_click,a.art_source,a.art_time,p.pro_name FROM tp_article a left join tp_program p on a.art_topid=p.pro_id  WHERE `pro_id` IN ('24','25','26','27') ORDER BY art_id desc LIMIT 5,5   [ RunTime:0.0016s ]
INFO: [ view_parse ] --START--
INFO: [ template_filter ] --START--
INFO: Run Behavior\ContentReplaceBehavior [ RunTime:0.000141s ]
INFO: [ template_filter ] --END-- [ RunTime:0.000349s ]
INFO: Run Behavior\ParseTemplateBehavior [ RunTime:0.021935s ]
INFO: [ view_parse ] --END-- [ RunTime:0.022121s ]
INFO: [ view_filter ] --START--
INFO: Run Behavior\WriteHtmlCacheBehavior [ RunTime:0.000941s ]
INFO: [ view_filter ] --END-- [ RunTime:0.001126s ]
INFO: [ app_end ] --START--
INFO: Run Behavior\ShowPageTraceBehavior [ RunTime:0.001426s ]
INFO: [ app_end ] --END-- [ RunTime:0.001641s ]

[ 2016-03-04T00:27:43+08:00 ] 127.0.0.1 /
INFO: [ app_init ] --START--
INFO: Run Behavior\BuildLiteBehavior [ RunTime:0.000074s ]
INFO: [ app_init ] --END-- [ RunTime:0.001541s ]
INFO: [ app_begin ] --START--
INFO: Run Behavior\ReadHtmlCacheBehavior [ RunTime:0.001437s ]
INFO: [ app_begin ] --END-- [ RunTime:0.001715s ]
SQL: SHOW COLUMNS FROM `tp_article` [ RunTime:0.0082s ]
SQL: SHOW COLUMNS FROM `tp_program` [ RunTime:0.0095s ]
SQL: SELECT a.art_id,a.art_title,a.art_purl,a.art_description,a.art_writer,a.art_topid,a.art_click,a.art_source,a.art_time,p.pro_name FROM tp_article a left join tp_program p on a.art_topid=p.pro_id  WHERE ( a.art_topid>0 ) ORDER BY art_id desc LIMIT 5   [ RunTime:0.0011s ]
SQL: SELECT `pro_id`,`pro_name`,`pro_url` FROM `tp_program` WHERE ( pro_topid=1 )  [ RunTime:0.0006s ]
SQL: SELECT `pro_id`,`pro_name`,`pro_url` FROM `tp_program` WHERE ( pro_topid=2 )  [ RunTime:0.0006s ]
SQL: SELECT `art_id`,`art_title` FROM `tp_article` WHERE `art_topid` IN ('19','20','21','22') ORDER BY art_id desc LIMIT 5   [ RunTime:0.0006s ]
SQL: SELECT `art_id`,`art_title` FROM `tp_article` WHERE `art_topid` IN ('24','25','26','27') ORDER BY art_id desc LIMIT 5   [ RunTime:0.0017s ]
INFO: [ view_parse ] --START--
INFO: [ template_filter ] --START--
INFO: Run Behavior\ContentReplaceBehavior [ RunTime:0.000184s ]
INFO: [ template_filter ] --END-- [ RunTime:0.000401s ]
INFO: Run Behavior\ParseTemplateBehavior [ RunTime:0.054761s ]
INFO: [ view_parse ] --END-- [ RunTime:0.054982s ]
INFO: [ view_filter ] --START--
INFO: Run Behavior\WriteHtmlCacheBehavior [ RunTime:0.006677s ]
INFO: [ view_filter ] --END-- [ RunTime:0.006901s ]
INFO: [ app_end ] --START--
INFO: Run Behavior\ShowPageTraceBehavior [ RunTime:0.001214s ]
INFO: [ app_end ] --END-- [ RunTime:0.001418s ]

[ 2016-03-04T00:27:44+08:00 ] 127.0.0.1 /index.php/index/fitness/p/1.html
INFO: [ app_init ] --START--
INFO: Run Behavior\BuildLiteBehavior [ RunTime:0.000043s ]
INFO: [ app_init ] --END-- [ RunTime:0.000886s ]
INFO: [ app_begin ] --START--
INFO: Run Behavior\ReadHtmlCacheBehavior [ RunTime:0.000976s ]
INFO: [ app_begin ] --END-- [ RunTime:0.001176s ]
SQL: SHOW COLUMNS FROM `tp_article` [ RunTime:0.0095s ]
SQL: SHOW COLUMNS FROM `tp_program` [ RunTime:0.0188s ]
SQL: SELECT `pro_url` FROM `tp_program` WHERE ( pro_id=2 ) LIMIT 1   [ RunTime:0.0013s ]
SQL: SELECT `pro_name` FROM `tp_program` WHERE ( pro_id=2 ) LIMIT 1   [ RunTime:0.0003s ]
NOTIC: [8] Undefined index: u E:\www\mynote2\Application\Home\Controller\IndexController.class.php 第 247 行.
SQL: SELECT `pro_id`,`pro_name`,`pro_url` FROM `tp_program` WHERE ( pro_topid=2 )  [ RunTime:0.0004s ]
SQL: SELECT COUNT(*) AS tp_count FROM `tp_article` WHERE `art_topid` IN ('24','25','26','27') LIMIT 1   [ RunTime:0.0005s ]
SQL: SELECT a.art_id,a.art_purl,a.art_title,a.art_description,a.art_writer,a.art_topid,a.art_click,a.art_source,a.art_time,p.pro_name FROM tp_article a left join tp_program p on a.art_topid=p.pro_id  WHERE `pro_id` IN ('24','25','26','27') ORDER BY art_id desc LIMIT 0,5   [ RunTime:0.0009s ]
SQL: SELECT `art_id`,`art_title` FROM `tp_article` WHERE `art_topid` IN ('24','25','26','27') ORDER BY art_click LIMIT 5   [ RunTime:0.0007s ]
SQL: SELECT `art_id`,`art_title` FROM `tp_article` WHERE `art_topid` IN ('24','25','26','27') AND ( art_recommend=1 ) ORDER BY art_click LIMIT 5   [ RunTime:0.0010s ]
SQL: SELECT `pro_name` FROM `tp_program` WHERE ( pro_url='fitness' ) LIMIT 1   [ RunTime:0.0006s ]
INFO: [ view_parse ] --START--
INFO: [ template_filter ] --START--
INFO: Run Behavior\ContentReplaceBehavior [ RunTime:0.000189s ]
INFO: [ template_filter ] --END-- [ RunTime:0.000375s ]
INFO: Run Behavior\ParseTemplateBehavior [ RunTime:0.031972s ]
INFO: [ view_parse ] --END-- [ RunTime:0.032183s ]
INFO: [ view_filter ] --START--
INFO: Run Behavior\WriteHtmlCacheBehavior [ RunTime:0.000944s ]
INFO: [ view_filter ] --END-- [ RunTime:0.001228s ]
INFO: [ app_end ] --START--
INFO: Run Behavior\ShowPageTraceBehavior [ RunTime:0.001340s ]
INFO: [ app_end ] --END-- [ RunTime:0.001522s ]

[ 2016-03-04T00:29:04+08:00 ] 127.0.0.1 /index.php/index/test?page=1&id=2
INFO: [ app_init ] --START--
INFO: Run Behavior\BuildLiteBehavior [ RunTime:0.000039s ]
INFO: [ app_init ] --END-- [ RunTime:0.000755s ]
INFO: [ app_begin ] --START--
INFO: Run Behavior\ReadHtmlCacheBehavior [ RunTime:0.000948s ]
INFO: [ app_begin ] --END-- [ RunTime:0.001091s ]
SQL: SHOW COLUMNS FROM `tp_article` [ RunTime:0.0080s ]
SQL: SHOW COLUMNS FROM `tp_program` [ RunTime:0.0081s ]
SQL: SELECT `pro_id`,`pro_name`,`pro_url` FROM `tp_program` WHERE ( pro_topid=2 )  [ RunTime:0.0007s ]
SQL: SELECT a.art_id,a.art_purl,a.art_title,a.art_description,a.art_writer,a.art_topid,a.art_click,a.art_source,a.art_time,p.pro_name FROM tp_article a left join tp_program p on a.art_topid=p.pro_id  WHERE `pro_id` IN ('24','25','26','27') ORDER BY art_id desc LIMIT 0,5   [ RunTime:0.0010s ]
INFO: [ view_parse ] --START--
INFO: [ template_filter ] --START--
INFO: Run Behavior\ContentReplaceBehavior [ RunTime:0.000138s ]
INFO: [ template_filter ] --END-- [ RunTime:0.000300s ]
INFO: Run Behavior\ParseTemplateBehavior [ RunTime:0.015595s ]
INFO: [ view_parse ] --END-- [ RunTime:0.016200s ]
INFO: [ view_filter ] --START--
INFO: Run Behavior\WriteHtmlCacheBehavior [ RunTime:0.000857s ]
INFO: [ view_filter ] --END-- [ RunTime:0.001056s ]
INFO: [ app_end ] --START--
INFO: Run Behavior\ShowPageTraceBehavior [ RunTime:0.001237s ]
INFO: [ app_end ] --END-- [ RunTime:0.001413s ]

[ 2016-03-04T00:29:42+08:00 ] 127.0.0.1 /index.php/Index/fitness/p/2.html
INFO: [ app_init ] --START--
INFO: Run Behavior\BuildLiteBehavior [ RunTime:0.000042s ]
INFO: [ app_init ] --END-- [ RunTime:0.000850s ]
INFO: [ app_begin ] --START--
INFO: Run Behavior\ReadHtmlCacheBehavior [ RunTime:0.000952s ]
INFO: [ app_begin ] --END-- [ RunTime:0.001149s ]
SQL: SHOW COLUMNS FROM `tp_article` [ RunTime:0.0107s ]
SQL: SHOW COLUMNS FROM `tp_program` [ RunTime:0.0080s ]
SQL: SELECT `pro_url` FROM `tp_program` WHERE ( pro_id=2 ) LIMIT 1   [ RunTime:0.0006s ]
SQL: SELECT `pro_name` FROM `tp_program` WHERE ( pro_id=2 ) LIMIT 1   [ RunTime:0.0004s ]
NOTIC: [8] Undefined index: u E:\www\mynote2\Application\Home\Controller\IndexController.class.php 第 247 行.
SQL: SELECT `pro_id`,`pro_name`,`pro_url` FROM `tp_program` WHERE ( pro_topid=2 )  [ RunTime:0.0005s ]
SQL: SELECT COUNT(*) AS tp_count FROM `tp_article` WHERE `art_topid` IN ('24','25','26','27') LIMIT 1   [ RunTime:0.0010s ]
SQL: SELECT a.art_id,a.art_purl,a.art_title,a.art_description,a.art_writer,a.art_topid,a.art_click,a.art_source,a.art_time,p.pro_name FROM tp_article a left join tp_program p on a.art_topid=p.pro_id  WHERE `pro_id` IN ('24','25','26','27') ORDER BY art_id desc LIMIT 5,5   [ RunTime:0.0044s ]
SQL: SELECT `art_id`,`art_title` FROM `tp_article` WHERE `art_topid` IN ('24','25','26','27') ORDER BY art_click LIMIT 5   [ RunTime:0.0009s ]
SQL: SELECT `art_id`,`art_title` FROM `tp_article` WHERE `art_topid` IN ('24','25','26','27') AND ( art_recommend=1 ) ORDER BY art_click LIMIT 5   [ RunTime:0.0008s ]
SQL: SELECT `pro_name` FROM `tp_program` WHERE ( pro_url='fitness' ) LIMIT 1   [ RunTime:0.0006s ]
INFO: [ view_parse ] --START--
INFO: [ template_filter ] --START--
INFO: Run Behavior\ContentReplaceBehavior [ RunTime:0.000240s ]
INFO: [ template_filter ] --END-- [ RunTime:0.000442s ]
INFO: Run Behavior\ParseTemplateBehavior [ RunTime:0.040342s ]
INFO: [ view_parse ] --END-- [ RunTime:0.040599s ]
INFO: [ view_filter ] --START--
INFO: Run Behavior\WriteHtmlCacheBehavior [ RunTime:0.001112s ]
INFO: [ view_filter ] --END-- [ RunTime:0.001422s ]
INFO: [ app_end ] --START--
INFO: Run Behavior\ShowPageTraceBehavior [ RunTime:0.001586s ]
INFO: [ app_end ] --END-- [ RunTime:0.001821s ]

