[ 2016-02-28T14:14:33+08:00 ] 127.0.0.1 /
INFO: [ app_init ] --START--
INFO: Run Behavior\BuildLiteBehavior [ RunTime:0.000049s ]
INFO: [ app_init ] --END-- [ RunTime:0.000913s ]
INFO: [ app_begin ] --START--
INFO: Run Behavior\ReadHtmlCacheBehavior [ RunTime:0.001209s ]
INFO: [ app_begin ] --END-- [ RunTime:0.001440s ]
SQL: SHOW COLUMNS FROM `tp_article` [ RunTime:0.0442s ]
SQL: SHOW COLUMNS FROM `tp_program` [ RunTime:0.0354s ]
SQL: SELECT a.art_id,a.art_title,a.art_purl,a.art_description,a.art_writer,a.art_topid,a.art_click,a.art_source,a.art_time,p.pro_name FROM tp_article a left join tp_program p on a.art_topid=p.pro_id  WHERE ( a.art_topid>0 ) ORDER BY art_id desc LIMIT 5   [ RunTime:0.0035s ]
SQL: SELECT `pro_id`,`pro_name`,`pro_url` FROM `tp_program` WHERE ( pro_topid=1 )  [ RunTime:0.0005s ]
SQL: SELECT `pro_id`,`pro_name`,`pro_url` FROM `tp_program` WHERE ( pro_topid=2 )  [ RunTime:0.0009s ]
SQL: SELECT `art_id`,`art_title` FROM `tp_article` WHERE `art_topid` IN ('19','20','21','22') ORDER BY art_id desc LIMIT 5   [ RunTime:0.0006s ]
SQL: SELECT `art_id`,`art_title` FROM `tp_article` WHERE `art_topid` IN ('24','25','26','27') ORDER BY art_id desc LIMIT 5   [ RunTime:0.0005s ]
INFO: [ view_parse ] --START--
INFO: [ template_filter ] --START--
INFO: Run Behavior\ContentReplaceBehavior [ RunTime:0.000174s ]
INFO: [ template_filter ] --END-- [ RunTime:0.000340s ]
INFO: Run Behavior\ParseTemplateBehavior [ RunTime:0.050951s ]
INFO: [ view_parse ] --END-- [ RunTime:0.051167s ]
INFO: [ view_filter ] --START--
INFO: Run Behavior\WriteHtmlCacheBehavior [ RunTime:0.000734s ]
INFO: [ view_filter ] --END-- [ RunTime:0.000905s ]
INFO: [ app_end ] --START--
INFO: Run Behavior\ShowPageTraceBehavior [ RunTime:0.001021s ]
INFO: [ app_end ] --END-- [ RunTime:0.001195s ]

[ 2016-02-28T14:14:37+08:00 ] 127.0.0.1 /index.php/index/program/p/1.html
INFO: [ app_init ] --START--
INFO: Run Behavior\BuildLiteBehavior [ RunTime:0.000041s ]
INFO: [ app_init ] --END-- [ RunTime:0.000849s ]
INFO: [ app_begin ] --START--
INFO: Run Behavior\ReadHtmlCacheBehavior [ RunTime:0.001318s ]
INFO: [ app_begin ] --END-- [ RunTime:0.001632s ]
SQL: SHOW COLUMNS FROM `tp_article` [ RunTime:0.0066s ]
SQL: SHOW COLUMNS FROM `tp_program` [ RunTime:0.0107s ]
SQL: SELECT `pro_url` FROM `tp_program` WHERE ( pro_id=1 ) LIMIT 1   [ RunTime:0.0012s ]
SQL: SELECT `pro_name` FROM `tp_program` WHERE ( pro_id=1 ) LIMIT 1   [ RunTime:0.0019s ]
NOTIC: [8] Undefined index: u E:\www\mynote2\Application\Home\Controller\IndexController.class.php 第 279 行.
SQL: SELECT `pro_id`,`pro_name`,`pro_url` FROM `tp_program` WHERE ( pro_topid=1 )  [ RunTime:0.0005s ]
SQL: SELECT COUNT(*) AS tp_count FROM `tp_article` WHERE `art_topid` IN ('19','20','21','22') LIMIT 1   [ RunTime:0.0007s ]
SQL: SELECT a.art_id,a.art_purl,a.art_title,a.art_description,a.art_writer,a.art_topid,a.art_click,a.art_source,a.art_time,p.pro_name FROM tp_article a left join tp_program p on a.art_topid=p.pro_id  WHERE `pro_id` IN ('19','20','21','22') ORDER BY art_id desc LIMIT 0,3   [ RunTime:0.0015s ]
SQL: SELECT `art_id`,`art_title` FROM `tp_article` WHERE `art_topid` IN ('19','20','21','22') ORDER BY art_click LIMIT 5   [ RunTime:0.0005s ]
SQL: SELECT `art_id`,`art_title` FROM `tp_article` WHERE `art_topid` IN ('19','20','21','22') AND ( art_recommend=1 ) ORDER BY art_click LIMIT 5   [ RunTime:0.0003s ]
SQL: SELECT `pro_name` FROM `tp_program` WHERE ( pro_url='program' ) LIMIT 1   [ RunTime:0.0003s ]
INFO: [ view_parse ] --START--
INFO: [ template_filter ] --START--
INFO: Run Behavior\ContentReplaceBehavior [ RunTime:0.000191s ]
INFO: [ template_filter ] --END-- [ RunTime:0.000392s ]
INFO: Run Behavior\ParseTemplateBehavior [ RunTime:0.036703s ]
INFO: [ view_parse ] --END-- [ RunTime:0.036960s ]
INFO: [ view_filter ] --START--
INFO: Run Behavior\WriteHtmlCacheBehavior [ RunTime:0.000981s ]
INFO: [ view_filter ] --END-- [ RunTime:0.001151s ]
INFO: [ app_end ] --START--
INFO: Run Behavior\ShowPageTraceBehavior [ RunTime:0.001208s ]
INFO: [ app_end ] --END-- [ RunTime:0.001414s ]

[ 2016-02-28T14:14:39+08:00 ] 127.0.0.1 /index.php/index/art/id/5/p/1.html
INFO: [ app_init ] --START--
INFO: Run Behavior\BuildLiteBehavior [ RunTime:0.000042s ]
INFO: [ app_init ] --END-- [ RunTime:0.000736s ]
INFO: [ app_begin ] --START--
INFO: Run Behavior\ReadHtmlCacheBehavior [ RunTime:0.000982s ]
INFO: [ app_begin ] --END-- [ RunTime:0.001148s ]
SQL: SHOW COLUMNS FROM `tp_article` [ RunTime:0.0056s ]
SQL: SHOW COLUMNS FROM `tp_program` [ RunTime:0.0050s ]
SQL: SELECT `art_click` FROM `tp_article` WHERE ( art_id=5 ) LIMIT 1   [ RunTime:0.0003s ]
SQL: UPDATE `tp_article` SET `art_click`='89' WHERE ( art_id=5 ) [ RunTime:0.0017s ]
SQL: SELECT a.art_topid,p.pro_name,p.pro_url,p.pro_topid FROM tp_article a left join tp_program p on a.art_topid=p.pro_id  WHERE ( art_id=5 ) LIMIT 1   [ RunTime:0.0010s ]
SQL: SELECT `pro_name`,`pro_url` FROM `tp_program` WHERE ( pro_id=1 ) LIMIT 1   [ RunTime:0.0005s ]
SQL: SELECT * FROM `tp_article` WHERE ( art_id=5 ) LIMIT 1   [ RunTime:0.0005s ]
SQL: SELECT `pro_topid` FROM `tp_program` WHERE ( pro_id=19 ) LIMIT 1   [ RunTime:0.0003s ]
SQL: SELECT `pro_url` FROM `tp_program` WHERE ( pro_id=1 ) LIMIT 1   [ RunTime:0.0003s ]
SQL: SELECT `pro_url`,`pro_name` FROM `tp_program` WHERE ( pro_topid=1 )  [ RunTime:0.0004s ]
SQL: SELECT `art_id`,`art_title` FROM `tp_article` WHERE ( art_topid=19 ) ORDER BY art_click LIMIT 5   [ RunTime:0.0004s ]
SQL: SELECT `art_id`,`art_title` FROM `tp_article` WHERE ( art_recommend=1 ) ORDER BY art_click LIMIT 5   [ RunTime:0.0003s ]
INFO: [ app_end ] --START--
INFO: Run Behavior\ShowPageTraceBehavior [ RunTime:0.001061s ]
INFO: [ app_end ] --END-- [ RunTime:0.001220s ]

[ 2016-02-28T14:14:47+08:00 ] 127.0.0.1 /index.php/index/program/u/tools/p/1.html
INFO: [ app_init ] --START--
INFO: Run Behavior\BuildLiteBehavior [ RunTime:0.000044s ]
INFO: [ app_init ] --END-- [ RunTime:0.001586s ]
INFO: [ app_begin ] --START--
INFO: Run Behavior\ReadHtmlCacheBehavior [ RunTime:0.000916s ]
INFO: [ app_begin ] --END-- [ RunTime:0.001084s ]
SQL: SHOW COLUMNS FROM `tp_article` [ RunTime:0.0058s ]
SQL: SHOW COLUMNS FROM `tp_program` [ RunTime:0.0083s ]
SQL: SELECT `pro_url` FROM `tp_program` WHERE ( pro_id=1 ) LIMIT 1   [ RunTime:0.0009s ]
SQL: SELECT `pro_name` FROM `tp_program` WHERE ( pro_id=1 ) LIMIT 1   [ RunTime:0.0004s ]
SQL: SELECT `pro_id`,`pro_name`,`pro_url` FROM `tp_program` WHERE ( pro_topid=1 )  [ RunTime:0.0006s ]
SQL: SELECT COUNT(*) AS tp_count FROM `tp_article` WHERE ( art_topid=20 ) LIMIT 1   [ RunTime:0.0003s ]
SQL: SELECT a.art_id,a.art_title,a.art_purl,a.art_description,a.art_writer,a.art_topid,a.art_click,a.art_source,a.art_time,p.pro_name FROM tp_article a left join tp_program p on a.art_topid=p.pro_id  WHERE ( art_topid=20 ) ORDER BY art_id desc LIMIT 0,3   [ RunTime:0.0005s ]
SQL: SELECT `art_id`,`art_title` FROM `tp_article` WHERE ( art_topid=20 ) ORDER BY art_click LIMIT 5   [ RunTime:0.0003s ]
SQL: SELECT `art_id`,`art_title` FROM `tp_article` WHERE ( art_recommend=1 ) ORDER BY art_click LIMIT 5   [ RunTime:0.0003s ]
SQL: SELECT `pro_name` FROM `tp_program` WHERE ( pro_url='program' ) LIMIT 1   [ RunTime:0.0003s ]
SQL: SELECT `pro_name` FROM `tp_program` WHERE ( pro_url='tools' ) LIMIT 1   [ RunTime:0.0003s ]
INFO: [ view_parse ] --START--
INFO: [ template_filter ] --START--
INFO: Run Behavior\ContentReplaceBehavior [ RunTime:0.000182s ]
INFO: [ template_filter ] --END-- [ RunTime:0.000357s ]
INFO: Run Behavior\ParseTemplateBehavior [ RunTime:0.026790s ]
INFO: [ view_parse ] --END-- [ RunTime:0.027024s ]
INFO: [ view_filter ] --START--
INFO: Run Behavior\WriteHtmlCacheBehavior [ RunTime:0.000786s ]
INFO: [ view_filter ] --END-- [ RunTime:0.000961s ]
INFO: [ app_end ] --START--
INFO: Run Behavior\ShowPageTraceBehavior [ RunTime:0.001094s ]
INFO: [ app_end ] --END-- [ RunTime:0.001300s ]

[ 2016-02-28T14:14:49+08:00 ] 127.0.0.1 /index.php/index/program/u/wars/p/1.html
INFO: [ app_init ] --START--
INFO: Run Behavior\BuildLiteBehavior [ RunTime:0.000062s ]
INFO: [ app_init ] --END-- [ RunTime:0.001142s ]
INFO: [ app_begin ] --START--
INFO: Run Behavior\ReadHtmlCacheBehavior [ RunTime:0.001043s ]
INFO: [ app_begin ] --END-- [ RunTime:0.001246s ]
SQL: SHOW COLUMNS FROM `tp_article` [ RunTime:0.0138s ]
SQL: SHOW COLUMNS FROM `tp_program` [ RunTime:0.0071s ]
SQL: SELECT `pro_url` FROM `tp_program` WHERE ( pro_id=1 ) LIMIT 1   [ RunTime:0.0012s ]
SQL: SELECT `pro_name` FROM `tp_program` WHERE ( pro_id=1 ) LIMIT 1   [ RunTime:0.0005s ]
SQL: SELECT `pro_id`,`pro_name`,`pro_url` FROM `tp_program` WHERE ( pro_topid=1 )  [ RunTime:0.0004s ]
SQL: SELECT COUNT(*) AS tp_count FROM `tp_article` WHERE ( art_topid=21 ) LIMIT 1   [ RunTime:0.0004s ]
SQL: SELECT a.art_id,a.art_title,a.art_purl,a.art_description,a.art_writer,a.art_topid,a.art_click,a.art_source,a.art_time,p.pro_name FROM tp_article a left join tp_program p on a.art_topid=p.pro_id  WHERE ( art_topid=21 ) ORDER BY art_id desc LIMIT 0,3   [ RunTime:0.0014s ]
SQL: SELECT `art_id`,`art_title` FROM `tp_article` WHERE ( art_topid=21 ) ORDER BY art_click LIMIT 5   [ RunTime:0.0010s ]
SQL: SELECT `art_id`,`art_title` FROM `tp_article` WHERE ( art_recommend=1 ) ORDER BY art_click LIMIT 5   [ RunTime:0.0011s ]
SQL: SELECT `pro_name` FROM `tp_program` WHERE ( pro_url='program' ) LIMIT 1   [ RunTime:0.0065s ]
SQL: SELECT `pro_name` FROM `tp_program` WHERE ( pro_url='wars' ) LIMIT 1   [ RunTime:0.0007s ]
INFO: [ view_parse ] --START--
INFO: [ template_filter ] --START--
INFO: Run Behavior\ContentReplaceBehavior [ RunTime:0.000185s ]
INFO: [ template_filter ] --END-- [ RunTime:0.000362s ]
INFO: Run Behavior\ParseTemplateBehavior [ RunTime:0.041784s ]
INFO: [ view_parse ] --END-- [ RunTime:0.042021s ]
INFO: [ view_filter ] --START--
INFO: Run Behavior\WriteHtmlCacheBehavior [ RunTime:0.000669s ]
INFO: [ view_filter ] --END-- [ RunTime:0.000826s ]
INFO: [ app_end ] --START--
INFO: Run Behavior\ShowPageTraceBehavior [ RunTime:0.000996s ]
INFO: [ app_end ] --END-- [ RunTime:0.001151s ]

[ 2016-02-28T14:14:50+08:00 ] 127.0.0.1 /index.php/index/program/u/others/p/1.html
INFO: [ app_init ] --START--
INFO: Run Behavior\BuildLiteBehavior [ RunTime:0.000054s ]
INFO: [ app_init ] --END-- [ RunTime:0.001051s ]
INFO: [ app_begin ] --START--
INFO: Run Behavior\ReadHtmlCacheBehavior [ RunTime:0.001508s ]
INFO: [ app_begin ] --END-- [ RunTime:0.001827s ]
SQL: SHOW COLUMNS FROM `tp_article` [ RunTime:0.0072s ]
SQL: SHOW COLUMNS FROM `tp_program` [ RunTime:0.0066s ]
SQL: SELECT `pro_url` FROM `tp_program` WHERE ( pro_id=1 ) LIMIT 1   [ RunTime:0.0007s ]
SQL: SELECT `pro_name` FROM `tp_program` WHERE ( pro_id=1 ) LIMIT 1   [ RunTime:0.0110s ]
SQL: SELECT `pro_id`,`pro_name`,`pro_url` FROM `tp_program` WHERE ( pro_topid=1 )  [ RunTime:0.0007s ]
SQL: SELECT COUNT(*) AS tp_count FROM `tp_article` WHERE ( art_topid=22 ) LIMIT 1   [ RunTime:0.0007s ]
SQL: SELECT a.art_id,a.art_title,a.art_purl,a.art_description,a.art_writer,a.art_topid,a.art_click,a.art_source,a.art_time,p.pro_name FROM tp_article a left join tp_program p on a.art_topid=p.pro_id  WHERE ( art_topid=22 ) ORDER BY art_id desc LIMIT 0,3   [ RunTime:0.0015s ]
SQL: SELECT `art_id`,`art_title` FROM `tp_article` WHERE ( art_topid=22 ) ORDER BY art_click LIMIT 5   [ RunTime:0.0009s ]
SQL: SELECT `art_id`,`art_title` FROM `tp_article` WHERE ( art_recommend=1 ) ORDER BY art_click LIMIT 5   [ RunTime:0.0005s ]
SQL: SELECT `pro_name` FROM `tp_program` WHERE ( pro_url='program' ) LIMIT 1   [ RunTime:0.0016s ]
SQL: SELECT `pro_name` FROM `tp_program` WHERE ( pro_url='others' ) LIMIT 1   [ RunTime:0.0003s ]
INFO: [ view_parse ] --START--
INFO: [ template_filter ] --START--
INFO: Run Behavior\ContentReplaceBehavior [ RunTime:0.000207s ]
INFO: [ template_filter ] --END-- [ RunTime:0.000499s ]
INFO: Run Behavior\ParseTemplateBehavior [ RunTime:0.033095s ]
INFO: [ view_parse ] --END-- [ RunTime:0.033330s ]
INFO: [ view_filter ] --START--
INFO: Run Behavior\WriteHtmlCacheBehavior [ RunTime:0.000654s ]
INFO: [ view_filter ] --END-- [ RunTime:0.000811s ]
INFO: [ app_end ] --START--
INFO: Run Behavior\ShowPageTraceBehavior [ RunTime:0.001041s ]
INFO: [ app_end ] --END-- [ RunTime:0.001198s ]

[ 2016-02-28T14:14:52+08:00 ] 127.0.0.1 /index.php/index/program/u/tools/p/1.html
INFO: [ app_init ] --START--
INFO: Run Behavior\BuildLiteBehavior [ RunTime:0.000037s ]
INFO: [ app_init ] --END-- [ RunTime:0.000686s ]
INFO: [ app_begin ] --START--
INFO: Run Behavior\ReadHtmlCacheBehavior [ RunTime:0.000796s ]
INFO: [ app_begin ] --END-- [ RunTime:0.000960s ]
SQL: SHOW COLUMNS FROM `tp_article` [ RunTime:0.0149s ]
SQL: SHOW COLUMNS FROM `tp_program` [ RunTime:0.0094s ]
SQL: SELECT `pro_url` FROM `tp_program` WHERE ( pro_id=1 ) LIMIT 1   [ RunTime:0.0006s ]
SQL: SELECT `pro_name` FROM `tp_program` WHERE ( pro_id=1 ) LIMIT 1   [ RunTime:0.0005s ]
SQL: SELECT `pro_id`,`pro_name`,`pro_url` FROM `tp_program` WHERE ( pro_topid=1 )  [ RunTime:0.0007s ]
SQL: SELECT COUNT(*) AS tp_count FROM `tp_article` WHERE ( art_topid=20 ) LIMIT 1   [ RunTime:0.0006s ]
SQL: SELECT a.art_id,a.art_title,a.art_purl,a.art_description,a.art_writer,a.art_topid,a.art_click,a.art_source,a.art_time,p.pro_name FROM tp_article a left join tp_program p on a.art_topid=p.pro_id  WHERE ( art_topid=20 ) ORDER BY art_id desc LIMIT 0,3   [ RunTime:0.0063s ]
SQL: SELECT `art_id`,`art_title` FROM `tp_article` WHERE ( art_topid=20 ) ORDER BY art_click LIMIT 5   [ RunTime:0.0006s ]
SQL: SELECT `art_id`,`art_title` FROM `tp_article` WHERE ( art_recommend=1 ) ORDER BY art_click LIMIT 5   [ RunTime:0.0017s ]
SQL: SELECT `pro_name` FROM `tp_program` WHERE ( pro_url='program' ) LIMIT 1   [ RunTime:0.0006s ]
SQL: SELECT `pro_name` FROM `tp_program` WHERE ( pro_url='tools' ) LIMIT 1   [ RunTime:0.0005s ]
INFO: [ view_parse ] --START--
INFO: [ template_filter ] --START--
INFO: Run Behavior\ContentReplaceBehavior [ RunTime:0.000186s ]
INFO: [ template_filter ] --END-- [ RunTime:0.000364s ]
INFO: Run Behavior\ParseTemplateBehavior [ RunTime:0.033466s ]
INFO: [ view_parse ] --END-- [ RunTime:0.033778s ]
INFO: [ view_filter ] --START--
INFO: Run Behavior\WriteHtmlCacheBehavior [ RunTime:0.000677s ]
INFO: [ view_filter ] --END-- [ RunTime:0.000828s ]
INFO: [ app_end ] --START--
INFO: Run Behavior\ShowPageTraceBehavior [ RunTime:0.000931s ]
INFO: [ app_end ] --END-- [ RunTime:0.001079s ]

[ 2016-02-28T14:14:54+08:00 ] 127.0.0.1 /index.php/index/program/u/php/p/1.html
INFO: [ app_init ] --START--
INFO: Run Behavior\BuildLiteBehavior [ RunTime:0.000039s ]
INFO: [ app_init ] --END-- [ RunTime:0.000706s ]
INFO: [ app_begin ] --START--
INFO: Run Behavior\ReadHtmlCacheBehavior [ RunTime:0.000963s ]
INFO: [ app_begin ] --END-- [ RunTime:0.001155s ]
SQL: SHOW COLUMNS FROM `tp_article` [ RunTime:0.0067s ]
SQL: SHOW COLUMNS FROM `tp_program` [ RunTime:0.0070s ]
SQL: SELECT `pro_url` FROM `tp_program` WHERE ( pro_id=1 ) LIMIT 1   [ RunTime:0.0071s ]
SQL: SELECT `pro_name` FROM `tp_program` WHERE ( pro_id=1 ) LIMIT 1   [ RunTime:0.0005s ]
SQL: SELECT `pro_id`,`pro_name`,`pro_url` FROM `tp_program` WHERE ( pro_topid=1 )  [ RunTime:0.0005s ]
SQL: SELECT COUNT(*) AS tp_count FROM `tp_article` WHERE ( art_topid=19 ) LIMIT 1   [ RunTime:0.0003s ]
SQL: SELECT a.art_id,a.art_title,a.art_purl,a.art_description,a.art_writer,a.art_topid,a.art_click,a.art_source,a.art_time,p.pro_name FROM tp_article a left join tp_program p on a.art_topid=p.pro_id  WHERE ( art_topid=19 ) ORDER BY art_id desc LIMIT 0,3   [ RunTime:0.0006s ]
SQL: SELECT `art_id`,`art_title` FROM `tp_article` WHERE ( art_topid=19 ) ORDER BY art_click LIMIT 5   [ RunTime:0.0004s ]
SQL: SELECT `art_id`,`art_title` FROM `tp_article` WHERE ( art_recommend=1 ) ORDER BY art_click LIMIT 5   [ RunTime:0.0004s ]
SQL: SELECT `pro_name` FROM `tp_program` WHERE ( pro_url='program' ) LIMIT 1   [ RunTime:0.0006s ]
SQL: SELECT `pro_name` FROM `tp_program` WHERE ( pro_url='php' ) LIMIT 1   [ RunTime:0.0005s ]
INFO: [ view_parse ] --START--
INFO: [ template_filter ] --START--
INFO: Run Behavior\ContentReplaceBehavior [ RunTime:0.000188s ]
INFO: [ template_filter ] --END-- [ RunTime:0.000360s ]
INFO: Run Behavior\ParseTemplateBehavior [ RunTime:0.032578s ]
INFO: [ view_parse ] --END-- [ RunTime:0.032820s ]
INFO: [ view_filter ] --START--
INFO: Run Behavior\WriteHtmlCacheBehavior [ RunTime:0.001338s ]
INFO: [ view_filter ] --END-- [ RunTime:0.001596s ]
INFO: [ app_end ] --START--
INFO: Run Behavior\ShowPageTraceBehavior [ RunTime:0.001142s ]
INFO: [ app_end ] --END-- [ RunTime:0.001317s ]

[ 2016-02-28T14:14:56+08:00 ] 127.0.0.1 /index.php/index/program/u/tools/p/1.html
INFO: [ app_init ] --START--
INFO: Run Behavior\BuildLiteBehavior [ RunTime:0.000039s ]
INFO: [ app_init ] --END-- [ RunTime:0.000964s ]
INFO: [ app_begin ] --START--
INFO: Run Behavior\ReadHtmlCacheBehavior [ RunTime:0.000868s ]
INFO: [ app_begin ] --END-- [ RunTime:0.001087s ]
SQL: SHOW COLUMNS FROM `tp_article` [ RunTime:0.0143s ]
SQL: SHOW COLUMNS FROM `tp_program` [ RunTime:0.0064s ]
SQL: SELECT `pro_url` FROM `tp_program` WHERE ( pro_id=1 ) LIMIT 1   [ RunTime:0.0006s ]
SQL: SELECT `pro_name` FROM `tp_program` WHERE ( pro_id=1 ) LIMIT 1   [ RunTime:0.0005s ]
SQL: SELECT `pro_id`,`pro_name`,`pro_url` FROM `tp_program` WHERE ( pro_topid=1 )  [ RunTime:0.0005s ]
SQL: SELECT COUNT(*) AS tp_count FROM `tp_article` WHERE ( art_topid=20 ) LIMIT 1   [ RunTime:0.0004s ]
SQL: SELECT a.art_id,a.art_title,a.art_purl,a.art_description,a.art_writer,a.art_topid,a.art_click,a.art_source,a.art_time,p.pro_name FROM tp_article a left join tp_program p on a.art_topid=p.pro_id  WHERE ( art_topid=20 ) ORDER BY art_id desc LIMIT 0,3   [ RunTime:0.0008s ]
SQL: SELECT `art_id`,`art_title` FROM `tp_article` WHERE ( art_topid=20 ) ORDER BY art_click LIMIT 5   [ RunTime:0.0009s ]
SQL: SELECT `art_id`,`art_title` FROM `tp_article` WHERE ( art_recommend=1 ) ORDER BY art_click LIMIT 5   [ RunTime:0.0007s ]
SQL: SELECT `pro_name` FROM `tp_program` WHERE ( pro_url='program' ) LIMIT 1   [ RunTime:0.0028s ]
SQL: SELECT `pro_name` FROM `tp_program` WHERE ( pro_url='tools' ) LIMIT 1   [ RunTime:0.0016s ]
INFO: [ view_parse ] --START--
INFO: [ template_filter ] --START--
INFO: Run Behavior\ContentReplaceBehavior [ RunTime:0.000193s ]
INFO: [ template_filter ] --END-- [ RunTime:0.000384s ]
INFO: Run Behavior\ParseTemplateBehavior [ RunTime:0.039141s ]
INFO: [ view_parse ] --END-- [ RunTime:0.039449s ]
INFO: [ view_filter ] --START--
INFO: Run Behavior\WriteHtmlCacheBehavior [ RunTime:0.000737s ]
INFO: [ view_filter ] --END-- [ RunTime:0.000894s ]
INFO: [ app_end ] --START--
INFO: Run Behavior\ShowPageTraceBehavior [ RunTime:0.001107s ]
INFO: [ app_end ] --END-- [ RunTime:0.001272s ]

[ 2016-02-28T14:15:33+08:00 ] 127.0.0.1 /index.php/index/art/id/20.html
INFO: [ app_init ] --START--
INFO: Run Behavior\BuildLiteBehavior [ RunTime:0.000041s ]
INFO: [ app_init ] --END-- [ RunTime:0.000746s ]
INFO: [ app_begin ] --START--
INFO: Run Behavior\ReadHtmlCacheBehavior [ RunTime:0.000809s ]
INFO: [ app_begin ] --END-- [ RunTime:0.000966s ]
SQL: SHOW COLUMNS FROM `tp_article` [ RunTime:0.0100s ]
SQL: SHOW COLUMNS FROM `tp_program` [ RunTime:0.0064s ]
SQL: SELECT `art_click` FROM `tp_article` WHERE ( art_id=20 ) LIMIT 1   [ RunTime:0.0010s ]
SQL: UPDATE `tp_article` SET `art_click`='87' WHERE ( art_id=20 ) [ RunTime:0.0012s ]
SQL: SELECT a.art_topid,p.pro_name,p.pro_url,p.pro_topid FROM tp_article a left join tp_program p on a.art_topid=p.pro_id  WHERE ( art_id=20 ) LIMIT 1   [ RunTime:0.0007s ]
SQL: SELECT `pro_name`,`pro_url` FROM `tp_program` WHERE ( pro_id=2 ) LIMIT 1   [ RunTime:0.0005s ]
SQL: SELECT * FROM `tp_article` WHERE ( art_id=20 ) LIMIT 1   [ RunTime:0.0024s ]
SQL: SELECT `pro_topid` FROM `tp_program` WHERE ( pro_id=24 ) LIMIT 1   [ RunTime:0.0059s ]
SQL: SELECT `pro_url` FROM `tp_program` WHERE ( pro_id=2 ) LIMIT 1   [ RunTime:0.0006s ]
SQL: SELECT `pro_url`,`pro_name` FROM `tp_program` WHERE ( pro_topid=2 )  [ RunTime:0.0007s ]
SQL: SELECT `art_id`,`art_title` FROM `tp_article` WHERE ( art_topid=24 ) ORDER BY art_click LIMIT 5   [ RunTime:0.0006s ]
SQL: SELECT `art_id`,`art_title` FROM `tp_article` WHERE ( art_recommend=1 ) ORDER BY art_click LIMIT 5   [ RunTime:0.0003s ]
INFO: [ app_end ] --START--
INFO: Run Behavior\ShowPageTraceBehavior [ RunTime:0.001128s ]
INFO: [ app_end ] --END-- [ RunTime:0.001288s ]

[ 2016-02-28T14:16:21+08:00 ] 127.0.0.1 /index.php/index/art/id/20.html
INFO: [ app_init ] --START--
INFO: Run Behavior\BuildLiteBehavior [ RunTime:0.000038s ]
INFO: [ app_init ] --END-- [ RunTime:0.000681s ]
INFO: [ app_begin ] --START--
INFO: Run Behavior\ReadHtmlCacheBehavior [ RunTime:0.000868s ]
INFO: [ app_begin ] --END-- [ RunTime:0.001027s ]
SQL: SHOW COLUMNS FROM `tp_article` [ RunTime:0.0076s ]
SQL: SHOW COLUMNS FROM `tp_program` [ RunTime:0.0069s ]
SQL: SELECT `art_click` FROM `tp_article` WHERE ( art_id=20 ) LIMIT 1   [ RunTime:0.0005s ]
SQL: UPDATE `tp_article` SET `art_click`='88' WHERE ( art_id=20 ) [ RunTime:0.0006s ]
SQL: SELECT a.art_topid,p.pro_name,p.pro_url,p.pro_topid FROM tp_article a left join tp_program p on a.art_topid=p.pro_id  WHERE ( art_id=20 ) LIMIT 1   [ RunTime:0.0006s ]
SQL: SELECT `pro_name`,`pro_url` FROM `tp_program` WHERE ( pro_id=2 ) LIMIT 1   [ RunTime:0.0005s ]
SQL: SELECT * FROM `tp_article` WHERE ( art_id=20 ) LIMIT 1   [ RunTime:0.0004s ]
SQL: SELECT `pro_topid` FROM `tp_program` WHERE ( pro_id=24 ) LIMIT 1   [ RunTime:0.0003s ]
SQL: SELECT `pro_url` FROM `tp_program` WHERE ( pro_id=2 ) LIMIT 1   [ RunTime:0.0003s ]
SQL: SELECT `pro_url`,`pro_name` FROM `tp_program` WHERE ( pro_topid=2 )  [ RunTime:0.0003s ]
SQL: SELECT `art_id`,`art_title` FROM `tp_article` WHERE ( art_topid=24 ) ORDER BY art_click LIMIT 5   [ RunTime:0.0003s ]
SQL: SELECT `art_id`,`art_title` FROM `tp_article` WHERE ( art_recommend=1 ) ORDER BY art_click LIMIT 5   [ RunTime:0.0003s ]
SQL: SELECT `art_id` FROM `tp_article` WHERE ( art_topid=24 )  [ RunTime:0.0003s ]
SQL: SELECT `art_title` FROM `tp_article` WHERE ( art_id=19 ) LIMIT 1   [ RunTime:0.0003s ]
SQL: SELECT `art_title` FROM `tp_article` WHERE ( art_id=21 ) LIMIT 1   [ RunTime:0.0002s ]
SQL: SELECT a.art_topid,p.pro_name,p.pro_url,p.pro_topid FROM tp_article a left join tp_program p on a.art_topid=p.pro_id  WHERE ( art_id=20 ) LIMIT 1   [ RunTime:0.0003s ]
SQL: SELECT `pro_name`,`pro_url` FROM `tp_program` WHERE ( pro_id=2 ) LIMIT 1   [ RunTime:0.0003s ]
INFO: [ view_parse ] --START--
INFO: [ template_filter ] --START--
INFO: Run Behavior\ContentReplaceBehavior [ RunTime:0.000234s ]
INFO: [ template_filter ] --END-- [ RunTime:0.000478s ]
NOTIC: [8] Undefined variable: pros E:\www\mynote2\Application\Runtime\Cache\Home\90f46c694e5072416172d26c4d242c62.php 第 95 行.
INFO: Run Behavior\ParseTemplateBehavior [ RunTime:0.022843s ]
INFO: [ view_parse ] --END-- [ RunTime:0.023124s ]
INFO: [ view_filter ] --START--
INFO: Run Behavior\WriteHtmlCacheBehavior [ RunTime:0.000671s ]
INFO: [ view_filter ] --END-- [ RunTime:0.000832s ]
INFO: [ app_end ] --START--
INFO: Run Behavior\ShowPageTraceBehavior [ RunTime:0.000890s ]
INFO: [ app_end ] --END-- [ RunTime:0.001059s ]

[ 2016-02-28T14:16:52+08:00 ] 127.0.0.1 /index.php/index/art/id/20.html
INFO: [ app_init ] --START--
INFO: Run Behavior\BuildLiteBehavior [ RunTime:0.000047s ]
INFO: [ app_init ] --END-- [ RunTime:0.000932s ]
INFO: [ app_begin ] --START--
INFO: Run Behavior\ReadHtmlCacheBehavior [ RunTime:0.001537s ]
INFO: [ app_begin ] --END-- [ RunTime:0.001807s ]
SQL: SHOW COLUMNS FROM `tp_article` [ RunTime:0.0060s ]
SQL: SHOW COLUMNS FROM `tp_program` [ RunTime:0.0051s ]
SQL: SELECT `art_click` FROM `tp_article` WHERE ( art_id=20 ) LIMIT 1   [ RunTime:0.0004s ]
SQL: UPDATE `tp_article` SET `art_click`='89' WHERE ( art_id=20 ) [ RunTime:0.0005s ]
SQL: SELECT a.art_topid,p.pro_name,p.pro_url,p.pro_topid FROM tp_article a left join tp_program p on a.art_topid=p.pro_id  WHERE ( art_id=20 ) LIMIT 1   [ RunTime:0.0005s ]
SQL: SELECT `pro_name`,`pro_url` FROM `tp_program` WHERE ( pro_id=2 ) LIMIT 1   [ RunTime:0.0005s ]
SQL: SELECT * FROM `tp_article` WHERE ( art_id=20 ) LIMIT 1   [ RunTime:0.0008s ]
SQL: SELECT `pro_topid` FROM `tp_program` WHERE ( pro_id=24 ) LIMIT 1   [ RunTime:0.0005s ]
SQL: SELECT `pro_url` FROM `tp_program` WHERE ( pro_id=2 ) LIMIT 1   [ RunTime:0.0004s ]
SQL: SELECT `pro_url`,`pro_name` FROM `tp_program` WHERE ( pro_topid=2 )  [ RunTime:0.0005s ]
SQL: SELECT `art_id`,`art_title` FROM `tp_article` WHERE ( art_topid=24 ) ORDER BY art_click LIMIT 5   [ RunTime:0.0006s ]
SQL: SELECT `art_id`,`art_title` FROM `tp_article` WHERE ( art_recommend=1 ) ORDER BY art_click LIMIT 5   [ RunTime:0.0017s ]
INFO: [ app_end ] --START--
INFO: Run Behavior\ShowPageTraceBehavior [ RunTime:0.001309s ]
INFO: [ app_end ] --END-- [ RunTime:0.001470s ]

[ 2016-02-28T14:18:48+08:00 ] 127.0.0.1 /index.php/index/art/id/20.html
INFO: [ app_init ] --START--
INFO: Run Behavior\BuildLiteBehavior [ RunTime:0.000043s ]
INFO: [ app_init ] --END-- [ RunTime:0.000992s ]
INFO: [ app_begin ] --START--
INFO: Run Behavior\ReadHtmlCacheBehavior [ RunTime:0.001031s ]
INFO: [ app_begin ] --END-- [ RunTime:0.001229s ]
SQL: SHOW COLUMNS FROM `tp_article` [ RunTime:0.0072s ]
SQL: SHOW COLUMNS FROM `tp_program` [ RunTime:0.0080s ]
SQL: SELECT `art_click` FROM `tp_article` WHERE ( art_id=20 ) LIMIT 1   [ RunTime:0.0005s ]
SQL: UPDATE `tp_article` SET `art_click`='90' WHERE ( art_id=20 ) [ RunTime:0.0018s ]
SQL: SELECT a.art_topid,p.pro_name,p.pro_url,p.pro_topid FROM tp_article a left join tp_program p on a.art_topid=p.pro_id  WHERE ( art_id=20 ) LIMIT 1   [ RunTime:0.0007s ]
SQL: SELECT `pro_name`,`pro_url` FROM `tp_program` WHERE ( pro_id=2 ) LIMIT 1   [ RunTime:0.0005s ]
SQL: SELECT * FROM `tp_article` WHERE ( art_id=20 ) LIMIT 1   [ RunTime:0.0007s ]
SQL: SELECT `pro_topid` FROM `tp_program` WHERE ( pro_id=24 ) LIMIT 1   [ RunTime:0.0005s ]
SQL: SELECT `pro_url` FROM `tp_program` WHERE ( pro_id=2 ) LIMIT 1   [ RunTime:0.0007s ]
SQL: SELECT `pro_url`,`pro_name` FROM `tp_program` WHERE ( pro_topid=2 )  [ RunTime:0.0005s ]
SQL: SELECT `art_id`,`art_title` FROM `tp_article` WHERE ( art_topid=24 ) ORDER BY art_click LIMIT 5   [ RunTime:0.0006s ]
SQL: SELECT `art_id`,`art_title` FROM `tp_article` WHERE ( art_topid=24 and art_recommend=1 ) ORDER BY art_click LIMIT 5   [ RunTime:0.0005s ]
INFO: [ app_end ] --START--
INFO: Run Behavior\ShowPageTraceBehavior [ RunTime:0.001144s ]
INFO: [ app_end ] --END-- [ RunTime:0.001337s ]

[ 2016-02-28T14:19:07+08:00 ] 127.0.0.1 /index.php/index/art/id/20.html
INFO: [ app_init ] --START--
INFO: Run Behavior\BuildLiteBehavior [ RunTime:0.000049s ]
INFO: [ app_init ] --END-- [ RunTime:0.000912s ]
INFO: [ app_begin ] --START--
INFO: Run Behavior\ReadHtmlCacheBehavior [ RunTime:0.001143s ]
INFO: [ app_begin ] --END-- [ RunTime:0.001358s ]
SQL: SHOW COLUMNS FROM `tp_article` [ RunTime:0.0067s ]
SQL: SHOW COLUMNS FROM `tp_program` [ RunTime:0.0055s ]
SQL: SELECT `art_click` FROM `tp_article` WHERE ( art_id=20 ) LIMIT 1   [ RunTime:0.0005s ]
SQL: UPDATE `tp_article` SET `art_click`='91' WHERE ( art_id=20 ) [ RunTime:0.0005s ]
SQL: SELECT a.art_topid,p.pro_name,p.pro_url,p.pro_topid FROM tp_article a left join tp_program p on a.art_topid=p.pro_id  WHERE ( art_id=20 ) LIMIT 1   [ RunTime:0.0006s ]
SQL: SELECT `pro_name`,`pro_url` FROM `tp_program` WHERE ( pro_id=2 ) LIMIT 1   [ RunTime:0.0003s ]
SQL: SELECT * FROM `tp_article` WHERE ( art_id=20 ) LIMIT 1   [ RunTime:0.0004s ]
SQL: SELECT `pro_topid` FROM `tp_program` WHERE ( pro_id=24 ) LIMIT 1   [ RunTime:0.0003s ]
SQL: SELECT `pro_url` FROM `tp_program` WHERE ( pro_id=2 ) LIMIT 1   [ RunTime:0.0003s ]
SQL: SELECT `pro_url`,`pro_name` FROM `tp_program` WHERE ( pro_topid=2 )  [ RunTime:0.0003s ]
SQL: SELECT `art_id`,`art_title` FROM `tp_article` WHERE ( art_topid=24 ) ORDER BY art_click LIMIT 5   [ RunTime:0.0003s ]
SQL: SELECT `art_id`,`art_title` FROM `tp_article` WHERE ( art_topid=24 and art_recommend=1 ) ORDER BY art_click LIMIT 5   [ RunTime:0.0003s ]
SQL: SELECT `art_id` FROM `tp_article` WHERE ( art_topid=24 )  [ RunTime:0.0003s ]
SQL: SELECT `art_title` FROM `tp_article` WHERE ( art_id=19 ) LIMIT 1   [ RunTime:0.0002s ]
SQL: SELECT `art_title` FROM `tp_article` WHERE ( art_id=21 ) LIMIT 1   [ RunTime:0.0003s ]
SQL: SELECT a.art_topid,p.pro_name,p.pro_url,p.pro_topid FROM tp_article a left join tp_program p on a.art_topid=p.pro_id  WHERE ( art_id=20 ) LIMIT 1   [ RunTime:0.0003s ]
SQL: SELECT `pro_name`,`pro_url` FROM `tp_program` WHERE ( pro_id=2 ) LIMIT 1   [ RunTime:0.0003s ]
INFO: [ view_parse ] --START--
INFO: [ template_filter ] --START--
INFO: Run Behavior\ContentReplaceBehavior [ RunTime:0.000203s ]
INFO: [ template_filter ] --END-- [ RunTime:0.000416s ]
NOTIC: [8] Undefined variable: pros E:\www\mynote2\Application\Runtime\Cache\Home\90f46c694e5072416172d26c4d242c62.php 第 95 行.
INFO: Run Behavior\ParseTemplateBehavior [ RunTime:0.026142s ]
INFO: [ view_parse ] --END-- [ RunTime:0.026326s ]
INFO: [ view_filter ] --START--
INFO: Run Behavior\WriteHtmlCacheBehavior [ RunTime:0.000742s ]
INFO: [ view_filter ] --END-- [ RunTime:0.000892s ]
INFO: [ app_end ] --START--
INFO: Run Behavior\ShowPageTraceBehavior [ RunTime:0.000953s ]
INFO: [ app_end ] --END-- [ RunTime:0.001104s ]

[ 2016-02-28T14:19:37+08:00 ] 127.0.0.1 /index.php/index/fitness/u/knowledge/p/1.html
INFO: [ app_init ] --START--
INFO: Run Behavior\BuildLiteBehavior [ RunTime:0.000044s ]
INFO: [ app_init ] --END-- [ RunTime:0.001020s ]
INFO: [ app_begin ] --START--
INFO: Run Behavior\ReadHtmlCacheBehavior [ RunTime:0.001127s ]
INFO: [ app_begin ] --END-- [ RunTime:0.001329s ]
SQL: SHOW COLUMNS FROM `tp_article` [ RunTime:0.0075s ]
SQL: SHOW COLUMNS FROM `tp_program` [ RunTime:0.0064s ]
SQL: SELECT `pro_url` FROM `tp_program` WHERE ( pro_id=2 ) LIMIT 1   [ RunTime:0.0011s ]
SQL: SELECT `pro_name` FROM `tp_program` WHERE ( pro_id=2 ) LIMIT 1   [ RunTime:0.0005s ]
SQL: SELECT `pro_id`,`pro_name`,`pro_url` FROM `tp_program` WHERE ( pro_topid=2 )  [ RunTime:0.0005s ]
SQL: SELECT COUNT(*) AS tp_count FROM `tp_article` WHERE ( art_topid=24 ) LIMIT 1   [ RunTime:0.0006s ]
SQL: SELECT a.art_id,a.art_title,a.art_purl,a.art_description,a.art_writer,a.art_topid,a.art_click,a.art_source,a.art_time,p.pro_name FROM tp_article a left join tp_program p on a.art_topid=p.pro_id  WHERE ( art_topid=24 ) ORDER BY art_id desc LIMIT 0,3   [ RunTime:0.0007s ]
SQL: SELECT `art_id`,`art_title` FROM `tp_article` WHERE ( art_topid=24 ) ORDER BY art_click LIMIT 5   [ RunTime:0.0005s ]
SQL: SELECT `art_id`,`art_title` FROM `tp_article` WHERE ( art_recommend=1 ) ORDER BY art_click LIMIT 5   [ RunTime:0.0005s ]
SQL: SELECT `pro_name` FROM `tp_program` WHERE ( pro_url='fitness' ) LIMIT 1   [ RunTime:0.0005s ]
SQL: SELECT `pro_name` FROM `tp_program` WHERE ( pro_url='knowledge' ) LIMIT 1   [ RunTime:0.0005s ]
INFO: [ view_parse ] --START--
INFO: [ template_filter ] --START--
INFO: Run Behavior\ContentReplaceBehavior [ RunTime:0.000388s ]
INFO: [ template_filter ] --END-- [ RunTime:0.000581s ]
INFO: Run Behavior\ParseTemplateBehavior [ RunTime:0.035707s ]
INFO: [ view_parse ] --END-- [ RunTime:0.035954s ]
INFO: [ view_filter ] --START--
INFO: Run Behavior\WriteHtmlCacheBehavior [ RunTime:0.001769s ]
INFO: [ view_filter ] --END-- [ RunTime:0.003508s ]
INFO: [ app_end ] --START--
INFO: Run Behavior\ShowPageTraceBehavior [ RunTime:0.001528s ]
INFO: [ app_end ] --END-- [ RunTime:0.001702s ]

[ 2016-02-28T14:19:45+08:00 ] 127.0.0.1 /index.php/index/fitness/p/1.html
INFO: [ app_init ] --START--
INFO: Run Behavior\BuildLiteBehavior [ RunTime:0.000045s ]
INFO: [ app_init ] --END-- [ RunTime:0.000985s ]
INFO: [ app_begin ] --START--
INFO: Run Behavior\ReadHtmlCacheBehavior [ RunTime:0.000989s ]
INFO: [ app_begin ] --END-- [ RunTime:0.001182s ]
SQL: SHOW COLUMNS FROM `tp_article` [ RunTime:0.0197s ]
SQL: SHOW COLUMNS FROM `tp_program` [ RunTime:0.0146s ]
SQL: SELECT `pro_url` FROM `tp_program` WHERE ( pro_id=2 ) LIMIT 1   [ RunTime:0.0028s ]
SQL: SELECT `pro_name` FROM `tp_program` WHERE ( pro_id=2 ) LIMIT 1   [ RunTime:0.0004s ]
NOTIC: [8] Undefined index: u E:\www\mynote2\Application\Home\Controller\IndexController.class.php 第 278 行.
SQL: SELECT `pro_id`,`pro_name`,`pro_url` FROM `tp_program` WHERE ( pro_topid=2 )  [ RunTime:0.0096s ]
SQL: SELECT COUNT(*) AS tp_count FROM `tp_article` WHERE `art_topid` IN ('24','25','26','27') LIMIT 1   [ RunTime:0.0031s ]
SQL: SELECT a.art_id,a.art_purl,a.art_title,a.art_description,a.art_writer,a.art_topid,a.art_click,a.art_source,a.art_time,p.pro_name FROM tp_article a left join tp_program p on a.art_topid=p.pro_id  WHERE `pro_id` IN ('24','25','26','27') ORDER BY art_id desc LIMIT 0,3   [ RunTime:0.0011s ]
SQL: SELECT `art_id`,`art_title` FROM `tp_article` WHERE `art_topid` IN ('24','25','26','27') ORDER BY art_click LIMIT 5   [ RunTime:0.0026s ]
SQL: SELECT `art_id`,`art_title` FROM `tp_article` WHERE `art_topid` IN ('24','25','26','27') AND ( art_recommend=1 ) ORDER BY art_click LIMIT 5   [ RunTime:0.0016s ]
SQL: SELECT `pro_name` FROM `tp_program` WHERE ( pro_url='fitness' ) LIMIT 1   [ RunTime:0.0008s ]
INFO: [ view_parse ] --START--
INFO: [ template_filter ] --START--
INFO: Run Behavior\ContentReplaceBehavior [ RunTime:0.000183s ]
INFO: [ template_filter ] --END-- [ RunTime:0.000358s ]
INFO: Run Behavior\ParseTemplateBehavior [ RunTime:0.033490s ]
INFO: [ view_parse ] --END-- [ RunTime:0.033802s ]
INFO: [ view_filter ] --START--
INFO: Run Behavior\WriteHtmlCacheBehavior [ RunTime:0.000741s ]
INFO: [ view_filter ] --END-- [ RunTime:0.000916s ]
INFO: [ app_end ] --START--
INFO: Run Behavior\ShowPageTraceBehavior [ RunTime:0.001161s ]
INFO: [ app_end ] --END-- [ RunTime:0.001344s ]

[ 2016-02-28T14:19:48+08:00 ] 127.0.0.1 /index.php/Index/fitness/p/2.html
INFO: [ app_init ] --START--
INFO: Run Behavior\BuildLiteBehavior [ RunTime:0.000061s ]
INFO: [ app_init ] --END-- [ RunTime:0.001286s ]
INFO: [ app_begin ] --START--
INFO: Run Behavior\ReadHtmlCacheBehavior [ RunTime:0.001394s ]
INFO: [ app_begin ] --END-- [ RunTime:0.001653s ]
SQL: SHOW COLUMNS FROM `tp_article` [ RunTime:0.0075s ]
SQL: SHOW COLUMNS FROM `tp_program` [ RunTime:0.0110s ]
SQL: SELECT `pro_url` FROM `tp_program` WHERE ( pro_id=2 ) LIMIT 1   [ RunTime:0.0007s ]
SQL: SELECT `pro_name` FROM `tp_program` WHERE ( pro_id=2 ) LIMIT 1   [ RunTime:0.0004s ]
NOTIC: [8] Undefined index: u E:\www\mynote2\Application\Home\Controller\IndexController.class.php 第 278 行.
SQL: SELECT `pro_id`,`pro_name`,`pro_url` FROM `tp_program` WHERE ( pro_topid=2 )  [ RunTime:0.0004s ]
SQL: SELECT COUNT(*) AS tp_count FROM `tp_article` WHERE `art_topid` IN ('24','25','26','27') LIMIT 1   [ RunTime:0.0003s ]
SQL: SELECT a.art_id,a.art_purl,a.art_title,a.art_description,a.art_writer,a.art_topid,a.art_click,a.art_source,a.art_time,p.pro_name FROM tp_article a left join tp_program p on a.art_topid=p.pro_id  WHERE `pro_id` IN ('24','25','26','27') ORDER BY art_id desc LIMIT 3,3   [ RunTime:0.0008s ]
SQL: SELECT `art_id`,`art_title` FROM `tp_article` WHERE `art_topid` IN ('24','25','26','27') ORDER BY art_click LIMIT 5   [ RunTime:0.0035s ]
SQL: SELECT `art_id`,`art_title` FROM `tp_article` WHERE `art_topid` IN ('24','25','26','27') AND ( art_recommend=1 ) ORDER BY art_click LIMIT 5   [ RunTime:0.0017s ]
SQL: SELECT `pro_name` FROM `tp_program` WHERE ( pro_url='fitness' ) LIMIT 1   [ RunTime:0.0008s ]
INFO: [ view_parse ] --START--
INFO: [ template_filter ] --START--
INFO: Run Behavior\ContentReplaceBehavior [ RunTime:0.000190s ]
INFO: [ template_filter ] --END-- [ RunTime:0.000705s ]
INFO: Run Behavior\ParseTemplateBehavior [ RunTime:0.029985s ]
INFO: [ view_parse ] --END-- [ RunTime:0.030173s ]
INFO: [ view_filter ] --START--
INFO: Run Behavior\WriteHtmlCacheBehavior [ RunTime:0.000638s ]
INFO: [ view_filter ] --END-- [ RunTime:0.000783s ]
INFO: [ app_end ] --START--
INFO: Run Behavior\ShowPageTraceBehavior [ RunTime:0.001533s ]
INFO: [ app_end ] --END-- [ RunTime:0.001743s ]

[ 2016-02-28T14:19:51+08:00 ] 127.0.0.1 /index.php/Index/fitness/p/3.html
INFO: [ app_init ] --START--
INFO: Run Behavior\BuildLiteBehavior [ RunTime:0.000051s ]
INFO: [ app_init ] --END-- [ RunTime:0.000848s ]
INFO: [ app_begin ] --START--
INFO: Run Behavior\ReadHtmlCacheBehavior [ RunTime:0.001010s ]
INFO: [ app_begin ] --END-- [ RunTime:0.001198s ]
SQL: SHOW COLUMNS FROM `tp_article` [ RunTime:0.0111s ]
SQL: SHOW COLUMNS FROM `tp_program` [ RunTime:0.0073s ]
SQL: SELECT `pro_url` FROM `tp_program` WHERE ( pro_id=2 ) LIMIT 1   [ RunTime:0.0009s ]
SQL: SELECT `pro_name` FROM `tp_program` WHERE ( pro_id=2 ) LIMIT 1   [ RunTime:0.0027s ]
NOTIC: [8] Undefined index: u E:\www\mynote2\Application\Home\Controller\IndexController.class.php 第 278 行.
SQL: SELECT `pro_id`,`pro_name`,`pro_url` FROM `tp_program` WHERE ( pro_topid=2 )  [ RunTime:0.0011s ]
SQL: SELECT COUNT(*) AS tp_count FROM `tp_article` WHERE `art_topid` IN ('24','25','26','27') LIMIT 1   [ RunTime:0.0018s ]
SQL: SELECT a.art_id,a.art_purl,a.art_title,a.art_description,a.art_writer,a.art_topid,a.art_click,a.art_source,a.art_time,p.pro_name FROM tp_article a left join tp_program p on a.art_topid=p.pro_id  WHERE `pro_id` IN ('24','25','26','27') ORDER BY art_id desc LIMIT 6,3   [ RunTime:0.0020s ]
SQL: SELECT `art_id`,`art_title` FROM `tp_article` WHERE `art_topid` IN ('24','25','26','27') ORDER BY art_click LIMIT 5   [ RunTime:0.0018s ]
SQL: SELECT `art_id`,`art_title` FROM `tp_article` WHERE `art_topid` IN ('24','25','26','27') AND ( art_recommend=1 ) ORDER BY art_click LIMIT 5   [ RunTime:0.0010s ]
SQL: SELECT `pro_name` FROM `tp_program` WHERE ( pro_url='fitness' ) LIMIT 1   [ RunTime:0.0093s ]
INFO: [ view_parse ] --START--
INFO: [ template_filter ] --START--
INFO: Run Behavior\ContentReplaceBehavior [ RunTime:0.000213s ]
INFO: [ template_filter ] --END-- [ RunTime:0.000425s ]
INFO: Run Behavior\ParseTemplateBehavior [ RunTime:0.045092s ]
INFO: [ view_parse ] --END-- [ RunTime:0.045352s ]
INFO: [ view_filter ] --START--
INFO: Run Behavior\WriteHtmlCacheBehavior [ RunTime:0.001114s ]
INFO: [ view_filter ] --END-- [ RunTime:0.002327s ]
INFO: [ app_end ] --START--
INFO: Run Behavior\ShowPageTraceBehavior [ RunTime:0.001328s ]
INFO: [ app_end ] --END-- [ RunTime:0.001510s ]

[ 2016-02-28T14:19:52+08:00 ] 127.0.0.1 /index.php/index/program/p/1.html
INFO: [ app_init ] --START--
INFO: Run Behavior\BuildLiteBehavior [ RunTime:0.000052s ]
INFO: [ app_init ] --END-- [ RunTime:0.000846s ]
INFO: [ app_begin ] --START--
INFO: Run Behavior\ReadHtmlCacheBehavior [ RunTime:0.002307s ]
INFO: [ app_begin ] --END-- [ RunTime:0.002633s ]
SQL: SHOW COLUMNS FROM `tp_article` [ RunTime:0.0094s ]
SQL: SHOW COLUMNS FROM `tp_program` [ RunTime:0.0226s ]
SQL: SELECT `pro_url` FROM `tp_program` WHERE ( pro_id=1 ) LIMIT 1   [ RunTime:0.0006s ]
SQL: SELECT `pro_name` FROM `tp_program` WHERE ( pro_id=1 ) LIMIT 1   [ RunTime:0.0005s ]
NOTIC: [8] Undefined index: u E:\www\mynote2\Application\Home\Controller\IndexController.class.php 第 278 行.
SQL: SELECT `pro_id`,`pro_name`,`pro_url` FROM `tp_program` WHERE ( pro_topid=1 )  [ RunTime:0.0006s ]
SQL: SELECT COUNT(*) AS tp_count FROM `tp_article` WHERE `art_topid` IN ('19','20','21','22') LIMIT 1   [ RunTime:0.0007s ]
SQL: SELECT a.art_id,a.art_purl,a.art_title,a.art_description,a.art_writer,a.art_topid,a.art_click,a.art_source,a.art_time,p.pro_name FROM tp_article a left join tp_program p on a.art_topid=p.pro_id  WHERE `pro_id` IN ('19','20','21','22') ORDER BY art_id desc LIMIT 0,3   [ RunTime:0.0015s ]
SQL: SELECT `art_id`,`art_title` FROM `tp_article` WHERE `art_topid` IN ('19','20','21','22') ORDER BY art_click LIMIT 5   [ RunTime:0.0087s ]
SQL: SELECT `art_id`,`art_title` FROM `tp_article` WHERE `art_topid` IN ('19','20','21','22') AND ( art_recommend=1 ) ORDER BY art_click LIMIT 5   [ RunTime:0.0005s ]
SQL: SELECT `pro_name` FROM `tp_program` WHERE ( pro_url='program' ) LIMIT 1   [ RunTime:0.0004s ]
INFO: [ view_parse ] --START--
INFO: [ template_filter ] --START--
INFO: Run Behavior\ContentReplaceBehavior [ RunTime:0.000196s ]
INFO: [ template_filter ] --END-- [ RunTime:0.000421s ]
INFO: Run Behavior\ParseTemplateBehavior [ RunTime:0.027028s ]
INFO: [ view_parse ] --END-- [ RunTime:0.027266s ]
INFO: [ view_filter ] --START--
INFO: Run Behavior\WriteHtmlCacheBehavior [ RunTime:0.000694s ]
INFO: [ view_filter ] --END-- [ RunTime:0.000853s ]
INFO: [ app_end ] --START--
INFO: Run Behavior\ShowPageTraceBehavior [ RunTime:0.000963s ]
INFO: [ app_end ] --END-- [ RunTime:0.001133s ]

[ 2016-02-28T14:19:59+08:00 ] 127.0.0.1 /index.php/index/fitness/p/1.html
INFO: [ app_init ] --START--
INFO: Run Behavior\BuildLiteBehavior [ RunTime:0.000053s ]
INFO: [ app_init ] --END-- [ RunTime:0.006593s ]
INFO: [ app_begin ] --START--
INFO: Run Behavior\ReadHtmlCacheBehavior [ RunTime:0.000949s ]
INFO: [ app_begin ] --END-- [ RunTime:0.001112s ]
SQL: SHOW COLUMNS FROM `tp_article` [ RunTime:0.0084s ]
SQL: SHOW COLUMNS FROM `tp_program` [ RunTime:0.0223s ]
SQL: SELECT `pro_url` FROM `tp_program` WHERE ( pro_id=2 ) LIMIT 1   [ RunTime:0.0013s ]
SQL: SELECT `pro_name` FROM `tp_program` WHERE ( pro_id=2 ) LIMIT 1   [ RunTime:0.0054s ]
NOTIC: [8] Undefined index: u E:\www\mynote2\Application\Home\Controller\IndexController.class.php 第 278 行.
SQL: SELECT `pro_id`,`pro_name`,`pro_url` FROM `tp_program` WHERE ( pro_topid=2 )  [ RunTime:0.0008s ]
SQL: SELECT COUNT(*) AS tp_count FROM `tp_article` WHERE `art_topid` IN ('24','25','26','27') LIMIT 1   [ RunTime:0.0005s ]
SQL: SELECT a.art_id,a.art_purl,a.art_title,a.art_description,a.art_writer,a.art_topid,a.art_click,a.art_source,a.art_time,p.pro_name FROM tp_article a left join tp_program p on a.art_topid=p.pro_id  WHERE `pro_id` IN ('24','25','26','27') ORDER BY art_id desc LIMIT 0,3   [ RunTime:0.0040s ]
SQL: SELECT `art_id`,`art_title` FROM `tp_article` WHERE `art_topid` IN ('24','25','26','27') ORDER BY art_click LIMIT 5   [ RunTime:0.0009s ]
SQL: SELECT `art_id`,`art_title` FROM `tp_article` WHERE `art_topid` IN ('24','25','26','27') AND ( art_recommend=1 ) ORDER BY art_click LIMIT 5   [ RunTime:0.0006s ]
SQL: SELECT `pro_name` FROM `tp_program` WHERE ( pro_url='fitness' ) LIMIT 1   [ RunTime:0.0004s ]
INFO: [ view_parse ] --START--
INFO: [ template_filter ] --START--
INFO: Run Behavior\ContentReplaceBehavior [ RunTime:0.000202s ]
INFO: [ template_filter ] --END-- [ RunTime:0.000430s ]
INFO: Run Behavior\ParseTemplateBehavior [ RunTime:0.039820s ]
INFO: [ view_parse ] --END-- [ RunTime:0.040077s ]
INFO: [ view_filter ] --START--
INFO: Run Behavior\WriteHtmlCacheBehavior [ RunTime:0.000880s ]
INFO: [ view_filter ] --END-- [ RunTime:0.001044s ]
INFO: [ app_end ] --START--
INFO: Run Behavior\ShowPageTraceBehavior [ RunTime:0.001114s ]
INFO: [ app_end ] --END-- [ RunTime:0.001279s ]

[ 2016-02-28T14:20:02+08:00 ] 127.0.0.1 /index.php/index/program/p/1.html
INFO: [ app_init ] --START--
INFO: Run Behavior\BuildLiteBehavior [ RunTime:0.000043s ]
INFO: [ app_init ] --END-- [ RunTime:0.000876s ]
INFO: [ app_begin ] --START--
INFO: Run Behavior\ReadHtmlCacheBehavior [ RunTime:0.001027s ]
INFO: [ app_begin ] --END-- [ RunTime:0.001223s ]
SQL: SHOW COLUMNS FROM `tp_article` [ RunTime:0.0084s ]
SQL: SHOW COLUMNS FROM `tp_program` [ RunTime:0.0187s ]
SQL: SELECT `pro_url` FROM `tp_program` WHERE ( pro_id=1 ) LIMIT 1   [ RunTime:0.0024s ]
SQL: SELECT `pro_name` FROM `tp_program` WHERE ( pro_id=1 ) LIMIT 1   [ RunTime:0.0007s ]
NOTIC: [8] Undefined index: u E:\www\mynote2\Application\Home\Controller\IndexController.class.php 第 278 行.
SQL: SELECT `pro_id`,`pro_name`,`pro_url` FROM `tp_program` WHERE ( pro_topid=1 )  [ RunTime:0.0004s ]
SQL: SELECT COUNT(*) AS tp_count FROM `tp_article` WHERE `art_topid` IN ('19','20','21','22') LIMIT 1   [ RunTime:0.0004s ]
SQL: SELECT a.art_id,a.art_purl,a.art_title,a.art_description,a.art_writer,a.art_topid,a.art_click,a.art_source,a.art_time,p.pro_name FROM tp_article a left join tp_program p on a.art_topid=p.pro_id  WHERE `pro_id` IN ('19','20','21','22') ORDER BY art_id desc LIMIT 0,3   [ RunTime:0.0018s ]
SQL: SELECT `art_id`,`art_title` FROM `tp_article` WHERE `art_topid` IN ('19','20','21','22') ORDER BY art_click LIMIT 5   [ RunTime:0.0009s ]
SQL: SELECT `art_id`,`art_title` FROM `tp_article` WHERE `art_topid` IN ('19','20','21','22') AND ( art_recommend=1 ) ORDER BY art_click LIMIT 5   [ RunTime:0.0009s ]
SQL: SELECT `pro_name` FROM `tp_program` WHERE ( pro_url='program' ) LIMIT 1   [ RunTime:0.0007s ]
INFO: [ view_parse ] --START--
INFO: [ template_filter ] --START--
INFO: Run Behavior\ContentReplaceBehavior [ RunTime:0.000207s ]
INFO: [ template_filter ] --END-- [ RunTime:0.000441s ]
INFO: Run Behavior\ParseTemplateBehavior [ RunTime:0.030701s ]
INFO: [ view_parse ] --END-- [ RunTime:0.030902s ]
INFO: [ view_filter ] --START--
INFO: Run Behavior\WriteHtmlCacheBehavior [ RunTime:0.000742s ]
INFO: [ view_filter ] --END-- [ RunTime:0.000919s ]
INFO: [ app_end ] --START--
INFO: Run Behavior\ShowPageTraceBehavior [ RunTime:0.001209s ]
INFO: [ app_end ] --END-- [ RunTime:0.001391s ]

[ 2016-02-28T14:20:10+08:00 ] 127.0.0.1 /index.php/index/program/u/tools/p/1.html
INFO: [ app_init ] --START--
INFO: Run Behavior\BuildLiteBehavior [ RunTime:0.000046s ]
INFO: [ app_init ] --END-- [ RunTime:0.000996s ]
INFO: [ app_begin ] --START--
INFO: Run Behavior\ReadHtmlCacheBehavior [ RunTime:0.001609s ]
INFO: [ app_begin ] --END-- [ RunTime:0.001998s ]
SQL: SHOW COLUMNS FROM `tp_article` [ RunTime:0.0069s ]
SQL: SHOW COLUMNS FROM `tp_program` [ RunTime:0.0067s ]
SQL: SELECT `pro_url` FROM `tp_program` WHERE ( pro_id=1 ) LIMIT 1   [ RunTime:0.0005s ]
SQL: SELECT `pro_name` FROM `tp_program` WHERE ( pro_id=1 ) LIMIT 1   [ RunTime:0.0004s ]
SQL: SELECT `pro_id`,`pro_name`,`pro_url` FROM `tp_program` WHERE ( pro_topid=1 )  [ RunTime:0.0007s ]
SQL: SELECT COUNT(*) AS tp_count FROM `tp_article` WHERE ( art_topid=20 ) LIMIT 1   [ RunTime:0.0005s ]
SQL: SELECT a.art_id,a.art_title,a.art_purl,a.art_description,a.art_writer,a.art_topid,a.art_click,a.art_source,a.art_time,p.pro_name FROM tp_article a left join tp_program p on a.art_topid=p.pro_id  WHERE ( art_topid=20 ) ORDER BY art_id desc LIMIT 0,3   [ RunTime:0.0014s ]
SQL: SELECT `art_id`,`art_title` FROM `tp_article` WHERE ( art_topid=20 ) ORDER BY art_click LIMIT 5   [ RunTime:0.0012s ]
SQL: SELECT `art_id`,`art_title` FROM `tp_article` WHERE ( art_recommend=1 ) ORDER BY art_click LIMIT 5   [ RunTime:0.0012s ]
SQL: SELECT `pro_name` FROM `tp_program` WHERE ( pro_url='program' ) LIMIT 1   [ RunTime:0.0012s ]
SQL: SELECT `pro_name` FROM `tp_program` WHERE ( pro_url='tools' ) LIMIT 1   [ RunTime:0.0005s ]
INFO: [ view_parse ] --START--
INFO: [ template_filter ] --START--
INFO: Run Behavior\ContentReplaceBehavior [ RunTime:0.000199s ]
INFO: [ template_filter ] --END-- [ RunTime:0.000410s ]
INFO: Run Behavior\ParseTemplateBehavior [ RunTime:0.029455s ]
INFO: [ view_parse ] --END-- [ RunTime:0.029658s ]
INFO: [ view_filter ] --START--
INFO: Run Behavior\WriteHtmlCacheBehavior [ RunTime:0.001017s ]
INFO: [ view_filter ] --END-- [ RunTime:0.001227s ]
INFO: [ app_end ] --START--
INFO: Run Behavior\ShowPageTraceBehavior [ RunTime:0.001428s ]
INFO: [ app_end ] --END-- [ RunTime:0.001659s ]

[ 2016-02-28T14:20:13+08:00 ] 127.0.0.1 /index.php/index/program/u/php/p/1.html
INFO: [ app_init ] --START--
INFO: Run Behavior\BuildLiteBehavior [ RunTime:0.000051s ]
INFO: [ app_init ] --END-- [ RunTime:0.000834s ]
INFO: [ app_begin ] --START--
INFO: Run Behavior\ReadHtmlCacheBehavior [ RunTime:0.001072s ]
INFO: [ app_begin ] --END-- [ RunTime:0.001286s ]
SQL: SHOW COLUMNS FROM `tp_article` [ RunTime:0.0238s ]
SQL: SHOW COLUMNS FROM `tp_program` [ RunTime:0.0171s ]
SQL: SELECT `pro_url` FROM `tp_program` WHERE ( pro_id=1 ) LIMIT 1   [ RunTime:0.0016s ]
SQL: SELECT `pro_name` FROM `tp_program` WHERE ( pro_id=1 ) LIMIT 1   [ RunTime:0.0005s ]
SQL: SELECT `pro_id`,`pro_name`,`pro_url` FROM `tp_program` WHERE ( pro_topid=1 )  [ RunTime:0.0004s ]
SQL: SELECT COUNT(*) AS tp_count FROM `tp_article` WHERE ( art_topid=19 ) LIMIT 1   [ RunTime:0.0008s ]
SQL: SELECT a.art_id,a.art_title,a.art_purl,a.art_description,a.art_writer,a.art_topid,a.art_click,a.art_source,a.art_time,p.pro_name FROM tp_article a left join tp_program p on a.art_topid=p.pro_id  WHERE ( art_topid=19 ) ORDER BY art_id desc LIMIT 0,3   [ RunTime:0.0014s ]
SQL: SELECT `art_id`,`art_title` FROM `tp_article` WHERE ( art_topid=19 ) ORDER BY art_click LIMIT 5   [ RunTime:0.0006s ]
SQL: SELECT `art_id`,`art_title` FROM `tp_article` WHERE ( art_recommend=1 ) ORDER BY art_click LIMIT 5   [ RunTime:0.0005s ]
SQL: SELECT `pro_name` FROM `tp_program` WHERE ( pro_url='program' ) LIMIT 1   [ RunTime:0.0011s ]
SQL: SELECT `pro_name` FROM `tp_program` WHERE ( pro_url='php' ) LIMIT 1   [ RunTime:0.0003s ]
INFO: [ view_parse ] --START--
INFO: [ template_filter ] --START--
INFO: Run Behavior\ContentReplaceBehavior [ RunTime:0.000213s ]
INFO: [ template_filter ] --END-- [ RunTime:0.000430s ]
INFO: Run Behavior\ParseTemplateBehavior [ RunTime:0.034111s ]
INFO: [ view_parse ] --END-- [ RunTime:0.034346s ]
INFO: [ view_filter ] --START--
INFO: Run Behavior\WriteHtmlCacheBehavior [ RunTime:0.001057s ]
INFO: [ view_filter ] --END-- [ RunTime:0.001264s ]
INFO: [ app_end ] --START--
INFO: Run Behavior\ShowPageTraceBehavior [ RunTime:0.001491s ]
INFO: [ app_end ] --END-- [ RunTime:0.001685s ]

[ 2016-02-28T14:20:25+08:00 ] 127.0.0.1 /index.php/index/fitness/p/1.html
INFO: [ app_init ] --START--
INFO: Run Behavior\BuildLiteBehavior [ RunTime:0.000045s ]
INFO: [ app_init ] --END-- [ RunTime:0.002199s ]
INFO: [ app_begin ] --START--
INFO: Run Behavior\ReadHtmlCacheBehavior [ RunTime:0.000972s ]
INFO: [ app_begin ] --END-- [ RunTime:0.001167s ]
SQL: SHOW COLUMNS FROM `tp_article` [ RunTime:0.0065s ]
SQL: SHOW COLUMNS FROM `tp_program` [ RunTime:0.0070s ]
SQL: SELECT `pro_url` FROM `tp_program` WHERE ( pro_id=2 ) LIMIT 1   [ RunTime:0.0009s ]
SQL: SELECT `pro_name` FROM `tp_program` WHERE ( pro_id=2 ) LIMIT 1   [ RunTime:0.0005s ]
NOTIC: [8] Undefined index: u E:\www\mynote2\Application\Home\Controller\IndexController.class.php 第 278 行.
SQL: SELECT `pro_id`,`pro_name`,`pro_url` FROM `tp_program` WHERE ( pro_topid=2 )  [ RunTime:0.0005s ]
SQL: SELECT COUNT(*) AS tp_count FROM `tp_article` WHERE `art_topid` IN ('24','25','26','27') LIMIT 1   [ RunTime:0.0010s ]
SQL: SELECT a.art_id,a.art_purl,a.art_title,a.art_description,a.art_writer,a.art_topid,a.art_click,a.art_source,a.art_time,p.pro_name FROM tp_article a left join tp_program p on a.art_topid=p.pro_id  WHERE `pro_id` IN ('24','25','26','27') ORDER BY art_id desc LIMIT 0,3   [ RunTime:0.0009s ]
SQL: SELECT `art_id`,`art_title` FROM `tp_article` WHERE `art_topid` IN ('24','25','26','27') ORDER BY art_click LIMIT 5   [ RunTime:0.0004s ]
SQL: SELECT `art_id`,`art_title` FROM `tp_article` WHERE `art_topid` IN ('24','25','26','27') AND ( art_recommend=1 ) ORDER BY art_click LIMIT 5   [ RunTime:0.0005s ]
SQL: SELECT `pro_name` FROM `tp_program` WHERE ( pro_url='fitness' ) LIMIT 1   [ RunTime:0.0004s ]
INFO: [ view_parse ] --START--
INFO: [ template_filter ] --START--
INFO: Run Behavior\ContentReplaceBehavior [ RunTime:0.000202s ]
INFO: [ template_filter ] --END-- [ RunTime:0.000409s ]
INFO: Run Behavior\ParseTemplateBehavior [ RunTime:0.034536s ]
INFO: [ view_parse ] --END-- [ RunTime:0.034736s ]
INFO: [ view_filter ] --START--
INFO: Run Behavior\WriteHtmlCacheBehavior [ RunTime:0.000816s ]
INFO: [ view_filter ] --END-- [ RunTime:0.000994s ]
INFO: [ app_end ] --START--
INFO: Run Behavior\ShowPageTraceBehavior [ RunTime:0.001083s ]
INFO: [ app_end ] --END-- [ RunTime:0.001265s ]

[ 2016-02-28T14:20:28+08:00 ] 127.0.0.1 /index.php/index/program/p/1.html
INFO: [ app_init ] --START--
INFO: Run Behavior\BuildLiteBehavior [ RunTime:0.000041s ]
INFO: [ app_init ] --END-- [ RunTime:0.000885s ]
INFO: [ app_begin ] --START--
INFO: Run Behavior\ReadHtmlCacheBehavior [ RunTime:0.001930s ]
INFO: [ app_begin ] --END-- [ RunTime:0.002173s ]
SQL: SHOW COLUMNS FROM `tp_article` [ RunTime:0.0156s ]
SQL: SHOW COLUMNS FROM `tp_program` [ RunTime:0.0075s ]
SQL: SELECT `pro_url` FROM `tp_program` WHERE ( pro_id=1 ) LIMIT 1   [ RunTime:0.0010s ]
SQL: SELECT `pro_name` FROM `tp_program` WHERE ( pro_id=1 ) LIMIT 1   [ RunTime:0.0007s ]
NOTIC: [8] Undefined index: u E:\www\mynote2\Application\Home\Controller\IndexController.class.php 第 278 行.
SQL: SELECT `pro_id`,`pro_name`,`pro_url` FROM `tp_program` WHERE ( pro_topid=1 )  [ RunTime:0.0006s ]
SQL: SELECT COUNT(*) AS tp_count FROM `tp_article` WHERE `art_topid` IN ('19','20','21','22') LIMIT 1   [ RunTime:0.0012s ]
SQL: SELECT a.art_id,a.art_purl,a.art_title,a.art_description,a.art_writer,a.art_topid,a.art_click,a.art_source,a.art_time,p.pro_name FROM tp_article a left join tp_program p on a.art_topid=p.pro_id  WHERE `pro_id` IN ('19','20','21','22') ORDER BY art_id desc LIMIT 0,3   [ RunTime:0.0052s ]
SQL: SELECT `art_id`,`art_title` FROM `tp_article` WHERE `art_topid` IN ('19','20','21','22') ORDER BY art_click LIMIT 5   [ RunTime:0.0014s ]
SQL: SELECT `art_id`,`art_title` FROM `tp_article` WHERE `art_topid` IN ('19','20','21','22') AND ( art_recommend=1 ) ORDER BY art_click LIMIT 5   [ RunTime:0.0011s ]
SQL: SELECT `pro_name` FROM `tp_program` WHERE ( pro_url='program' ) LIMIT 1   [ RunTime:0.0008s ]
INFO: [ view_parse ] --START--
INFO: [ template_filter ] --START--
INFO: Run Behavior\ContentReplaceBehavior [ RunTime:0.000180s ]
INFO: [ template_filter ] --END-- [ RunTime:0.000358s ]
INFO: Run Behavior\ParseTemplateBehavior [ RunTime:0.029453s ]
INFO: [ view_parse ] --END-- [ RunTime:0.029701s ]
INFO: [ view_filter ] --START--
INFO: Run Behavior\WriteHtmlCacheBehavior [ RunTime:0.001087s ]
INFO: [ view_filter ] --END-- [ RunTime:0.001297s ]
INFO: [ app_end ] --START--
INFO: Run Behavior\ShowPageTraceBehavior [ RunTime:0.002185s ]
INFO: [ app_end ] --END-- [ RunTime:0.002397s ]

[ 2016-02-28T14:20:32+08:00 ] 127.0.0.1 /index.php/index/program/u/php/p/1.html
INFO: [ app_init ] --START--
INFO: Run Behavior\BuildLiteBehavior [ RunTime:0.000044s ]
INFO: [ app_init ] --END-- [ RunTime:0.000896s ]
INFO: [ app_begin ] --START--
INFO: Run Behavior\ReadHtmlCacheBehavior [ RunTime:0.001032s ]
INFO: [ app_begin ] --END-- [ RunTime:0.001231s ]
SQL: SHOW COLUMNS FROM `tp_article` [ RunTime:0.0069s ]
SQL: SHOW COLUMNS FROM `tp_program` [ RunTime:0.0079s ]
SQL: SELECT `pro_url` FROM `tp_program` WHERE ( pro_id=1 ) LIMIT 1   [ RunTime:0.0012s ]
SQL: SELECT `pro_name` FROM `tp_program` WHERE ( pro_id=1 ) LIMIT 1   [ RunTime:0.0012s ]
SQL: SELECT `pro_id`,`pro_name`,`pro_url` FROM `tp_program` WHERE ( pro_topid=1 )  [ RunTime:0.0021s ]
SQL: SELECT COUNT(*) AS tp_count FROM `tp_article` WHERE ( art_topid=19 ) LIMIT 1   [ RunTime:0.0005s ]
SQL: SELECT a.art_id,a.art_title,a.art_purl,a.art_description,a.art_writer,a.art_topid,a.art_click,a.art_source,a.art_time,p.pro_name FROM tp_article a left join tp_program p on a.art_topid=p.pro_id  WHERE ( art_topid=19 ) ORDER BY art_id desc LIMIT 0,3   [ RunTime:0.0008s ]
SQL: SELECT `art_id`,`art_title` FROM `tp_article` WHERE ( art_topid=19 ) ORDER BY art_click LIMIT 5   [ RunTime:0.0006s ]
SQL: SELECT `art_id`,`art_title` FROM `tp_article` WHERE ( art_recommend=1 ) ORDER BY art_click LIMIT 5   [ RunTime:0.0007s ]
SQL: SELECT `pro_name` FROM `tp_program` WHERE ( pro_url='program' ) LIMIT 1   [ RunTime:0.0092s ]
SQL: SELECT `pro_name` FROM `tp_program` WHERE ( pro_url='php' ) LIMIT 1   [ RunTime:0.0008s ]
INFO: [ view_parse ] --START--
INFO: [ template_filter ] --START--
INFO: Run Behavior\ContentReplaceBehavior [ RunTime:0.000193s ]
INFO: [ template_filter ] --END-- [ RunTime:0.000395s ]
INFO: Run Behavior\ParseTemplateBehavior [ RunTime:0.027514s ]
INFO: [ view_parse ] --END-- [ RunTime:0.027815s ]
INFO: [ view_filter ] --START--
INFO: Run Behavior\WriteHtmlCacheBehavior [ RunTime:0.000619s ]
INFO: [ view_filter ] --END-- [ RunTime:0.000773s ]
INFO: [ app_end ] --START--
INFO: Run Behavior\ShowPageTraceBehavior [ RunTime:0.000899s ]
INFO: [ app_end ] --END-- [ RunTime:0.001062s ]

[ 2016-02-28T14:20:34+08:00 ] 127.0.0.1 /index.php/index/art/id/22.html
INFO: [ app_init ] --START--
INFO: Run Behavior\BuildLiteBehavior [ RunTime:0.000056s ]
INFO: [ app_init ] --END-- [ RunTime:0.000887s ]
INFO: [ app_begin ] --START--
INFO: Run Behavior\ReadHtmlCacheBehavior [ RunTime:0.000849s ]
INFO: [ app_begin ] --END-- [ RunTime:0.001014s ]
SQL: SHOW COLUMNS FROM `tp_article` [ RunTime:0.0123s ]
SQL: SHOW COLUMNS FROM `tp_program` [ RunTime:0.0101s ]
SQL: SELECT `art_click` FROM `tp_article` WHERE ( art_id=22 ) LIMIT 1   [ RunTime:0.0010s ]
SQL: UPDATE `tp_article` SET `art_click`='87' WHERE ( art_id=22 ) [ RunTime:0.0007s ]
SQL: SELECT a.art_topid,p.pro_name,p.pro_url,p.pro_topid FROM tp_article a left join tp_program p on a.art_topid=p.pro_id  WHERE ( art_id=22 ) LIMIT 1   [ RunTime:0.0005s ]
SQL: SELECT `pro_name`,`pro_url` FROM `tp_program` WHERE ( pro_id=2 ) LIMIT 1   [ RunTime:0.0004s ]
SQL: SELECT * FROM `tp_article` WHERE ( art_id=22 ) LIMIT 1   [ RunTime:0.0004s ]
SQL: SELECT `pro_topid` FROM `tp_program` WHERE ( pro_id=24 ) LIMIT 1   [ RunTime:0.0003s ]
SQL: SELECT `pro_url` FROM `tp_program` WHERE ( pro_id=2 ) LIMIT 1   [ RunTime:0.0003s ]
SQL: SELECT `pro_url`,`pro_name` FROM `tp_program` WHERE ( pro_topid=2 )  [ RunTime:0.0003s ]
SQL: SELECT `art_id`,`art_title` FROM `tp_article` WHERE ( art_topid=24 ) ORDER BY art_click LIMIT 5   [ RunTime:0.0003s ]
SQL: SELECT `art_id`,`art_title` FROM `tp_article` WHERE ( art_topid=24 and art_recommend=1 ) ORDER BY art_click LIMIT 5   [ RunTime:0.0003s ]
SQL: SELECT `art_id` FROM `tp_article` WHERE ( art_topid=24 )  [ RunTime:0.0040s ]
SQL: SELECT `art_title` FROM `tp_article` WHERE ( art_id=21 ) LIMIT 1   [ RunTime:0.0006s ]
SQL: SELECT `art_title` FROM `tp_article` WHERE ( art_id=23 ) LIMIT 1   [ RunTime:0.0007s ]
SQL: SELECT a.art_topid,p.pro_name,p.pro_url,p.pro_topid FROM tp_article a left join tp_program p on a.art_topid=p.pro_id  WHERE ( art_id=22 ) LIMIT 1   [ RunTime:0.0010s ]
SQL: SELECT `pro_name`,`pro_url` FROM `tp_program` WHERE ( pro_id=2 ) LIMIT 1   [ RunTime:0.0006s ]
INFO: [ view_parse ] --START--
INFO: [ template_filter ] --START--
INFO: Run Behavior\ContentReplaceBehavior [ RunTime:0.000207s ]
INFO: [ template_filter ] --END-- [ RunTime:0.000422s ]
NOTIC: [8] Undefined variable: pros E:\www\mynote2\Application\Runtime\Cache\Home\90f46c694e5072416172d26c4d242c62.php 第 95 行.
INFO: Run Behavior\ParseTemplateBehavior [ RunTime:0.025183s ]
INFO: [ view_parse ] --END-- [ RunTime:0.025356s ]
INFO: [ view_filter ] --START--
INFO: Run Behavior\WriteHtmlCacheBehavior [ RunTime:0.000653s ]
INFO: [ view_filter ] --END-- [ RunTime:0.000807s ]
INFO: [ app_end ] --START--
INFO: Run Behavior\ShowPageTraceBehavior [ RunTime:0.000971s ]
INFO: [ app_end ] --END-- [ RunTime:0.001132s ]

[ 2016-02-28T14:22:46+08:00 ] 127.0.0.1 /index.php/index/program/u/php/p/1.html
INFO: [ app_init ] --START--
INFO: Run Behavior\BuildLiteBehavior [ RunTime:0.000039s ]
INFO: [ app_init ] --END-- [ RunTime:0.000761s ]
INFO: [ app_begin ] --START--
INFO: Run Behavior\ReadHtmlCacheBehavior [ RunTime:0.001006s ]
INFO: [ app_begin ] --END-- [ RunTime:0.001173s ]
SQL: SHOW COLUMNS FROM `tp_article` [ RunTime:0.0086s ]
SQL: SHOW COLUMNS FROM `tp_program` [ RunTime:0.0130s ]
SQL: SELECT `pro_url` FROM `tp_program` WHERE ( pro_id=1 ) LIMIT 1   [ RunTime:0.0006s ]
SQL: SELECT `pro_name` FROM `tp_program` WHERE ( pro_id=1 ) LIMIT 1   [ RunTime:0.0003s ]
SQL: SELECT `pro_id`,`pro_name`,`pro_url` FROM `tp_program` WHERE ( pro_topid=1 )  [ RunTime:0.0019s ]
SQL: SELECT COUNT(*) AS tp_count FROM `tp_article` WHERE ( art_topid=19 ) LIMIT 1   [ RunTime:0.0005s ]
SQL: SELECT a.art_id,a.art_title,a.art_purl,a.art_description,a.art_writer,a.art_topid,a.art_click,a.art_source,a.art_time,p.pro_name FROM tp_article a left join tp_program p on a.art_topid=p.pro_id  WHERE ( art_topid=19 ) ORDER BY art_id desc LIMIT 0,3   [ RunTime:0.0029s ]
SQL: SELECT `art_id`,`art_title` FROM `tp_article` WHERE ( art_topid=19 ) ORDER BY art_click LIMIT 5   [ RunTime:0.0013s ]
SQL: SELECT `art_id`,`art_title` FROM `tp_article` WHERE ( art_recommend=1 ) ORDER BY art_click LIMIT 5   [ RunTime:0.0009s ]
SQL: SELECT `pro_name` FROM `tp_program` WHERE ( pro_url='program' ) LIMIT 1   [ RunTime:0.0008s ]
SQL: SELECT `pro_name` FROM `tp_program` WHERE ( pro_url='php' ) LIMIT 1   [ RunTime:0.0003s ]
INFO: [ view_parse ] --START--
INFO: [ template_filter ] --START--
INFO: Run Behavior\ContentReplaceBehavior [ RunTime:0.000194s ]
INFO: [ template_filter ] --END-- [ RunTime:0.000395s ]
INFO: Run Behavior\ParseTemplateBehavior [ RunTime:0.041001s ]
INFO: [ view_parse ] --END-- [ RunTime:0.041225s ]
INFO: [ view_filter ] --START--
INFO: Run Behavior\WriteHtmlCacheBehavior [ RunTime:0.000966s ]
INFO: [ view_filter ] --END-- [ RunTime:0.001118s ]
INFO: [ app_end ] --START--
INFO: Run Behavior\ShowPageTraceBehavior [ RunTime:0.000944s ]
INFO: [ app_end ] --END-- [ RunTime:0.001098s ]

[ 2016-02-28T14:22:52+08:00 ] 127.0.0.1 /index.php/index/program/u/tools/p/1.html
INFO: [ app_init ] --START--
INFO: Run Behavior\BuildLiteBehavior [ RunTime:0.000037s ]
INFO: [ app_init ] --END-- [ RunTime:0.000690s ]
INFO: [ app_begin ] --START--
INFO: Run Behavior\ReadHtmlCacheBehavior [ RunTime:0.000794s ]
INFO: [ app_begin ] --END-- [ RunTime:0.000955s ]
SQL: SHOW COLUMNS FROM `tp_article` [ RunTime:0.0062s ]
SQL: SHOW COLUMNS FROM `tp_program` [ RunTime:0.0061s ]
SQL: SELECT `pro_url` FROM `tp_program` WHERE ( pro_id=1 ) LIMIT 1   [ RunTime:0.0060s ]
SQL: SELECT `pro_name` FROM `tp_program` WHERE ( pro_id=1 ) LIMIT 1   [ RunTime:0.0007s ]
SQL: SELECT `pro_id`,`pro_name`,`pro_url` FROM `tp_program` WHERE ( pro_topid=1 )  [ RunTime:0.0005s ]
SQL: SELECT COUNT(*) AS tp_count FROM `tp_article` WHERE ( art_topid=20 ) LIMIT 1   [ RunTime:0.0015s ]
SQL: SELECT a.art_id,a.art_title,a.art_purl,a.art_description,a.art_writer,a.art_topid,a.art_click,a.art_source,a.art_time,p.pro_name FROM tp_article a left join tp_program p on a.art_topid=p.pro_id  WHERE ( art_topid=20 ) ORDER BY art_id desc LIMIT 0,3   [ RunTime:0.0006s ]
SQL: SELECT `art_id`,`art_title` FROM `tp_article` WHERE ( art_topid=20 ) ORDER BY art_click LIMIT 5   [ RunTime:0.0003s ]
SQL: SELECT `art_id`,`art_title` FROM `tp_article` WHERE ( art_recommend=1 ) ORDER BY art_click LIMIT 5   [ RunTime:0.0007s ]
SQL: SELECT `pro_name` FROM `tp_program` WHERE ( pro_url='program' ) LIMIT 1   [ RunTime:0.0006s ]
SQL: SELECT `pro_name` FROM `tp_program` WHERE ( pro_url='tools' ) LIMIT 1   [ RunTime:0.0005s ]
INFO: [ view_parse ] --START--
INFO: [ template_filter ] --START--
INFO: Run Behavior\ContentReplaceBehavior [ RunTime:0.000194s ]
INFO: [ template_filter ] --END-- [ RunTime:0.000389s ]
INFO: Run Behavior\ParseTemplateBehavior [ RunTime:0.032708s ]
INFO: [ view_parse ] --END-- [ RunTime:0.032953s ]
INFO: [ view_filter ] --START--
INFO: Run Behavior\WriteHtmlCacheBehavior [ RunTime:0.000662s ]
INFO: [ view_filter ] --END-- [ RunTime:0.000814s ]
INFO: [ app_end ] --START--
INFO: Run Behavior\ShowPageTraceBehavior [ RunTime:0.000948s ]
INFO: [ app_end ] --END-- [ RunTime:0.001112s ]

[ 2016-02-28T14:22:56+08:00 ] 127.0.0.1 /index.php/index/program/u/wars/p/1.html
INFO: [ app_init ] --START--
INFO: Run Behavior\BuildLiteBehavior [ RunTime:0.000054s ]
INFO: [ app_init ] --END-- [ RunTime:0.000868s ]
INFO: [ app_begin ] --START--
INFO: Run Behavior\ReadHtmlCacheBehavior [ RunTime:0.001192s ]
INFO: [ app_begin ] --END-- [ RunTime:0.001371s ]
SQL: SHOW COLUMNS FROM `tp_article` [ RunTime:0.0065s ]
SQL: SHOW COLUMNS FROM `tp_program` [ RunTime:0.0061s ]
SQL: SELECT `pro_url` FROM `tp_program` WHERE ( pro_id=1 ) LIMIT 1   [ RunTime:0.0006s ]
SQL: SELECT `pro_name` FROM `tp_program` WHERE ( pro_id=1 ) LIMIT 1   [ RunTime:0.0011s ]
SQL: SELECT `pro_id`,`pro_name`,`pro_url` FROM `tp_program` WHERE ( pro_topid=1 )  [ RunTime:0.0010s ]
SQL: SELECT COUNT(*) AS tp_count FROM `tp_article` WHERE ( art_topid=21 ) LIMIT 1   [ RunTime:0.0011s ]
SQL: SELECT a.art_id,a.art_title,a.art_purl,a.art_description,a.art_writer,a.art_topid,a.art_click,a.art_source,a.art_time,p.pro_name FROM tp_article a left join tp_program p on a.art_topid=p.pro_id  WHERE ( art_topid=21 ) ORDER BY art_id desc LIMIT 0,3   [ RunTime:0.0011s ]
SQL: SELECT `art_id`,`art_title` FROM `tp_article` WHERE ( art_topid=21 ) ORDER BY art_click LIMIT 5   [ RunTime:0.0010s ]
SQL: SELECT `art_id`,`art_title` FROM `tp_article` WHERE ( art_recommend=1 ) ORDER BY art_click LIMIT 5   [ RunTime:0.0008s ]
SQL: SELECT `pro_name` FROM `tp_program` WHERE ( pro_url='program' ) LIMIT 1   [ RunTime:0.0007s ]
SQL: SELECT `pro_name` FROM `tp_program` WHERE ( pro_url='wars' ) LIMIT 1   [ RunTime:0.0012s ]
INFO: [ view_parse ] --START--
INFO: [ template_filter ] --START--
INFO: Run Behavior\ContentReplaceBehavior [ RunTime:0.000194s ]
INFO: [ template_filter ] --END-- [ RunTime:0.000394s ]
INFO: Run Behavior\ParseTemplateBehavior [ RunTime:0.043808s ]
INFO: [ view_parse ] --END-- [ RunTime:0.044065s ]
INFO: [ view_filter ] --START--
INFO: Run Behavior\WriteHtmlCacheBehavior [ RunTime:0.001043s ]
INFO: [ view_filter ] --END-- [ RunTime:0.001254s ]
INFO: [ app_end ] --START--
INFO: Run Behavior\ShowPageTraceBehavior [ RunTime:0.001435s ]
INFO: [ app_end ] --END-- [ RunTime:0.001630s ]

[ 2016-02-28T14:22:58+08:00 ] 127.0.0.1 /index.php/index/program/u/others/p/1.html
INFO: [ app_init ] --START--
INFO: Run Behavior\BuildLiteBehavior [ RunTime:0.000043s ]
INFO: [ app_init ] --END-- [ RunTime:0.000988s ]
INFO: [ app_begin ] --START--
INFO: Run Behavior\ReadHtmlCacheBehavior [ RunTime:0.001028s ]
INFO: [ app_begin ] --END-- [ RunTime:0.001235s ]
SQL: SHOW COLUMNS FROM `tp_article` [ RunTime:0.0078s ]
SQL: SHOW COLUMNS FROM `tp_program` [ RunTime:0.0122s ]
SQL: SELECT `pro_url` FROM `tp_program` WHERE ( pro_id=1 ) LIMIT 1   [ RunTime:0.0006s ]
SQL: SELECT `pro_name` FROM `tp_program` WHERE ( pro_id=1 ) LIMIT 1   [ RunTime:0.0003s ]
SQL: SELECT `pro_id`,`pro_name`,`pro_url` FROM `tp_program` WHERE ( pro_topid=1 )  [ RunTime:0.0003s ]
SQL: SELECT COUNT(*) AS tp_count FROM `tp_article` WHERE ( art_topid=22 ) LIMIT 1   [ RunTime:0.0003s ]
SQL: SELECT a.art_id,a.art_title,a.art_purl,a.art_description,a.art_writer,a.art_topid,a.art_click,a.art_source,a.art_time,p.pro_name FROM tp_article a left join tp_program p on a.art_topid=p.pro_id  WHERE ( art_topid=22 ) ORDER BY art_id desc LIMIT 0,3   [ RunTime:0.0005s ]
SQL: SELECT `art_id`,`art_title` FROM `tp_article` WHERE ( art_topid=22 ) ORDER BY art_click LIMIT 5   [ RunTime:0.0003s ]
SQL: SELECT `art_id`,`art_title` FROM `tp_article` WHERE ( art_recommend=1 ) ORDER BY art_click LIMIT 5   [ RunTime:0.0003s ]
SQL: SELECT `pro_name` FROM `tp_program` WHERE ( pro_url='program' ) LIMIT 1   [ RunTime:0.0005s ]
SQL: SELECT `pro_name` FROM `tp_program` WHERE ( pro_url='others' ) LIMIT 1   [ RunTime:0.0005s ]
INFO: [ view_parse ] --START--
INFO: [ template_filter ] --START--
INFO: Run Behavior\ContentReplaceBehavior [ RunTime:0.000184s ]
INFO: [ template_filter ] --END-- [ RunTime:0.000355s ]
INFO: Run Behavior\ParseTemplateBehavior [ RunTime:0.027847s ]
INFO: [ view_parse ] --END-- [ RunTime:0.028093s ]
INFO: [ view_filter ] --START--
INFO: Run Behavior\WriteHtmlCacheBehavior [ RunTime:0.000838s ]
INFO: [ view_filter ] --END-- [ RunTime:0.001002s ]
INFO: [ app_end ] --START--
INFO: Run Behavior\ShowPageTraceBehavior [ RunTime:0.001160s ]
INFO: [ app_end ] --END-- [ RunTime:0.001343s ]

[ 2016-02-28T14:23:03+08:00 ] 127.0.0.1 /index.php/index/program/u/php/p/1.html
INFO: [ app_init ] --START--
INFO: Run Behavior\BuildLiteBehavior [ RunTime:0.000047s ]
INFO: [ app_init ] --END-- [ RunTime:0.001051s ]
INFO: [ app_begin ] --START--
INFO: Run Behavior\ReadHtmlCacheBehavior [ RunTime:0.001058s ]
INFO: [ app_begin ] --END-- [ RunTime:0.001260s ]
SQL: SHOW COLUMNS FROM `tp_article` [ RunTime:0.0090s ]
SQL: SHOW COLUMNS FROM `tp_program` [ RunTime:0.0105s ]
SQL: SELECT `pro_url` FROM `tp_program` WHERE ( pro_id=1 ) LIMIT 1   [ RunTime:0.0010s ]
SQL: SELECT `pro_name` FROM `tp_program` WHERE ( pro_id=1 ) LIMIT 1   [ RunTime:0.0010s ]
SQL: SELECT `pro_id`,`pro_name`,`pro_url` FROM `tp_program` WHERE ( pro_topid=1 )  [ RunTime:0.0009s ]
SQL: SELECT COUNT(*) AS tp_count FROM `tp_article` WHERE ( art_topid=19 ) LIMIT 1   [ RunTime:0.0006s ]
SQL: SELECT a.art_id,a.art_title,a.art_purl,a.art_description,a.art_writer,a.art_topid,a.art_click,a.art_source,a.art_time,p.pro_name FROM tp_article a left join tp_program p on a.art_topid=p.pro_id  WHERE ( art_topid=19 ) ORDER BY art_id desc LIMIT 0,3   [ RunTime:0.0007s ]
SQL: SELECT `art_id`,`art_title` FROM `tp_article` WHERE ( art_topid=19 ) ORDER BY art_click LIMIT 5   [ RunTime:0.0005s ]
SQL: SELECT `art_id`,`art_title` FROM `tp_article` WHERE ( art_recommend=1 ) ORDER BY art_click LIMIT 5   [ RunTime:0.0004s ]
SQL: SELECT `pro_name` FROM `tp_program` WHERE ( pro_url='program' ) LIMIT 1   [ RunTime:0.0004s ]
SQL: SELECT `pro_name` FROM `tp_program` WHERE ( pro_url='php' ) LIMIT 1   [ RunTime:0.0004s ]
INFO: [ view_parse ] --START--
INFO: [ template_filter ] --START--
INFO: Run Behavior\ContentReplaceBehavior [ RunTime:0.000211s ]
INFO: [ template_filter ] --END-- [ RunTime:0.000433s ]
INFO: Run Behavior\ParseTemplateBehavior [ RunTime:0.033482s ]
INFO: [ view_parse ] --END-- [ RunTime:0.033727s ]
INFO: [ view_filter ] --START--
INFO: Run Behavior\WriteHtmlCacheBehavior [ RunTime:0.000663s ]
INFO: [ view_filter ] --END-- [ RunTime:0.000821s ]
INFO: [ app_end ] --START--
INFO: Run Behavior\ShowPageTraceBehavior [ RunTime:0.001478s ]
INFO: [ app_end ] --END-- [ RunTime:0.001638s ]

[ 2016-02-28T14:23:05+08:00 ] 127.0.0.1 /index.php/index/art/id/15.html
INFO: [ app_init ] --START--
INFO: Run Behavior\BuildLiteBehavior [ RunTime:0.000041s ]
INFO: [ app_init ] --END-- [ RunTime:0.000763s ]
INFO: [ app_begin ] --START--
INFO: Run Behavior\ReadHtmlCacheBehavior [ RunTime:0.000854s ]
INFO: [ app_begin ] --END-- [ RunTime:0.001018s ]
SQL: SHOW COLUMNS FROM `tp_article` [ RunTime:0.0062s ]
SQL: SHOW COLUMNS FROM `tp_program` [ RunTime:0.0054s ]
SQL: SELECT `art_click` FROM `tp_article` WHERE ( art_id=15 ) LIMIT 1   [ RunTime:0.0004s ]
SQL: UPDATE `tp_article` SET `art_click`='91' WHERE ( art_id=15 ) [ RunTime:0.0005s ]
SQL: SELECT a.art_topid,p.pro_name,p.pro_url,p.pro_topid FROM tp_article a left join tp_program p on a.art_topid=p.pro_id  WHERE ( art_id=15 ) LIMIT 1   [ RunTime:0.0005s ]
SQL: SELECT `pro_name`,`pro_url` FROM `tp_program` WHERE ( pro_id=1 ) LIMIT 1   [ RunTime:0.0004s ]
SQL: SELECT * FROM `tp_article` WHERE ( art_id=15 ) LIMIT 1   [ RunTime:0.0005s ]
SQL: SELECT `pro_topid` FROM `tp_program` WHERE ( pro_id=19 ) LIMIT 1   [ RunTime:0.0004s ]
SQL: SELECT `pro_url` FROM `tp_program` WHERE ( pro_id=1 ) LIMIT 1   [ RunTime:0.0009s ]
SQL: SELECT `pro_url`,`pro_name` FROM `tp_program` WHERE ( pro_topid=1 )  [ RunTime:0.0010s ]
SQL: SELECT `art_id`,`art_title` FROM `tp_article` WHERE ( art_topid=19 ) ORDER BY art_click LIMIT 5   [ RunTime:0.0011s ]
SQL: SELECT `art_id`,`art_title` FROM `tp_article` WHERE ( art_topid=19 and art_recommend=1 ) ORDER BY art_click LIMIT 5   [ RunTime:0.0010s ]
SQL: SELECT `art_id` FROM `tp_article` WHERE ( art_topid=19 )  [ RunTime:0.0006s ]
NOTIC: [8] Undefined offset: -1 E:\www\mynote2\Application\Home\Controller\IndexController.class.php 第 156 行.
SQL: SELECT `art_title` FROM `tp_article` WHERE ( art_id=5 ) LIMIT 1   [ RunTime:0.0007s ]
SQL: SELECT a.art_topid,p.pro_name,p.pro_url,p.pro_topid FROM tp_article a left join tp_program p on a.art_topid=p.pro_id  WHERE ( art_id=15 ) LIMIT 1   [ RunTime:0.0004s ]
SQL: SELECT `pro_name`,`pro_url` FROM `tp_program` WHERE ( pro_id=1 ) LIMIT 1   [ RunTime:0.0003s ]
INFO: [ view_parse ] --START--
INFO: [ template_filter ] --START--
INFO: Run Behavior\ContentReplaceBehavior [ RunTime:0.000201s ]
INFO: [ template_filter ] --END-- [ RunTime:0.000412s ]
NOTIC: [8] Undefined variable: pros E:\www\mynote2\Application\Runtime\Cache\Home\90f46c694e5072416172d26c4d242c62.php 第 95 行.
INFO: Run Behavior\ParseTemplateBehavior [ RunTime:0.021109s ]
INFO: [ view_parse ] --END-- [ RunTime:0.021273s ]
INFO: [ view_filter ] --START--
INFO: Run Behavior\WriteHtmlCacheBehavior [ RunTime:0.000635s ]
INFO: [ view_filter ] --END-- [ RunTime:0.000785s ]
INFO: [ app_end ] --START--
INFO: Run Behavior\ShowPageTraceBehavior [ RunTime:0.000966s ]
INFO: [ app_end ] --END-- [ RunTime:0.001123s ]

[ 2016-02-28T14:23:11+08:00 ] 127.0.0.1 /index.php/index/program/u/php/p/1.html
INFO: [ app_init ] --START--
INFO: Run Behavior\BuildLiteBehavior [ RunTime:0.000037s ]
INFO: [ app_init ] --END-- [ RunTime:0.000698s ]
INFO: [ app_begin ] --START--
INFO: Run Behavior\ReadHtmlCacheBehavior [ RunTime:0.000806s ]
INFO: [ app_begin ] --END-- [ RunTime:0.000964s ]
SQL: SHOW COLUMNS FROM `tp_article` [ RunTime:0.0105s ]
SQL: SHOW COLUMNS FROM `tp_program` [ RunTime:0.0058s ]
SQL: SELECT `pro_url` FROM `tp_program` WHERE ( pro_id=1 ) LIMIT 1   [ RunTime:0.0003s ]
SQL: SELECT `pro_name` FROM `tp_program` WHERE ( pro_id=1 ) LIMIT 1   [ RunTime:0.0004s ]
SQL: SELECT `pro_id`,`pro_name`,`pro_url` FROM `tp_program` WHERE ( pro_topid=1 )  [ RunTime:0.0005s ]
SQL: SELECT COUNT(*) AS tp_count FROM `tp_article` WHERE ( art_topid=19 ) LIMIT 1   [ RunTime:0.0003s ]
SQL: SELECT a.art_id,a.art_title,a.art_purl,a.art_description,a.art_writer,a.art_topid,a.art_click,a.art_source,a.art_time,p.pro_name FROM tp_article a left join tp_program p on a.art_topid=p.pro_id  WHERE ( art_topid=19 ) ORDER BY art_id desc LIMIT 0,3   [ RunTime:0.0006s ]
SQL: SELECT `art_id`,`art_title` FROM `tp_article` WHERE ( art_topid=19 ) ORDER BY art_click LIMIT 5   [ RunTime:0.0003s ]
SQL: SELECT `art_id`,`art_title` FROM `tp_article` WHERE ( art_recommend=1 ) ORDER BY art_click LIMIT 5   [ RunTime:0.0003s ]
SQL: SELECT `pro_name` FROM `tp_program` WHERE ( pro_url='program' ) LIMIT 1   [ RunTime:0.0003s ]
SQL: SELECT `pro_name` FROM `tp_program` WHERE ( pro_url='php' ) LIMIT 1   [ RunTime:0.0003s ]
INFO: [ view_parse ] --START--
INFO: [ template_filter ] --START--
INFO: Run Behavior\ContentReplaceBehavior [ RunTime:0.000180s ]
INFO: [ template_filter ] --END-- [ RunTime:0.000353s ]
INFO: Run Behavior\ParseTemplateBehavior [ RunTime:0.027001s ]
INFO: [ view_parse ] --END-- [ RunTime:0.027210s ]
INFO: [ view_filter ] --START--
INFO: Run Behavior\WriteHtmlCacheBehavior [ RunTime:0.001219s ]
INFO: [ view_filter ] --END-- [ RunTime:0.001418s ]
INFO: [ app_end ] --START--
INFO: Run Behavior\ShowPageTraceBehavior [ RunTime:0.001081s ]
INFO: [ app_end ] --END-- [ RunTime:0.001241s ]

[ 2016-02-28T14:23:30+08:00 ] 127.0.0.1 /index.php/index/program/p/1.html
INFO: [ app_init ] --START--
INFO: Run Behavior\BuildLiteBehavior [ RunTime:0.000042s ]
INFO: [ app_init ] --END-- [ RunTime:0.000813s ]
INFO: [ app_begin ] --START--
INFO: Run Behavior\ReadHtmlCacheBehavior [ RunTime:0.001045s ]
INFO: [ app_begin ] --END-- [ RunTime:0.001259s ]
SQL: SHOW COLUMNS FROM `tp_article` [ RunTime:0.0090s ]
SQL: SHOW COLUMNS FROM `tp_program` [ RunTime:0.0111s ]
SQL: SELECT `pro_url` FROM `tp_program` WHERE ( pro_id=1 ) LIMIT 1   [ RunTime:0.0005s ]
SQL: SELECT `pro_name` FROM `tp_program` WHERE ( pro_id=1 ) LIMIT 1   [ RunTime:0.0007s ]
NOTIC: [8] Undefined index: u E:\www\mynote2\Application\Home\Controller\IndexController.class.php 第 278 行.
SQL: SELECT `pro_id`,`pro_name`,`pro_url` FROM `tp_program` WHERE ( pro_topid=1 )  [ RunTime:0.0006s ]
SQL: SELECT COUNT(*) AS tp_count FROM `tp_article` WHERE `art_topid` IN ('19','20','21','22') LIMIT 1   [ RunTime:0.0006s ]
SQL: SELECT a.art_id,a.art_purl,a.art_title,a.art_description,a.art_writer,a.art_topid,a.art_click,a.art_source,a.art_time,p.pro_name FROM tp_article a left join tp_program p on a.art_topid=p.pro_id  WHERE `pro_id` IN ('19','20','21','22') ORDER BY art_id desc LIMIT 0,3   [ RunTime:0.0017s ]
SQL: SELECT `art_id`,`art_title` FROM `tp_article` WHERE `art_topid` IN ('19','20','21','22') ORDER BY art_click LIMIT 5   [ RunTime:0.0005s ]
SQL: SELECT `art_id`,`art_title` FROM `tp_article` WHERE `art_topid` IN ('19','20','21','22') AND ( art_recommend=1 ) ORDER BY art_click LIMIT 5   [ RunTime:0.0004s ]
SQL: SELECT `pro_name` FROM `tp_program` WHERE ( pro_url='program' ) LIMIT 1   [ RunTime:0.0003s ]
INFO: [ view_parse ] --START--
INFO: [ template_filter ] --START--
INFO: Run Behavior\ContentReplaceBehavior [ RunTime:0.000178s ]
INFO: [ template_filter ] --END-- [ RunTime:0.000351s ]
INFO: Run Behavior\ParseTemplateBehavior [ RunTime:0.025377s ]
INFO: [ view_parse ] --END-- [ RunTime:0.025547s ]
INFO: [ view_filter ] --START--
INFO: Run Behavior\WriteHtmlCacheBehavior [ RunTime:0.000507s ]
INFO: [ view_filter ] --END-- [ RunTime:0.000655s ]
INFO: [ app_end ] --START--
INFO: Run Behavior\ShowPageTraceBehavior [ RunTime:0.000809s ]
INFO: [ app_end ] --END-- [ RunTime:0.000962s ]

[ 2016-02-28T14:23:35+08:00 ] 127.0.0.1 /index.php/index/program/p/1.html
INFO: [ app_init ] --START--
INFO: Run Behavior\BuildLiteBehavior [ RunTime:0.000045s ]
INFO: [ app_init ] --END-- [ RunTime:0.000926s ]
INFO: [ app_begin ] --START--
INFO: Run Behavior\ReadHtmlCacheBehavior [ RunTime:0.000823s ]
INFO: [ app_begin ] --END-- [ RunTime:0.000984s ]
SQL: SHOW COLUMNS FROM `tp_article` [ RunTime:0.0061s ]
SQL: SHOW COLUMNS FROM `tp_program` [ RunTime:0.0052s ]
SQL: SELECT `pro_url` FROM `tp_program` WHERE ( pro_id=1 ) LIMIT 1   [ RunTime:0.0004s ]
SQL: SELECT `pro_name` FROM `tp_program` WHERE ( pro_id=1 ) LIMIT 1   [ RunTime:0.0004s ]
NOTIC: [8] Undefined index: u E:\www\mynote2\Application\Home\Controller\IndexController.class.php 第 278 行.
SQL: SELECT `pro_id`,`pro_name`,`pro_url` FROM `tp_program` WHERE ( pro_topid=1 )  [ RunTime:0.0004s ]
SQL: SELECT COUNT(*) AS tp_count FROM `tp_article` WHERE `art_topid` IN ('19','20','21','22') LIMIT 1   [ RunTime:0.0004s ]
SQL: SELECT a.art_id,a.art_purl,a.art_title,a.art_description,a.art_writer,a.art_topid,a.art_click,a.art_source,a.art_time,p.pro_name FROM tp_article a left join tp_program p on a.art_topid=p.pro_id  WHERE `pro_id` IN ('19','20','21','22') ORDER BY art_id desc LIMIT 0,3   [ RunTime:0.0009s ]
SQL: SELECT `art_id`,`art_title` FROM `tp_article` WHERE `art_topid` IN ('19','20','21','22') ORDER BY art_click LIMIT 5   [ RunTime:0.0004s ]
SQL: SELECT `art_id`,`art_title` FROM `tp_article` WHERE `art_topid` IN ('19','20','21','22') AND ( art_recommend=1 ) ORDER BY art_click LIMIT 5   [ RunTime:0.0005s ]
SQL: SELECT `pro_name` FROM `tp_program` WHERE ( pro_url='program' ) LIMIT 1   [ RunTime:0.0004s ]
INFO: [ view_parse ] --START--
INFO: [ template_filter ] --START--
INFO: Run Behavior\ContentReplaceBehavior [ RunTime:0.000182s ]
INFO: [ template_filter ] --END-- [ RunTime:0.000361s ]
INFO: Run Behavior\ParseTemplateBehavior [ RunTime:0.025044s ]
INFO: [ view_parse ] --END-- [ RunTime:0.025218s ]
INFO: [ view_filter ] --START--
INFO: Run Behavior\WriteHtmlCacheBehavior [ RunTime:0.000517s ]
INFO: [ view_filter ] --END-- [ RunTime:0.000665s ]
INFO: [ app_end ] --START--
INFO: Run Behavior\ShowPageTraceBehavior [ RunTime:0.002209s ]
INFO: [ app_end ] --END-- [ RunTime:0.002435s ]

[ 2016-02-28T14:23:37+08:00 ] 127.0.0.1 /index.php/index/program/u/wars/p/1.html
INFO: [ app_init ] --START--
INFO: Run Behavior\BuildLiteBehavior [ RunTime:0.000044s ]
INFO: [ app_init ] --END-- [ RunTime:0.000878s ]
INFO: [ app_begin ] --START--
INFO: Run Behavior\ReadHtmlCacheBehavior [ RunTime:0.001006s ]
INFO: [ app_begin ] --END-- [ RunTime:0.001201s ]
SQL: SHOW COLUMNS FROM `tp_article` [ RunTime:0.0069s ]
SQL: SHOW COLUMNS FROM `tp_program` [ RunTime:0.0139s ]
SQL: SELECT `pro_url` FROM `tp_program` WHERE ( pro_id=1 ) LIMIT 1   [ RunTime:0.0020s ]
SQL: SELECT `pro_name` FROM `tp_program` WHERE ( pro_id=1 ) LIMIT 1   [ RunTime:0.0004s ]
SQL: SELECT `pro_id`,`pro_name`,`pro_url` FROM `tp_program` WHERE ( pro_topid=1 )  [ RunTime:0.0004s ]
SQL: SELECT COUNT(*) AS tp_count FROM `tp_article` WHERE ( art_topid=21 ) LIMIT 1   [ RunTime:0.0007s ]
SQL: SELECT a.art_id,a.art_title,a.art_purl,a.art_description,a.art_writer,a.art_topid,a.art_click,a.art_source,a.art_time,p.pro_name FROM tp_article a left join tp_program p on a.art_topid=p.pro_id  WHERE ( art_topid=21 ) ORDER BY art_id desc LIMIT 0,3   [ RunTime:0.0018s ]
SQL: SELECT `art_id`,`art_title` FROM `tp_article` WHERE ( art_topid=21 ) ORDER BY art_click LIMIT 5   [ RunTime:0.0013s ]
SQL: SELECT `art_id`,`art_title` FROM `tp_article` WHERE ( art_recommend=1 ) ORDER BY art_click LIMIT 5   [ RunTime:0.0009s ]
SQL: SELECT `pro_name` FROM `tp_program` WHERE ( pro_url='program' ) LIMIT 1   [ RunTime:0.0006s ]
SQL: SELECT `pro_name` FROM `tp_program` WHERE ( pro_url='wars' ) LIMIT 1   [ RunTime:0.0005s ]
INFO: [ view_parse ] --START--
INFO: [ template_filter ] --START--
INFO: Run Behavior\ContentReplaceBehavior [ RunTime:0.000188s ]
INFO: [ template_filter ] --END-- [ RunTime:0.000382s ]
INFO: Run Behavior\ParseTemplateBehavior [ RunTime:0.028157s ]
INFO: [ view_parse ] --END-- [ RunTime:0.028377s ]
INFO: [ view_filter ] --START--
INFO: Run Behavior\WriteHtmlCacheBehavior [ RunTime:0.000652s ]
INFO: [ view_filter ] --END-- [ RunTime:0.000806s ]
INFO: [ app_end ] --START--
INFO: Run Behavior\ShowPageTraceBehavior [ RunTime:0.001885s ]
INFO: [ app_end ] --END-- [ RunTime:0.002164s ]

[ 2016-02-28T14:23:39+08:00 ] 127.0.0.1 /index.php/index/program/p/1.html
INFO: [ app_init ] --START--
INFO: Run Behavior\BuildLiteBehavior [ RunTime:0.000041s ]
INFO: [ app_init ] --END-- [ RunTime:0.000870s ]
INFO: [ app_begin ] --START--
INFO: Run Behavior\ReadHtmlCacheBehavior [ RunTime:0.001513s ]
INFO: [ app_begin ] --END-- [ RunTime:0.001779s ]
SQL: SHOW COLUMNS FROM `tp_article` [ RunTime:0.0060s ]
SQL: SHOW COLUMNS FROM `tp_program` [ RunTime:0.0066s ]
SQL: SELECT `pro_url` FROM `tp_program` WHERE ( pro_id=1 ) LIMIT 1   [ RunTime:0.0014s ]
SQL: SELECT `pro_name` FROM `tp_program` WHERE ( pro_id=1 ) LIMIT 1   [ RunTime:0.0006s ]
NOTIC: [8] Undefined index: u E:\www\mynote2\Application\Home\Controller\IndexController.class.php 第 278 行.
SQL: SELECT `pro_id`,`pro_name`,`pro_url` FROM `tp_program` WHERE ( pro_topid=1 )  [ RunTime:0.0009s ]
SQL: SELECT COUNT(*) AS tp_count FROM `tp_article` WHERE `art_topid` IN ('19','20','21','22') LIMIT 1   [ RunTime:0.0010s ]
SQL: SELECT a.art_id,a.art_purl,a.art_title,a.art_description,a.art_writer,a.art_topid,a.art_click,a.art_source,a.art_time,p.pro_name FROM tp_article a left join tp_program p on a.art_topid=p.pro_id  WHERE `pro_id` IN ('19','20','21','22') ORDER BY art_id desc LIMIT 0,3   [ RunTime:0.0013s ]
SQL: SELECT `art_id`,`art_title` FROM `tp_article` WHERE `art_topid` IN ('19','20','21','22') ORDER BY art_click LIMIT 5   [ RunTime:0.0005s ]
SQL: SELECT `art_id`,`art_title` FROM `tp_article` WHERE `art_topid` IN ('19','20','21','22') AND ( art_recommend=1 ) ORDER BY art_click LIMIT 5   [ RunTime:0.0004s ]
SQL: SELECT `pro_name` FROM `tp_program` WHERE ( pro_url='program' ) LIMIT 1   [ RunTime:0.0004s ]
INFO: [ view_parse ] --START--
INFO: [ template_filter ] --START--
INFO: Run Behavior\ContentReplaceBehavior [ RunTime:0.000181s ]
INFO: [ template_filter ] --END-- [ RunTime:0.000430s ]
INFO: Run Behavior\ParseTemplateBehavior [ RunTime:0.024949s ]
INFO: [ view_parse ] --END-- [ RunTime:0.025139s ]
INFO: [ view_filter ] --START--
INFO: Run Behavior\WriteHtmlCacheBehavior [ RunTime:0.000537s ]
INFO: [ view_filter ] --END-- [ RunTime:0.000687s ]
INFO: [ app_end ] --START--
INFO: Run Behavior\ShowPageTraceBehavior [ RunTime:0.000825s ]
INFO: [ app_end ] --END-- [ RunTime:0.000975s ]

[ 2016-02-28T14:24:29+08:00 ] 127.0.0.1 /index.php/index/program/u/php/p/1.html
INFO: [ app_init ] --START--
INFO: Run Behavior\BuildLiteBehavior [ RunTime:0.000043s ]
INFO: [ app_init ] --END-- [ RunTime:0.000862s ]
INFO: [ app_begin ] --START--
INFO: Run Behavior\ReadHtmlCacheBehavior [ RunTime:0.001011s ]
INFO: [ app_begin ] --END-- [ RunTime:0.001204s ]
SQL: SHOW COLUMNS FROM `tp_article` [ RunTime:0.0120s ]
SQL: SHOW COLUMNS FROM `tp_program` [ RunTime:0.0049s ]
SQL: SELECT `pro_url` FROM `tp_program` WHERE ( pro_id=1 ) LIMIT 1   [ RunTime:0.0003s ]
SQL: SELECT `pro_name` FROM `tp_program` WHERE ( pro_id=1 ) LIMIT 1   [ RunTime:0.0003s ]
SQL: SELECT `pro_id`,`pro_name`,`pro_url` FROM `tp_program` WHERE ( pro_topid=1 )  [ RunTime:0.0003s ]
SQL: SELECT COUNT(*) AS tp_count FROM `tp_article` WHERE ( art_topid=19 ) LIMIT 1   [ RunTime:0.0003s ]
SQL: SELECT a.art_id,a.art_title,a.art_purl,a.art_description,a.art_writer,a.art_topid,a.art_click,a.art_source,a.art_time,p.pro_name FROM tp_article a left join tp_program p on a.art_topid=p.pro_id  WHERE ( art_topid=19 ) ORDER BY art_id desc LIMIT 0,3   [ RunTime:0.0006s ]
SQL: SELECT `art_id`,`art_title` FROM `tp_article` WHERE ( art_topid=19 ) ORDER BY art_click LIMIT 5   [ RunTime:0.0004s ]
SQL: SELECT `art_id`,`art_title` FROM `tp_article` WHERE ( art_topid=19 and art_recommend=1 ) ORDER BY art_click LIMIT 5   [ RunTime:0.0004s ]
SQL: SELECT `pro_name` FROM `tp_program` WHERE ( pro_url='program' ) LIMIT 1   [ RunTime:0.0004s ]
SQL: SELECT `pro_name` FROM `tp_program` WHERE ( pro_url='php' ) LIMIT 1   [ RunTime:0.0003s ]
INFO: [ view_parse ] --START--
INFO: [ template_filter ] --START--
INFO: Run Behavior\ContentReplaceBehavior [ RunTime:0.000203s ]
INFO: [ template_filter ] --END-- [ RunTime:0.000409s ]
INFO: Run Behavior\ParseTemplateBehavior [ RunTime:0.027729s ]
INFO: [ view_parse ] --END-- [ RunTime:0.027952s ]
INFO: [ view_filter ] --START--
INFO: Run Behavior\WriteHtmlCacheBehavior [ RunTime:0.000718s ]
INFO: [ view_filter ] --END-- [ RunTime:0.000898s ]
INFO: [ app_end ] --START--
INFO: Run Behavior\ShowPageTraceBehavior [ RunTime:0.001171s ]
INFO: [ app_end ] --END-- [ RunTime:0.001498s ]

[ 2016-02-28T14:24:32+08:00 ] 127.0.0.1 /index.php/index/program/p/1.html
INFO: [ app_init ] --START--
INFO: Run Behavior\BuildLiteBehavior [ RunTime:0.000038s ]
INFO: [ app_init ] --END-- [ RunTime:0.000721s ]
INFO: [ app_begin ] --START--
INFO: Run Behavior\ReadHtmlCacheBehavior [ RunTime:0.000814s ]
INFO: [ app_begin ] --END-- [ RunTime:0.000992s ]
SQL: SHOW COLUMNS FROM `tp_article` [ RunTime:0.0074s ]
SQL: SHOW COLUMNS FROM `tp_program` [ RunTime:0.0090s ]
SQL: SELECT `pro_url` FROM `tp_program` WHERE ( pro_id=1 ) LIMIT 1   [ RunTime:0.0008s ]
SQL: SELECT `pro_name` FROM `tp_program` WHERE ( pro_id=1 ) LIMIT 1   [ RunTime:0.0005s ]
NOTIC: [8] Undefined index: u E:\www\mynote2\Application\Home\Controller\IndexController.class.php 第 278 行.
SQL: SELECT `pro_id`,`pro_name`,`pro_url` FROM `tp_program` WHERE ( pro_topid=1 )  [ RunTime:0.0007s ]
SQL: SELECT COUNT(*) AS tp_count FROM `tp_article` WHERE `art_topid` IN ('19','20','21','22') LIMIT 1   [ RunTime:0.0004s ]
SQL: SELECT a.art_id,a.art_purl,a.art_title,a.art_description,a.art_writer,a.art_topid,a.art_click,a.art_source,a.art_time,p.pro_name FROM tp_article a left join tp_program p on a.art_topid=p.pro_id  WHERE `pro_id` IN ('19','20','21','22') ORDER BY art_id desc LIMIT 0,3   [ RunTime:0.0008s ]
SQL: SELECT `art_id`,`art_title` FROM `tp_article` WHERE `art_topid` IN ('19','20','21','22') ORDER BY art_click LIMIT 5   [ RunTime:0.0004s ]
SQL: SELECT `art_id`,`art_title` FROM `tp_article` WHERE `art_topid` IN ('19','20','21','22') AND ( art_recommend=1 ) ORDER BY art_click LIMIT 5   [ RunTime:0.0004s ]
SQL: SELECT `pro_name` FROM `tp_program` WHERE ( pro_url='program' ) LIMIT 1   [ RunTime:0.0003s ]
INFO: [ view_parse ] --START--
INFO: [ template_filter ] --START--
INFO: Run Behavior\ContentReplaceBehavior [ RunTime:0.000175s ]
INFO: [ template_filter ] --END-- [ RunTime:0.000345s ]
INFO: Run Behavior\ParseTemplateBehavior [ RunTime:0.024823s ]
INFO: [ view_parse ] --END-- [ RunTime:0.025011s ]
INFO: [ view_filter ] --START--
INFO: Run Behavior\WriteHtmlCacheBehavior [ RunTime:0.000534s ]
INFO: [ view_filter ] --END-- [ RunTime:0.000680s ]
INFO: [ app_end ] --START--
INFO: Run Behavior\ShowPageTraceBehavior [ RunTime:0.000817s ]
INFO: [ app_end ] --END-- [ RunTime:0.000968s ]

[ 2016-02-28T14:24:34+08:00 ] 127.0.0.1 /index.php/index/program/u/tools/p/1.html
INFO: [ app_init ] --START--
INFO: Run Behavior\BuildLiteBehavior [ RunTime:0.000042s ]
INFO: [ app_init ] --END-- [ RunTime:0.001973s ]
INFO: [ app_begin ] --START--
INFO: Run Behavior\ReadHtmlCacheBehavior [ RunTime:0.001052s ]
INFO: [ app_begin ] --END-- [ RunTime:0.001254s ]
SQL: SHOW COLUMNS FROM `tp_article` [ RunTime:0.0078s ]
SQL: SHOW COLUMNS FROM `tp_program` [ RunTime:0.0077s ]
SQL: SELECT `pro_url` FROM `tp_program` WHERE ( pro_id=1 ) LIMIT 1   [ RunTime:0.0017s ]
SQL: SELECT `pro_name` FROM `tp_program` WHERE ( pro_id=1 ) LIMIT 1   [ RunTime:0.0003s ]
SQL: SELECT `pro_id`,`pro_name`,`pro_url` FROM `tp_program` WHERE ( pro_topid=1 )  [ RunTime:0.0004s ]
SQL: SELECT COUNT(*) AS tp_count FROM `tp_article` WHERE ( art_topid=20 ) LIMIT 1   [ RunTime:0.0003s ]
SQL: SELECT a.art_id,a.art_title,a.art_purl,a.art_description,a.art_writer,a.art_topid,a.art_click,a.art_source,a.art_time,p.pro_name FROM tp_article a left join tp_program p on a.art_topid=p.pro_id  WHERE ( art_topid=20 ) ORDER BY art_id desc LIMIT 0,3   [ RunTime:0.0096s ]
SQL: SELECT `art_id`,`art_title` FROM `tp_article` WHERE ( art_topid=20 ) ORDER BY art_click LIMIT 5   [ RunTime:0.0065s ]
SQL: SELECT `art_id`,`art_title` FROM `tp_article` WHERE ( art_topid=20 and art_recommend=1 ) ORDER BY art_click LIMIT 5   [ RunTime:0.0026s ]
SQL: SELECT `pro_name` FROM `tp_program` WHERE ( pro_url='program' ) LIMIT 1   [ RunTime:0.0012s ]
SQL: SELECT `pro_name` FROM `tp_program` WHERE ( pro_url='tools' ) LIMIT 1   [ RunTime:0.0006s ]
INFO: [ view_parse ] --START--
INFO: [ template_filter ] --START--
INFO: Run Behavior\ContentReplaceBehavior [ RunTime:0.000184s ]
INFO: [ template_filter ] --END-- [ RunTime:0.000364s ]
INFO: Run Behavior\ParseTemplateBehavior [ RunTime:0.027388s ]
INFO: [ view_parse ] --END-- [ RunTime:0.027600s ]
INFO: [ view_filter ] --START--
INFO: Run Behavior\WriteHtmlCacheBehavior [ RunTime:0.000745s ]
INFO: [ view_filter ] --END-- [ RunTime:0.001906s ]
INFO: [ app_end ] --START--
INFO: Run Behavior\ShowPageTraceBehavior [ RunTime:0.000941s ]
INFO: [ app_end ] --END-- [ RunTime:0.001107s ]

[ 2016-02-28T14:24:37+08:00 ] 127.0.0.1 /index.php/index/program/u/php/p/1.html
INFO: [ app_init ] --START--
INFO: Run Behavior\BuildLiteBehavior [ RunTime:0.000039s ]
INFO: [ app_init ] --END-- [ RunTime:0.000752s ]
INFO: [ app_begin ] --START--
INFO: Run Behavior\ReadHtmlCacheBehavior [ RunTime:0.000942s ]
INFO: [ app_begin ] --END-- [ RunTime:0.001134s ]
SQL: SHOW COLUMNS FROM `tp_article` [ RunTime:0.0134s ]
SQL: SHOW COLUMNS FROM `tp_program` [ RunTime:0.0069s ]
SQL: SELECT `pro_url` FROM `tp_program` WHERE ( pro_id=1 ) LIMIT 1   [ RunTime:0.0012s ]
SQL: SELECT `pro_name` FROM `tp_program` WHERE ( pro_id=1 ) LIMIT 1   [ RunTime:0.0004s ]
SQL: SELECT `pro_id`,`pro_name`,`pro_url` FROM `tp_program` WHERE ( pro_topid=1 )  [ RunTime:0.0005s ]
SQL: SELECT COUNT(*) AS tp_count FROM `tp_article` WHERE ( art_topid=19 ) LIMIT 1   [ RunTime:0.0005s ]
SQL: SELECT a.art_id,a.art_title,a.art_purl,a.art_description,a.art_writer,a.art_topid,a.art_click,a.art_source,a.art_time,p.pro_name FROM tp_article a left join tp_program p on a.art_topid=p.pro_id  WHERE ( art_topid=19 ) ORDER BY art_id desc LIMIT 0,3   [ RunTime:0.0015s ]
SQL: SELECT `art_id`,`art_title` FROM `tp_article` WHERE ( art_topid=19 ) ORDER BY art_click LIMIT 5   [ RunTime:0.0011s ]
SQL: SELECT `art_id`,`art_title` FROM `tp_article` WHERE ( art_topid=19 and art_recommend=1 ) ORDER BY art_click LIMIT 5   [ RunTime:0.0006s ]
SQL: SELECT `pro_name` FROM `tp_program` WHERE ( pro_url='program' ) LIMIT 1   [ RunTime:0.0005s ]
SQL: SELECT `pro_name` FROM `tp_program` WHERE ( pro_url='php' ) LIMIT 1   [ RunTime:0.0003s ]
INFO: [ view_parse ] --START--
INFO: [ template_filter ] --START--
INFO: Run Behavior\ContentReplaceBehavior [ RunTime:0.000202s ]
INFO: [ template_filter ] --END-- [ RunTime:0.000507s ]
INFO: Run Behavior\ParseTemplateBehavior [ RunTime:0.030231s ]
INFO: [ view_parse ] --END-- [ RunTime:0.030451s ]
INFO: [ view_filter ] --START--
INFO: Run Behavior\WriteHtmlCacheBehavior [ RunTime:0.000868s ]
INFO: [ view_filter ] --END-- [ RunTime:0.002226s ]
INFO: [ app_end ] --START--
INFO: Run Behavior\ShowPageTraceBehavior [ RunTime:0.001419s ]
INFO: [ app_end ] --END-- [ RunTime:0.001642s ]

[ 2016-02-28T14:24:40+08:00 ] 127.0.0.1 /index.php/index/program/u/tools/p/1.html
INFO: [ app_init ] --START--
INFO: Run Behavior\BuildLiteBehavior [ RunTime:0.000050s ]
INFO: [ app_init ] --END-- [ RunTime:0.001132s ]
INFO: [ app_begin ] --START--
INFO: Run Behavior\ReadHtmlCacheBehavior [ RunTime:0.001129s ]
INFO: [ app_begin ] --END-- [ RunTime:0.001337s ]
SQL: SHOW COLUMNS FROM `tp_article` [ RunTime:0.0075s ]
SQL: SHOW COLUMNS FROM `tp_program` [ RunTime:0.0101s ]
SQL: SELECT `pro_url` FROM `tp_program` WHERE ( pro_id=1 ) LIMIT 1   [ RunTime:0.0005s ]
SQL: SELECT `pro_name` FROM `tp_program` WHERE ( pro_id=1 ) LIMIT 1   [ RunTime:0.0005s ]
SQL: SELECT `pro_id`,`pro_name`,`pro_url` FROM `tp_program` WHERE ( pro_topid=1 )  [ RunTime:0.0006s ]
SQL: SELECT COUNT(*) AS tp_count FROM `tp_article` WHERE ( art_topid=20 ) LIMIT 1   [ RunTime:0.0007s ]
SQL: SELECT a.art_id,a.art_title,a.art_purl,a.art_description,a.art_writer,a.art_topid,a.art_click,a.art_source,a.art_time,p.pro_name FROM tp_article a left join tp_program p on a.art_topid=p.pro_id  WHERE ( art_topid=20 ) ORDER BY art_id desc LIMIT 0,3   [ RunTime:0.0011s ]
SQL: SELECT `art_id`,`art_title` FROM `tp_article` WHERE ( art_topid=20 ) ORDER BY art_click LIMIT 5   [ RunTime:0.0011s ]
SQL: SELECT `art_id`,`art_title` FROM `tp_article` WHERE ( art_topid=20 and art_recommend=1 ) ORDER BY art_click LIMIT 5   [ RunTime:0.0066s ]
SQL: SELECT `pro_name` FROM `tp_program` WHERE ( pro_url='program' ) LIMIT 1   [ RunTime:0.0018s ]
SQL: SELECT `pro_name` FROM `tp_program` WHERE ( pro_url='tools' ) LIMIT 1   [ RunTime:0.0006s ]
INFO: [ view_parse ] --START--
INFO: [ template_filter ] --START--
INFO: Run Behavior\ContentReplaceBehavior [ RunTime:0.000187s ]
INFO: [ template_filter ] --END-- [ RunTime:0.000367s ]
INFO: Run Behavior\ParseTemplateBehavior [ RunTime:0.023306s ]
INFO: [ view_parse ] --END-- [ RunTime:0.023502s ]
INFO: [ view_filter ] --START--
INFO: Run Behavior\WriteHtmlCacheBehavior [ RunTime:0.000713s ]
INFO: [ view_filter ] --END-- [ RunTime:0.000880s ]
INFO: [ app_end ] --START--
INFO: Run Behavior\ShowPageTraceBehavior [ RunTime:0.000995s ]
INFO: [ app_end ] --END-- [ RunTime:0.001170s ]

[ 2016-02-28T14:24:42+08:00 ] 127.0.0.1 /index.php/index/program/u/wars/p/1.html
INFO: [ app_init ] --START--
INFO: Run Behavior\BuildLiteBehavior [ RunTime:0.000070s ]
INFO: [ app_init ] --END-- [ RunTime:0.001260s ]
INFO: [ app_begin ] --START--
INFO: Run Behavior\ReadHtmlCacheBehavior [ RunTime:0.001517s ]
INFO: [ app_begin ] --END-- [ RunTime:0.001796s ]
SQL: SHOW COLUMNS FROM `tp_article` [ RunTime:0.0068s ]
SQL: SHOW COLUMNS FROM `tp_program` [ RunTime:0.0158s ]
SQL: SELECT `pro_url` FROM `tp_program` WHERE ( pro_id=1 ) LIMIT 1   [ RunTime:0.0012s ]
SQL: SELECT `pro_name` FROM `tp_program` WHERE ( pro_id=1 ) LIMIT 1   [ RunTime:0.0026s ]
SQL: SELECT `pro_id`,`pro_name`,`pro_url` FROM `tp_program` WHERE ( pro_topid=1 )  [ RunTime:0.0007s ]
SQL: SELECT COUNT(*) AS tp_count FROM `tp_article` WHERE ( art_topid=21 ) LIMIT 1   [ RunTime:0.0006s ]
SQL: SELECT a.art_id,a.art_title,a.art_purl,a.art_description,a.art_writer,a.art_topid,a.art_click,a.art_source,a.art_time,p.pro_name FROM tp_article a left join tp_program p on a.art_topid=p.pro_id  WHERE ( art_topid=21 ) ORDER BY art_id desc LIMIT 0,3   [ RunTime:0.0009s ]
SQL: SELECT `art_id`,`art_title` FROM `tp_article` WHERE ( art_topid=21 ) ORDER BY art_click LIMIT 5   [ RunTime:0.0010s ]
SQL: SELECT `art_id`,`art_title` FROM `tp_article` WHERE ( art_topid=21 and art_recommend=1 ) ORDER BY art_click LIMIT 5   [ RunTime:0.0027s ]
SQL: SELECT `pro_name` FROM `tp_program` WHERE ( pro_url='program' ) LIMIT 1   [ RunTime:0.0077s ]
SQL: SELECT `pro_name` FROM `tp_program` WHERE ( pro_url='wars' ) LIMIT 1   [ RunTime:0.0009s ]
INFO: [ view_parse ] --START--
INFO: [ template_filter ] --START--
INFO: Run Behavior\ContentReplaceBehavior [ RunTime:0.000196s ]
INFO: [ template_filter ] --END-- [ RunTime:0.001047s ]
INFO: Run Behavior\ParseTemplateBehavior [ RunTime:0.033274s ]
INFO: [ view_parse ] --END-- [ RunTime:0.033480s ]
INFO: [ view_filter ] --START--
INFO: Run Behavior\WriteHtmlCacheBehavior [ RunTime:0.000517s ]
INFO: [ view_filter ] --END-- [ RunTime:0.000666s ]
INFO: [ app_end ] --START--
INFO: Run Behavior\ShowPageTraceBehavior [ RunTime:0.000822s ]
INFO: [ app_end ] --END-- [ RunTime:0.000973s ]

[ 2016-02-28T14:24:45+08:00 ] 127.0.0.1 /index.php/index/program/p/1.html
INFO: [ app_init ] --START--
INFO: Run Behavior\BuildLiteBehavior [ RunTime:0.000037s ]
INFO: [ app_init ] --END-- [ RunTime:0.000731s ]
INFO: [ app_begin ] --START--
INFO: Run Behavior\ReadHtmlCacheBehavior [ RunTime:0.001604s ]
INFO: [ app_begin ] --END-- [ RunTime:0.001869s ]
SQL: SHOW COLUMNS FROM `tp_article` [ RunTime:0.0085s ]
SQL: SHOW COLUMNS FROM `tp_program` [ RunTime:0.0085s ]
SQL: SELECT `pro_url` FROM `tp_program` WHERE ( pro_id=1 ) LIMIT 1   [ RunTime:0.0019s ]
SQL: SELECT `pro_name` FROM `tp_program` WHERE ( pro_id=1 ) LIMIT 1   [ RunTime:0.0004s ]
NOTIC: [8] Undefined index: u E:\www\mynote2\Application\Home\Controller\IndexController.class.php 第 278 行.
SQL: SELECT `pro_id`,`pro_name`,`pro_url` FROM `tp_program` WHERE ( pro_topid=1 )  [ RunTime:0.0005s ]
SQL: SELECT COUNT(*) AS tp_count FROM `tp_article` WHERE `art_topid` IN ('19','20','21','22') LIMIT 1   [ RunTime:0.0007s ]
SQL: SELECT a.art_id,a.art_purl,a.art_title,a.art_description,a.art_writer,a.art_topid,a.art_click,a.art_source,a.art_time,p.pro_name FROM tp_article a left join tp_program p on a.art_topid=p.pro_id  WHERE `pro_id` IN ('19','20','21','22') ORDER BY art_id desc LIMIT 0,3   [ RunTime:0.0011s ]
SQL: SELECT `art_id`,`art_title` FROM `tp_article` WHERE `art_topid` IN ('19','20','21','22') ORDER BY art_click LIMIT 5   [ RunTime:0.0004s ]
SQL: SELECT `art_id`,`art_title` FROM `tp_article` WHERE `art_topid` IN ('19','20','21','22') AND ( art_recommend=1 ) ORDER BY art_click LIMIT 5   [ RunTime:0.0004s ]
SQL: SELECT `pro_name` FROM `tp_program` WHERE ( pro_url='program' ) LIMIT 1   [ RunTime:0.0004s ]
INFO: [ view_parse ] --START--
INFO: [ template_filter ] --START--
INFO: Run Behavior\ContentReplaceBehavior [ RunTime:0.000177s ]
INFO: [ template_filter ] --END-- [ RunTime:0.000351s ]
INFO: Run Behavior\ParseTemplateBehavior [ RunTime:0.024055s ]
INFO: [ view_parse ] --END-- [ RunTime:0.024227s ]
INFO: [ view_filter ] --START--
INFO: Run Behavior\WriteHtmlCacheBehavior [ RunTime:0.000516s ]
INFO: [ view_filter ] --END-- [ RunTime:0.000666s ]
INFO: [ app_end ] --START--
INFO: Run Behavior\ShowPageTraceBehavior [ RunTime:0.000811s ]
INFO: [ app_end ] --END-- [ RunTime:0.000963s ]

