[ 2016-02-27T14:22:33+08:00 ] 127.0.0.1 /
INFO: [ app_init ] --START--
INFO: Run Behavior\BuildLiteBehavior [ RunTime:0.000069s ]
INFO: [ app_init ] --END-- [ RunTime:0.001607s ]
INFO: [ app_begin ] --START--
INFO: Run Behavior\ReadHtmlCacheBehavior [ RunTime:0.005369s ]
INFO: [ app_begin ] --END-- [ RunTime:0.005728s ]
SQL: SHOW COLUMNS FROM `tp_article` [ RunTime:0.0380s ]
SQL: SHOW COLUMNS FROM `tp_program` [ RunTime:0.0298s ]
SQL: SELECT a.art_id,a.art_title,a.art_purl,a.art_description,a.art_writer,a.art_topid,a.art_click,a.art_source,a.art_time,p.pro_name FROM tp_article a left join tp_program p on a.art_topid=p.pro_id  WHERE ( a.art_topid>0 ) ORDER BY art_id desc LIMIT 5   [ RunTime:0.0773s ]
SQL: SELECT `pro_id`,`pro_name`,`pro_url` FROM `tp_program` WHERE ( pro_topid=1 )  [ RunTime:0.0008s ]
SQL: SELECT `pro_id`,`pro_name`,`pro_url` FROM `tp_program` WHERE ( pro_topid=2 )  [ RunTime:0.0004s ]
SQL: SELECT `art_id`,`art_title` FROM `tp_article` WHERE `art_topid` IN ('3','4','5','6') ORDER BY art_id desc LIMIT 5   [ RunTime:0.0072s ]
SQL: SELECT `art_id`,`art_title` FROM `tp_article` WHERE `art_topid` IN ('7','8','9','10') ORDER BY art_id desc LIMIT 5   [ RunTime:0.0008s ]
INFO: [ view_parse ] --START--
INFO: [ template_filter ] --START--
INFO: Run Behavior\ContentReplaceBehavior [ RunTime:0.000252s ]
INFO: [ template_filter ] --END-- [ RunTime:0.000536s ]
INFO: Run Behavior\ParseTemplateBehavior [ RunTime:0.079608s ]
INFO: [ view_parse ] --END-- [ RunTime:0.079978s ]
INFO: [ view_filter ] --START--
INFO: Run Behavior\WriteHtmlCacheBehavior [ RunTime:0.001114s ]
INFO: [ view_filter ] --END-- [ RunTime:0.001396s ]
INFO: [ app_end ] --START--
INFO: Run Behavior\ShowPageTraceBehavior [ RunTime:0.001863s ]
INFO: [ app_end ] --END-- [ RunTime:0.002164s ]

[ 2016-02-27T14:22:38+08:00 ] 127.0.0.1 /index.php/index/art/id/31.html
INFO: [ app_init ] --START--
INFO: Run Behavior\BuildLiteBehavior [ RunTime:0.000082s ]
INFO: [ app_init ] --END-- [ RunTime:0.002234s ]
INFO: [ app_begin ] --START--
INFO: Run Behavior\ReadHtmlCacheBehavior [ RunTime:0.001389s ]
INFO: [ app_begin ] --END-- [ RunTime:0.001706s ]
SQL: SHOW COLUMNS FROM `tp_article` [ RunTime:0.0111s ]
SQL: SELECT `art_click` FROM `tp_article` WHERE ( art_id=31 ) LIMIT 1   [ RunTime:0.0238s ]
SQL: UPDATE `tp_article` SET `art_click`='85' WHERE ( art_id=31 ) [ RunTime:0.0400s ]
SQL: SELECT a.art_topid,p.pro_name,p.pro_url,p.pro_topid FROM tp_article a left join tp_program p on a.art_topid=p.pro_id  WHERE ( art_id=31 ) LIMIT 1   [ RunTime:0.0007s ]
SQL: SHOW COLUMNS FROM `tp_program` [ RunTime:0.0103s ]
SQL: SELECT `pro_name`,`pro_url` FROM `tp_program` WHERE ( pro_id=1 ) LIMIT 1   [ RunTime:0.0007s ]
SQL: SELECT * FROM `tp_article` WHERE ( art_id=31 ) LIMIT 1   [ RunTime:0.0008s ]
SQL: SELECT `art_id`,`art_title` FROM `tp_article` WHERE ( art_topid=5 ) ORDER BY art_click LIMIT 5   [ RunTime:0.0008s ]
SQL: SELECT `art_id`,`art_title` FROM `tp_article` WHERE ( art_recommend=1 ) ORDER BY art_click LIMIT 5   [ RunTime:0.0005s ]
SQL: SELECT `art_id` FROM `tp_article` WHERE ( art_topid=5 )  [ RunTime:0.0005s ]
NOTIC: [8] Undefined offset: -1 E:\www\mynote2\Application\Home\Controller\IndexController.class.php 第 145 行.
SQL: SELECT `art_title` FROM `tp_article` WHERE ( art_id=29 ) LIMIT 1   [ RunTime:0.0004s ]
SQL: SELECT a.art_topid,p.pro_name,p.pro_url,p.pro_topid FROM tp_article a left join tp_program p on a.art_topid=p.pro_id  WHERE ( art_id=31 ) LIMIT 1   [ RunTime:0.0026s ]
SQL: SELECT `pro_name`,`pro_url` FROM `tp_program` WHERE ( pro_id=1 ) LIMIT 1   [ RunTime:0.0009s ]
INFO: [ view_parse ] --START--
INFO: [ template_filter ] --START--
INFO: Run Behavior\ContentReplaceBehavior [ RunTime:0.000237s ]
INFO: [ template_filter ] --END-- [ RunTime:0.000527s ]
NOTIC: [8] Undefined variable: pros E:\www\mynote2\Application\Runtime\Cache\Home\90f46c694e5072416172d26c4d242c62.php 第 95 行.
INFO: Run Behavior\ParseTemplateBehavior [ RunTime:0.063775s ]
INFO: [ view_parse ] --END-- [ RunTime:0.064096s ]
INFO: [ view_filter ] --START--
INFO: Run Behavior\WriteHtmlCacheBehavior [ RunTime:0.000986s ]
INFO: [ view_filter ] --END-- [ RunTime:0.001265s ]
INFO: [ app_end ] --START--
INFO: Run Behavior\ShowPageTraceBehavior [ RunTime:0.001514s ]
INFO: [ app_end ] --END-- [ RunTime:0.001813s ]

[ 2016-02-27T14:25:10+08:00 ] 127.0.0.1 /index.php/index/about.html
INFO: [ app_init ] --START--
INFO: Run Behavior\BuildLiteBehavior [ RunTime:0.000067s ]
INFO: [ app_init ] --END-- [ RunTime:0.001350s ]
INFO: [ app_begin ] --START--
INFO: Run Behavior\ReadHtmlCacheBehavior [ RunTime:0.002384s ]
INFO: [ app_begin ] --END-- [ RunTime:0.002753s ]
SQL: SHOW COLUMNS FROM `tp_article` [ RunTime:0.0118s ]
SQL: SHOW COLUMNS FROM `tp_program` [ RunTime:0.0096s ]
SQL: SELECT `art_click` FROM `tp_article` WHERE ( art_topid=-1 ) LIMIT 1   [ RunTime:0.0192s ]
SQL: UPDATE `tp_article` SET `art_click`='90' WHERE ( art_topid=-1 ) [ RunTime:0.0014s ]
SQL: SELECT * FROM `tp_article` WHERE ( art_topid=-1 ) LIMIT 1   [ RunTime:0.0016s ]
SQL: SELECT `pro_id`,`pro_name`,`pro_url` FROM `tp_program` WHERE ( pro_topid=1 )  [ RunTime:0.0012s ]
SQL: SELECT `pro_id`,`pro_name`,`pro_url` FROM `tp_program` WHERE ( pro_topid=2 )  [ RunTime:0.0012s ]
SQL: SELECT `art_id`,`art_title` FROM `tp_article` WHERE `art_topid` IN ('3','4','5','6') ORDER BY art_id desc LIMIT 5   [ RunTime:0.0008s ]
SQL: SELECT `art_id`,`art_title` FROM `tp_article` WHERE `art_topid` IN ('7','8','9','10') ORDER BY art_id desc LIMIT 5   [ RunTime:0.0009s ]
INFO: [ view_parse ] --START--
INFO: [ template_filter ] --START--
INFO: Run Behavior\ContentReplaceBehavior [ RunTime:0.000227s ]
INFO: [ template_filter ] --END-- [ RunTime:0.000528s ]
INFO: Run Behavior\ParseTemplateBehavior [ RunTime:0.046586s ]
INFO: [ view_parse ] --END-- [ RunTime:0.047040s ]
INFO: [ view_filter ] --START--
INFO: Run Behavior\WriteHtmlCacheBehavior [ RunTime:0.001422s ]
INFO: [ view_filter ] --END-- [ RunTime:0.001745s ]
INFO: [ app_end ] --START--
INFO: Run Behavior\ShowPageTraceBehavior [ RunTime:0.001727s ]
INFO: [ app_end ] --END-- [ RunTime:0.002032s ]

[ 2016-02-27T15:01:45+08:00 ] 127.0.0.1 /
INFO: [ app_init ] --START--
INFO: Run Behavior\BuildLiteBehavior [ RunTime:0.000072s ]
INFO: [ app_init ] --END-- [ RunTime:0.001537s ]
INFO: [ app_begin ] --START--
INFO: Run Behavior\ReadHtmlCacheBehavior [ RunTime:0.001662s ]
INFO: [ app_begin ] --END-- [ RunTime:0.002008s ]
SQL: SHOW COLUMNS FROM `tp_article` [ RunTime:0.0394s ]
SQL: SHOW COLUMNS FROM `tp_program` [ RunTime:0.0279s ]
SQL: SELECT a.art_id,a.art_title,a.art_purl,a.art_description,a.art_writer,a.art_topid,a.art_click,a.art_source,a.art_time,p.pro_name FROM tp_article a left join tp_program p on a.art_topid=p.pro_id  WHERE ( a.art_topid>0 ) ORDER BY art_id desc LIMIT 5   [ RunTime:0.0020s ]
SQL: SELECT `pro_id`,`pro_name`,`pro_url` FROM `tp_program` WHERE ( pro_topid=1 )  [ RunTime:0.0009s ]
SQL: SELECT `pro_id`,`pro_name`,`pro_url` FROM `tp_program` WHERE ( pro_topid=2 )  [ RunTime:0.0009s ]
SQL: SELECT `art_id`,`art_title` FROM `tp_article` WHERE `art_topid` IN ('3','4','5','6') ORDER BY art_id desc LIMIT 5   [ RunTime:0.0012s ]
SQL: SELECT `art_id`,`art_title` FROM `tp_article` WHERE `art_topid` IN ('7','8','9','10') ORDER BY art_id desc LIMIT 5   [ RunTime:0.0009s ]
INFO: [ view_parse ] --START--
INFO: [ template_filter ] --START--
INFO: Run Behavior\ContentReplaceBehavior [ RunTime:0.000263s ]
INFO: [ template_filter ] --END-- [ RunTime:0.000557s ]
INFO: Run Behavior\ParseTemplateBehavior [ RunTime:0.037208s ]
INFO: [ view_parse ] --END-- [ RunTime:0.037569s ]
INFO: [ view_filter ] --START--
INFO: Run Behavior\WriteHtmlCacheBehavior [ RunTime:0.001356s ]
INFO: [ view_filter ] --END-- [ RunTime:0.001680s ]
INFO: [ app_end ] --START--
INFO: Run Behavior\ShowPageTraceBehavior [ RunTime:0.001927s ]
INFO: [ app_end ] --END-- [ RunTime:0.002265s ]

[ 2016-02-27T15:01:48+08:00 ] 127.0.0.1 /index.php/index/program/p/1.html
INFO: [ app_init ] --START--
INFO: Run Behavior\BuildLiteBehavior [ RunTime:0.000084s ]
INFO: [ app_init ] --END-- [ RunTime:0.001290s ]
INFO: [ app_begin ] --START--
INFO: Run Behavior\ReadHtmlCacheBehavior [ RunTime:0.001325s ]
INFO: [ app_begin ] --END-- [ RunTime:0.001665s ]
SQL: SHOW COLUMNS FROM `tp_article` [ RunTime:0.0103s ]
SQL: SHOW COLUMNS FROM `tp_program` [ RunTime:0.0100s ]
SQL: SELECT `pro_url` FROM `tp_program` WHERE ( pro_id=1 ) LIMIT 1   [ RunTime:0.0013s ]
SQL: SELECT `pro_name` FROM `tp_program` WHERE ( pro_id=1 ) LIMIT 1   [ RunTime:0.0008s ]
NOTIC: [8] Undefined index: u E:\www\mynote2\Application\Home\Controller\IndexController.class.php 第 274 行.
SQL: SELECT `pro_id`,`pro_name`,`pro_url` FROM `tp_program` WHERE ( pro_topid=1 )  [ RunTime:0.0005s ]
SQL: SELECT COUNT(*) AS tp_count FROM `tp_article` WHERE `art_topid` IN ('3','4','5','6') LIMIT 1   [ RunTime:0.0005s ]
SQL: SELECT a.art_id,a.art_purl,a.art_title,a.art_description,a.art_writer,a.art_topid,a.art_click,a.art_source,a.art_time,p.pro_name FROM tp_article a left join tp_program p on a.art_topid=p.pro_id  WHERE `pro_id` IN ('3','4','5','6') ORDER BY art_id desc LIMIT 0,3   [ RunTime:0.0035s ]
SQL: SELECT `art_id`,`art_title` FROM `tp_article` WHERE `art_topid` IN ('3','4','5','6') ORDER BY art_click LIMIT 5   [ RunTime:0.0010s ]
SQL: SELECT `art_id`,`art_title` FROM `tp_article` WHERE `art_topid` IN ('3','4','5','6') AND ( art_recommend=1 ) ORDER BY art_click LIMIT 5   [ RunTime:0.0014s ]
SQL: SELECT `pro_name` FROM `tp_program` WHERE ( pro_url='program' ) LIMIT 1   [ RunTime:0.0013s ]
INFO: [ view_parse ] --START--
INFO: [ template_filter ] --START--
INFO: Run Behavior\ContentReplaceBehavior [ RunTime:0.000272s ]
INFO: [ template_filter ] --END-- [ RunTime:0.000576s ]
INFO: Run Behavior\ParseTemplateBehavior [ RunTime:0.059712s ]
INFO: [ view_parse ] --END-- [ RunTime:0.060049s ]
INFO: [ view_filter ] --START--
INFO: Run Behavior\WriteHtmlCacheBehavior [ RunTime:0.000986s ]
INFO: [ view_filter ] --END-- [ RunTime:0.001279s ]
INFO: [ app_end ] --START--
INFO: Run Behavior\ShowPageTraceBehavior [ RunTime:0.001637s ]
INFO: [ app_end ] --END-- [ RunTime:0.001980s ]

[ 2016-02-27T15:01:50+08:00 ] 127.0.0.1 /index.php/index/art/id/1/p/1.html
INFO: [ app_init ] --START--
INFO: Run Behavior\BuildLiteBehavior [ RunTime:0.000068s ]
INFO: [ app_init ] --END-- [ RunTime:0.001203s ]
INFO: [ app_begin ] --START--
INFO: Run Behavior\ReadHtmlCacheBehavior [ RunTime:0.001344s ]
INFO: [ app_begin ] --END-- [ RunTime:0.001670s ]
SQL: SHOW COLUMNS FROM `tp_article` [ RunTime:0.0098s ]
SQL: SHOW COLUMNS FROM `tp_program` [ RunTime:0.0080s ]
SQL: SELECT `art_click` FROM `tp_article` WHERE ( art_id=1 ) LIMIT 1   [ RunTime:0.0015s ]
SQL: UPDATE `tp_article` SET `art_click`='85' WHERE ( art_id=1 ) [ RunTime:0.0057s ]
SQL: SELECT a.art_topid,p.pro_name,p.pro_url,p.pro_topid FROM tp_article a left join tp_program p on a.art_topid=p.pro_id  WHERE ( art_id=1 ) LIMIT 1   [ RunTime:0.0012s ]
SQL: SELECT `pro_name`,`pro_url` FROM `tp_program` WHERE ( pro_id=1 ) LIMIT 1   [ RunTime:0.0010s ]
SQL: SELECT * FROM `tp_article` WHERE ( art_id=1 ) LIMIT 1   [ RunTime:0.0011s ]
ERR: 1054:Unknown column 'pro_purl' in 'field list'
 [ SQL语句 ] : SELECT `pro_purl`,`pro_name`,`pro_topid` FROM `tp_program` WHERE ( pro_id=3 ) 
ERR: 1054:Unknown column 'pro_purl' in 'field list'
 [ SQL语句 ] : SELECT `pro_purl`,`pro_name`,`pro_topid` FROM `tp_program` WHERE ( pro_id=3 ) 

[ 2016-02-27T15:02:11+08:00 ] 127.0.0.1 /index.php/index/art/id/1/p/1.html
INFO: [ app_init ] --START--
INFO: Run Behavior\BuildLiteBehavior [ RunTime:0.000121s ]
INFO: [ app_init ] --END-- [ RunTime:0.001644s ]
INFO: [ app_begin ] --START--
INFO: Run Behavior\ReadHtmlCacheBehavior [ RunTime:0.001371s ]
INFO: [ app_begin ] --END-- [ RunTime:0.001705s ]
SQL: SHOW COLUMNS FROM `tp_article` [ RunTime:0.0101s ]
SQL: SHOW COLUMNS FROM `tp_program` [ RunTime:0.0082s ]
SQL: SELECT `art_click` FROM `tp_article` WHERE ( art_id=1 ) LIMIT 1   [ RunTime:0.0007s ]
SQL: UPDATE `tp_article` SET `art_click`='86' WHERE ( art_id=1 ) [ RunTime:0.0007s ]
SQL: SELECT a.art_topid,p.pro_name,p.pro_url,p.pro_topid FROM tp_article a left join tp_program p on a.art_topid=p.pro_id  WHERE ( art_id=1 ) LIMIT 1   [ RunTime:0.0007s ]
SQL: SELECT `pro_name`,`pro_url` FROM `tp_program` WHERE ( pro_id=1 ) LIMIT 1   [ RunTime:0.0004s ]
SQL: SELECT * FROM `tp_article` WHERE ( art_id=1 ) LIMIT 1   [ RunTime:0.0005s ]
SQL: SELECT `pro_url`,`pro_name`,`pro_topid` FROM `tp_program` WHERE ( pro_id=3 )  [ RunTime:0.0005s ]
INFO: [ app_end ] --START--
INFO: Run Behavior\ShowPageTraceBehavior [ RunTime:0.001652s ]
INFO: [ app_end ] --END-- [ RunTime:0.002010s ]

[ 2016-02-27T15:11:04+08:00 ] 127.0.0.1 /index.php/index/art/id/1/p/1.html
INFO: [ app_init ] --START--
INFO: Run Behavior\BuildLiteBehavior [ RunTime:0.000067s ]
INFO: [ app_init ] --END-- [ RunTime:0.001250s ]
INFO: [ app_begin ] --START--
INFO: Run Behavior\ReadHtmlCacheBehavior [ RunTime:0.003203s ]
INFO: [ app_begin ] --END-- [ RunTime:0.003562s ]
SQL: SHOW COLUMNS FROM `tp_article` [ RunTime:0.0091s ]
SQL: SHOW COLUMNS FROM `tp_program` [ RunTime:0.0073s ]
SQL: SELECT `art_click` FROM `tp_article` WHERE ( art_id=1 ) LIMIT 1   [ RunTime:0.0006s ]
SQL: UPDATE `tp_article` SET `art_click`='87' WHERE ( art_id=1 ) [ RunTime:0.0006s ]
SQL: SELECT a.art_topid,p.pro_name,p.pro_url,p.pro_topid FROM tp_article a left join tp_program p on a.art_topid=p.pro_id  WHERE ( art_id=1 ) LIMIT 1   [ RunTime:0.0006s ]
SQL: SELECT `pro_name`,`pro_url` FROM `tp_program` WHERE ( pro_id=1 ) LIMIT 1   [ RunTime:0.0004s ]
SQL: SELECT * FROM `tp_article` WHERE ( art_id=1 ) LIMIT 1   [ RunTime:0.0010s ]
SQL: SELECT `pro_id`,`pro_url` FROM `tp_program` WHERE ( pro_id=3 ) LIMIT 1   [ RunTime:0.0009s ]
INFO: [ app_end ] --START--
INFO: Run Behavior\ShowPageTraceBehavior [ RunTime:0.001833s ]
INFO: [ app_end ] --END-- [ RunTime:0.002186s ]

[ 2016-02-27T15:12:26+08:00 ] 127.0.0.1 /index.php/index/art/id/1/p/1.html
INFO: [ app_init ] --START--
INFO: Run Behavior\BuildLiteBehavior [ RunTime:0.000074s ]
INFO: [ app_init ] --END-- [ RunTime:0.001842s ]
INFO: [ app_begin ] --START--
INFO: Run Behavior\ReadHtmlCacheBehavior [ RunTime:0.001325s ]
INFO: [ app_begin ] --END-- [ RunTime:0.001651s ]
SQL: SHOW COLUMNS FROM `tp_article` [ RunTime:0.0081s ]
SQL: SHOW COLUMNS FROM `tp_program` [ RunTime:0.0084s ]
SQL: SELECT `art_click` FROM `tp_article` WHERE ( art_id=1 ) LIMIT 1   [ RunTime:0.0008s ]
SQL: UPDATE `tp_article` SET `art_click`='88' WHERE ( art_id=1 ) [ RunTime:0.0011s ]
SQL: SELECT a.art_topid,p.pro_name,p.pro_url,p.pro_topid FROM tp_article a left join tp_program p on a.art_topid=p.pro_id  WHERE ( art_id=1 ) LIMIT 1   [ RunTime:0.0008s ]
SQL: SELECT `pro_name`,`pro_url` FROM `tp_program` WHERE ( pro_id=1 ) LIMIT 1   [ RunTime:0.0006s ]
SQL: SELECT * FROM `tp_article` WHERE ( art_id=1 ) LIMIT 1   [ RunTime:0.0010s ]
SQL: SELECT `pro_id`,`pro_url` FROM `tp_program` WHERE ( pro_id=3 ) LIMIT 1   [ RunTime:0.0012s ]
SQL: SELECT `pro_url`,`pro_name` FROM `tp_program` WHERE ( pro_topid=3 )  [ RunTime:0.0014s ]
INFO: [ app_end ] --START--
INFO: Run Behavior\ShowPageTraceBehavior [ RunTime:0.001510s ]
INFO: [ app_end ] --END-- [ RunTime:0.001859s ]

[ 2016-02-27T15:13:10+08:00 ] 127.0.0.1 /index.php/index/art/id/1/p/1.html
INFO: [ app_init ] --START--
INFO: Run Behavior\BuildLiteBehavior [ RunTime:0.000073s ]
INFO: [ app_init ] --END-- [ RunTime:0.002422s ]
INFO: [ app_begin ] --START--
INFO: Run Behavior\ReadHtmlCacheBehavior [ RunTime:0.001482s ]
INFO: [ app_begin ] --END-- [ RunTime:0.001828s ]
SQL: SHOW COLUMNS FROM `tp_article` [ RunTime:0.0078s ]
SQL: SHOW COLUMNS FROM `tp_program` [ RunTime:0.0085s ]
SQL: SELECT `art_click` FROM `tp_article` WHERE ( art_id=1 ) LIMIT 1   [ RunTime:0.0007s ]
SQL: UPDATE `tp_article` SET `art_click`='89' WHERE ( art_id=1 ) [ RunTime:0.0006s ]
SQL: SELECT a.art_topid,p.pro_name,p.pro_url,p.pro_topid FROM tp_article a left join tp_program p on a.art_topid=p.pro_id  WHERE ( art_id=1 ) LIMIT 1   [ RunTime:0.0006s ]
SQL: SELECT `pro_name`,`pro_url` FROM `tp_program` WHERE ( pro_id=1 ) LIMIT 1   [ RunTime:0.0004s ]
SQL: SELECT * FROM `tp_article` WHERE ( art_id=1 ) LIMIT 1   [ RunTime:0.0005s ]
SQL: SELECT `pro_id`,`pro_url` FROM `tp_program` WHERE ( pro_id=3 ) LIMIT 1   [ RunTime:0.0009s ]
SQL: SELECT `pro_url`,`pro_name` FROM `tp_program` WHERE ( pro_topid=3 )  [ RunTime:0.0005s ]
INFO: [ app_end ] --START--
INFO: Run Behavior\ShowPageTraceBehavior [ RunTime:0.001631s ]
INFO: [ app_end ] --END-- [ RunTime:0.001941s ]

[ 2016-02-27T15:13:59+08:00 ] 127.0.0.1 /index.php/index/art/id/1/p/1.html
INFO: [ app_init ] --START--
INFO: Run Behavior\BuildLiteBehavior [ RunTime:0.000072s ]
INFO: [ app_init ] --END-- [ RunTime:0.001832s ]
INFO: [ app_begin ] --START--
INFO: Run Behavior\ReadHtmlCacheBehavior [ RunTime:0.001600s ]
INFO: [ app_begin ] --END-- [ RunTime:0.002029s ]
SQL: SHOW COLUMNS FROM `tp_article` [ RunTime:0.0080s ]
SQL: SHOW COLUMNS FROM `tp_program` [ RunTime:0.0086s ]
SQL: SELECT `art_click` FROM `tp_article` WHERE ( art_id=1 ) LIMIT 1   [ RunTime:0.0006s ]
SQL: UPDATE `tp_article` SET `art_click`='90' WHERE ( art_id=1 ) [ RunTime:0.0006s ]
SQL: SELECT a.art_topid,p.pro_name,p.pro_url,p.pro_topid FROM tp_article a left join tp_program p on a.art_topid=p.pro_id  WHERE ( art_id=1 ) LIMIT 1   [ RunTime:0.0005s ]
SQL: SELECT `pro_name`,`pro_url` FROM `tp_program` WHERE ( pro_id=1 ) LIMIT 1   [ RunTime:0.0004s ]
SQL: SELECT * FROM `tp_article` WHERE ( art_id=1 ) LIMIT 1   [ RunTime:0.0005s ]
SQL: SELECT `pro_id`,`pro_url` FROM `tp_program` WHERE ( pro_id=3 ) LIMIT 1   [ RunTime:0.0004s ]
SQL: SELECT `pro_url`,`pro_name` FROM `tp_program` WHERE ( pro_topid=3 )  [ RunTime:0.0004s ]
INFO: [ app_end ] --START--
INFO: Run Behavior\ShowPageTraceBehavior [ RunTime:0.003171s ]
INFO: [ app_end ] --END-- [ RunTime:0.003480s ]

[ 2016-02-27T15:14:01+08:00 ] 127.0.0.1 /index.php/index/art/id/1/p/1.html
INFO: [ app_init ] --START--
INFO: Run Behavior\BuildLiteBehavior [ RunTime:0.000073s ]
INFO: [ app_init ] --END-- [ RunTime:0.003122s ]
INFO: [ app_begin ] --START--
INFO: Run Behavior\ReadHtmlCacheBehavior [ RunTime:0.001342s ]
INFO: [ app_begin ] --END-- [ RunTime:0.001665s ]
SQL: SHOW COLUMNS FROM `tp_article` [ RunTime:0.0077s ]
SQL: SHOW COLUMNS FROM `tp_program` [ RunTime:0.0086s ]
SQL: SELECT `art_click` FROM `tp_article` WHERE ( art_id=1 ) LIMIT 1   [ RunTime:0.0006s ]
SQL: UPDATE `tp_article` SET `art_click`='91' WHERE ( art_id=1 ) [ RunTime:0.0006s ]
SQL: SELECT a.art_topid,p.pro_name,p.pro_url,p.pro_topid FROM tp_article a left join tp_program p on a.art_topid=p.pro_id  WHERE ( art_id=1 ) LIMIT 1   [ RunTime:0.0006s ]
SQL: SELECT `pro_name`,`pro_url` FROM `tp_program` WHERE ( pro_id=1 ) LIMIT 1   [ RunTime:0.0004s ]
SQL: SELECT * FROM `tp_article` WHERE ( art_id=1 ) LIMIT 1   [ RunTime:0.0005s ]
SQL: SELECT `pro_id`,`pro_url` FROM `tp_program` WHERE ( pro_id=3 ) LIMIT 1   [ RunTime:0.0004s ]
SQL: SELECT `pro_url`,`pro_name` FROM `tp_program` WHERE ( pro_topid=3 )  [ RunTime:0.0004s ]
INFO: [ app_end ] --START--
INFO: Run Behavior\ShowPageTraceBehavior [ RunTime:0.003323s ]
INFO: [ app_end ] --END-- [ RunTime:0.003632s ]

[ 2016-02-27T15:14:52+08:00 ] 127.0.0.1 /index.php/index/art/id/1/p/1.html
INFO: [ app_init ] --START--
INFO: Run Behavior\BuildLiteBehavior [ RunTime:0.000068s ]
INFO: [ app_init ] --END-- [ RunTime:0.003692s ]
INFO: [ app_begin ] --START--
INFO: Run Behavior\ReadHtmlCacheBehavior [ RunTime:0.001836s ]
INFO: [ app_begin ] --END-- [ RunTime:0.002168s ]
SQL: SHOW COLUMNS FROM `tp_article` [ RunTime:0.0087s ]
SQL: SHOW COLUMNS FROM `tp_program` [ RunTime:0.0078s ]
SQL: SELECT `art_click` FROM `tp_article` WHERE ( art_id=1 ) LIMIT 1   [ RunTime:0.0010s ]
SQL: UPDATE `tp_article` SET `art_click`='92' WHERE ( art_id=1 ) [ RunTime:0.0015s ]
SQL: SELECT a.art_topid,p.pro_name,p.pro_url,p.pro_topid FROM tp_article a left join tp_program p on a.art_topid=p.pro_id  WHERE ( art_id=1 ) LIMIT 1   [ RunTime:0.0011s ]
SQL: SELECT `pro_name`,`pro_url` FROM `tp_program` WHERE ( pro_id=1 ) LIMIT 1   [ RunTime:0.0006s ]
SQL: SELECT * FROM `tp_article` WHERE ( art_id=1 ) LIMIT 1   [ RunTime:0.0008s ]
SQL: SELECT `pro_id`,`pro_url` FROM `tp_program` WHERE ( pro_id=3 ) LIMIT 1   [ RunTime:0.0005s ]
SQL: SELECT `pro_url`,`pro_name` FROM `tp_program` WHERE ( pro_topid=3 )  [ RunTime:0.0004s ]
INFO: [ app_end ] --START--
INFO: Run Behavior\ShowPageTraceBehavior [ RunTime:0.001443s ]
INFO: [ app_end ] --END-- [ RunTime:0.001749s ]

[ 2016-02-27T15:20:56+08:00 ] 127.0.0.1 /index.php/index/art/id/1/p/1.html
INFO: [ app_init ] --START--
INFO: Run Behavior\BuildLiteBehavior [ RunTime:0.000069s ]
INFO: [ app_init ] --END-- [ RunTime:0.002684s ]
INFO: [ app_begin ] --START--
INFO: Run Behavior\ReadHtmlCacheBehavior [ RunTime:0.001558s ]
INFO: [ app_begin ] --END-- [ RunTime:0.001898s ]
SQL: SHOW COLUMNS FROM `tp_article` [ RunTime:0.0085s ]
SQL: SHOW COLUMNS FROM `tp_program` [ RunTime:0.0100s ]
SQL: SELECT `art_click` FROM `tp_article` WHERE ( art_id=1 ) LIMIT 1   [ RunTime:0.0006s ]
SQL: UPDATE `tp_article` SET `art_click`='93' WHERE ( art_id=1 ) [ RunTime:0.0006s ]
SQL: SELECT a.art_topid,p.pro_name,p.pro_url,p.pro_topid FROM tp_article a left join tp_program p on a.art_topid=p.pro_id  WHERE ( art_id=1 ) LIMIT 1   [ RunTime:0.0006s ]
SQL: SELECT `pro_name`,`pro_url` FROM `tp_program` WHERE ( pro_id=1 ) LIMIT 1   [ RunTime:0.0004s ]
SQL: SELECT * FROM `tp_article` WHERE ( art_id=1 ) LIMIT 1   [ RunTime:0.0005s ]
SQL: SELECT `pro_topid` FROM `tp_program` WHERE ( pro_id=3 ) LIMIT 1   [ RunTime:0.0008s ]
SQL: SELECT `pro_url` FROM `tp_program` WHERE ( pro_id=1 ) LIMIT 1   [ RunTime:0.0009s ]
SQL: SELECT `pro_url`,`pro_name` FROM `tp_program` WHERE ( pro_topid=1 )  [ RunTime:0.0013s ]
INFO: [ app_end ] --START--
INFO: Run Behavior\ShowPageTraceBehavior [ RunTime:0.001724s ]
INFO: [ app_end ] --END-- [ RunTime:0.002035s ]

[ 2016-02-27T15:22:19+08:00 ] 127.0.0.1 /index.php/index/art/id/1/p/1.html
INFO: [ app_init ] --START--
INFO: Run Behavior\BuildLiteBehavior [ RunTime:0.000071s ]
INFO: [ app_init ] --END-- [ RunTime:0.001439s ]
INFO: [ app_begin ] --START--
INFO: Run Behavior\ReadHtmlCacheBehavior [ RunTime:0.001305s ]
INFO: [ app_begin ] --END-- [ RunTime:0.001628s ]
SQL: SHOW COLUMNS FROM `tp_article` [ RunTime:0.0100s ]
SQL: SHOW COLUMNS FROM `tp_program` [ RunTime:0.0079s ]
SQL: SELECT `art_click` FROM `tp_article` WHERE ( art_id=1 ) LIMIT 1   [ RunTime:0.0006s ]
SQL: UPDATE `tp_article` SET `art_click`='94' WHERE ( art_id=1 ) [ RunTime:0.0008s ]
SQL: SELECT a.art_topid,p.pro_name,p.pro_url,p.pro_topid FROM tp_article a left join tp_program p on a.art_topid=p.pro_id  WHERE ( art_id=1 ) LIMIT 1   [ RunTime:0.0012s ]
SQL: SELECT `pro_name`,`pro_url` FROM `tp_program` WHERE ( pro_id=1 ) LIMIT 1   [ RunTime:0.0009s ]
SQL: SELECT * FROM `tp_article` WHERE ( art_id=1 ) LIMIT 1   [ RunTime:0.0014s ]
SQL: SELECT `pro_topid` FROM `tp_program` WHERE ( pro_id=3 ) LIMIT 1   [ RunTime:0.0007s ]
SQL: SELECT `pro_url` FROM `tp_program` WHERE ( pro_id=1 ) LIMIT 1   [ RunTime:0.0004s ]
SQL: SELECT `pro_url`,`pro_name` FROM `tp_program` WHERE ( pro_topid=1 )  [ RunTime:0.0006s ]
SQL: SELECT `art_id`,`art_title` FROM `tp_article` WHERE ( art_topid=3 ) ORDER BY art_click LIMIT 5   [ RunTime:0.0005s ]
SQL: SELECT `art_id`,`art_title` FROM `tp_article` WHERE ( art_recommend=1 ) ORDER BY art_click LIMIT 5   [ RunTime:0.0007s ]
SQL: SELECT `art_id` FROM `tp_article` WHERE ( art_topid=3 )  [ RunTime:0.0009s ]
NOTIC: [8] Undefined offset: -1 E:\www\mynote2\Application\Home\Controller\IndexController.class.php 第 158 行.
SQL: SELECT `art_title` FROM `tp_article` WHERE ( art_id=2 ) LIMIT 1   [ RunTime:0.0010s ]
SQL: SELECT a.art_topid,p.pro_name,p.pro_url,p.pro_topid FROM tp_article a left join tp_program p on a.art_topid=p.pro_id  WHERE ( art_id=1 ) LIMIT 1   [ RunTime:0.0008s ]
SQL: SELECT `pro_name`,`pro_url` FROM `tp_program` WHERE ( pro_id=1 ) LIMIT 1   [ RunTime:0.0004s ]
INFO: [ view_parse ] --START--
INFO: [ template_filter ] --START--
INFO: Run Behavior\ContentReplaceBehavior [ RunTime:0.000247s ]
INFO: [ template_filter ] --END-- [ RunTime:0.000538s ]
INFO: Run Behavior\ParseTemplateBehavior [ RunTime:0.057055s ]
INFO: [ view_parse ] --END-- [ RunTime:0.057393s ]
INFO: [ view_filter ] --START--
INFO: Run Behavior\WriteHtmlCacheBehavior [ RunTime:0.001102s ]
INFO: [ view_filter ] --END-- [ RunTime:0.001406s ]
INFO: [ app_end ] --START--
INFO: Run Behavior\ShowPageTraceBehavior [ RunTime:0.001401s ]
INFO: [ app_end ] --END-- [ RunTime:0.001721s ]

[ 2016-02-27T15:22:29+08:00 ] 127.0.0.1 /index.php/index/art/id/1/p/1.html
INFO: [ app_init ] --START--
INFO: Run Behavior\BuildLiteBehavior [ RunTime:0.000066s ]
INFO: [ app_init ] --END-- [ RunTime:0.001225s ]
INFO: [ app_begin ] --START--
INFO: Run Behavior\ReadHtmlCacheBehavior [ RunTime:0.001460s ]
INFO: [ app_begin ] --END-- [ RunTime:0.001783s ]
SQL: SHOW COLUMNS FROM `tp_article` [ RunTime:0.0087s ]
SQL: SHOW COLUMNS FROM `tp_program` [ RunTime:0.0092s ]
SQL: SELECT `art_click` FROM `tp_article` WHERE ( art_id=1 ) LIMIT 1   [ RunTime:0.0007s ]
SQL: UPDATE `tp_article` SET `art_click`='95' WHERE ( art_id=1 ) [ RunTime:0.0006s ]
SQL: SELECT a.art_topid,p.pro_name,p.pro_url,p.pro_topid FROM tp_article a left join tp_program p on a.art_topid=p.pro_id  WHERE ( art_id=1 ) LIMIT 1   [ RunTime:0.0006s ]
SQL: SELECT `pro_name`,`pro_url` FROM `tp_program` WHERE ( pro_id=1 ) LIMIT 1   [ RunTime:0.0004s ]
SQL: SELECT * FROM `tp_article` WHERE ( art_id=1 ) LIMIT 1   [ RunTime:0.0006s ]
SQL: SELECT `pro_topid` FROM `tp_program` WHERE ( pro_id=3 ) LIMIT 1   [ RunTime:0.0004s ]
SQL: SELECT `pro_url` FROM `tp_program` WHERE ( pro_id=1 ) LIMIT 1   [ RunTime:0.0005s ]
SQL: SELECT `pro_url`,`pro_name` FROM `tp_program` WHERE ( pro_topid=1 )  [ RunTime:0.0016s ]
SQL: SELECT `art_id`,`art_title` FROM `tp_article` WHERE ( art_topid=3 ) ORDER BY art_click LIMIT 5   [ RunTime:0.0008s ]
SQL: SELECT `art_id`,`art_title` FROM `tp_article` WHERE ( art_recommend=1 ) ORDER BY art_click LIMIT 5   [ RunTime:0.0005s ]
SQL: SELECT `art_id` FROM `tp_article` WHERE ( art_topid=3 )  [ RunTime:0.0004s ]
NOTIC: [8] Undefined offset: -1 E:\www\mynote2\Application\Home\Controller\IndexController.class.php 第 158 行.
SQL: SELECT `art_title` FROM `tp_article` WHERE ( art_id=2 ) LIMIT 1   [ RunTime:0.0006s ]
SQL: SELECT a.art_topid,p.pro_name,p.pro_url,p.pro_topid FROM tp_article a left join tp_program p on a.art_topid=p.pro_id  WHERE ( art_id=1 ) LIMIT 1   [ RunTime:0.0006s ]
SQL: SELECT `pro_name`,`pro_url` FROM `tp_program` WHERE ( pro_id=1 ) LIMIT 1   [ RunTime:0.0004s ]
INFO: [ view_parse ] --START--
INFO: [ template_filter ] --START--
INFO: Run Behavior\ContentReplaceBehavior [ RunTime:0.000253s ]
INFO: [ template_filter ] --END-- [ RunTime:0.000546s ]
INFO: Run Behavior\ParseTemplateBehavior [ RunTime:0.034696s ]
INFO: [ view_parse ] --END-- [ RunTime:0.035023s ]
INFO: [ view_filter ] --START--
INFO: Run Behavior\WriteHtmlCacheBehavior [ RunTime:0.001088s ]
INFO: [ view_filter ] --END-- [ RunTime:0.001376s ]
INFO: [ app_end ] --START--
INFO: Run Behavior\ShowPageTraceBehavior [ RunTime:0.001702s ]
INFO: [ app_end ] --END-- [ RunTime:0.002169s ]

